2025-12-11 02:17:05,373 - INFO -  🔧使用 Focal Loss (标签平滑=0.02) 处理难分样本
2025-12-11 02:17:05,373 - INFO - 💾 梯度累积启用: batch_size=64 → accumulation_steps=2 (有效批大小=128)
2025-12-11 02:17:48,342 - INFO - Epoch 1/400 [LR=0.000000]: Train Loss=11.2937 | Train Acc=0.0965 | Val Loss=2.4484 | Val Acc=0.0108 | Val F1=0.0102
2025-12-11 02:17:48,368 - INFO - 💾 保存最佳模型 (F1: 0.0102)
2025-12-11 02:18:27,080 - INFO - Epoch 2/400 [LR=0.000029]: Train Loss=10.7925 | Train Acc=0.0965 | Val Loss=2.4686 | Val Acc=0.0647 | Val F1=0.0531
2025-12-11 02:18:27,166 - INFO - 💾 保存最佳模型 (F1: 0.0531)
2025-12-11 02:19:06,219 - INFO - Epoch 3/400 [LR=0.000059]: Train Loss=10.3485 | Train Acc=0.1204 | Val Loss=2.2811 | Val Acc=0.0755 | Val F1=0.0538
2025-12-11 02:19:06,292 - INFO - 💾 保存最佳模型 (F1: 0.0538)
2025-12-11 02:19:44,643 - INFO - Epoch 4/400 [LR=0.000088]: Train Loss=8.9623 | Train Acc=0.1232 | Val Loss=2.1735 | Val Acc=0.0612 | Val F1=0.0705
2025-12-11 02:19:44,718 - INFO - 💾 保存最佳模型 (F1: 0.0705)
2025-12-11 02:20:22,633 - INFO - Epoch 5/400 [LR=0.000118]: Train Loss=8.7341 | Train Acc=0.1535 | Val Loss=2.0630 | Val Acc=0.0863 | Val F1=0.0862
2025-12-11 02:20:22,720 - INFO - 💾 保存最佳模型 (F1: 0.0862)
2025-12-11 02:21:01,685 - INFO - Epoch 6/400 [LR=0.000147]: Train Loss=6.5042 | Train Acc=0.1847 | Val Loss=1.9831 | Val Acc=0.1475 | Val F1=0.1504
2025-12-11 02:21:01,774 - INFO - 💾 保存最佳模型 (F1: 0.1504)
2025-12-11 02:21:40,414 - INFO - Epoch 7/400 [LR=0.000176]: Train Loss=5.1708 | Train Acc=0.2031 | Val Loss=1.9070 | Val Acc=0.1223 | Val F1=0.1261
2025-12-11 02:22:18,749 - INFO - Epoch 8/400 [LR=0.000206]: Train Loss=5.0669 | Train Acc=0.2243 | Val Loss=1.8491 | Val Acc=0.1259 | Val F1=0.1337
2025-12-11 02:22:57,730 - INFO - Epoch 9/400 [LR=0.000235]: Train Loss=4.2495 | Train Acc=0.2500 | Val Loss=1.8122 | Val Acc=0.1187 | Val F1=0.1267
2025-12-11 02:23:36,113 - INFO - Epoch 10/400 [LR=0.000265]: Train Loss=3.3851 | Train Acc=0.2426 | Val Loss=1.7390 | Val Acc=0.1187 | Val F1=0.1110
2025-12-11 02:24:15,167 - INFO - Epoch 11/400 [LR=0.000294]: Train Loss=2.7686 | Train Acc=0.2822 | Val Loss=1.6553 | Val Acc=0.1187 | Val F1=0.0988
2025-12-11 02:24:53,656 - INFO - Epoch 12/400 [LR=0.000324]: Train Loss=2.9069 | Train Acc=0.2950 | Val Loss=1.6438 | Val Acc=0.1295 | Val F1=0.1028
2025-12-11 02:25:32,099 - INFO - Epoch 13/400 [LR=0.000353]: Train Loss=2.2403 | Train Acc=0.3309 | Val Loss=1.5653 | Val Acc=0.1475 | Val F1=0.1235
2025-12-11 02:26:10,379 - INFO - Epoch 14/400 [LR=0.000382]: Train Loss=2.2030 | Train Acc=0.3180 | Val Loss=1.5624 | Val Acc=0.1367 | Val F1=0.1015
2025-12-11 02:26:49,181 - INFO - Epoch 15/400 [LR=0.000412]: Train Loss=1.7157 | Train Acc=0.3585 | Val Loss=1.5691 | Val Acc=0.1475 | Val F1=0.0999
2025-12-11 02:27:27,393 - INFO - Epoch 16/400 [LR=0.000441]: Train Loss=1.6227 | Train Acc=0.3511 | Val Loss=1.6008 | Val Acc=0.1367 | Val F1=0.0924
2025-12-11 02:28:05,826 - INFO - Epoch 17/400 [LR=0.000471]: Train Loss=1.8073 | Train Acc=0.3824 | Val Loss=1.5207 | Val Acc=0.1619 | Val F1=0.1223
2025-12-11 02:28:44,010 - INFO - Epoch 18/400 [LR=0.000500]: Train Loss=1.4278 | Train Acc=0.3787 | Val Loss=1.4727 | Val Acc=0.1655 | Val F1=0.1332
2025-12-11 02:29:22,972 - INFO - Epoch 19/400 [LR=0.000529]: Train Loss=1.4751 | Train Acc=0.4173 | Val Loss=1.4419 | Val Acc=0.1547 | Val F1=0.1221
2025-12-11 02:30:01,476 - INFO - Epoch 20/400 [LR=0.000559]: Train Loss=1.4577 | Train Acc=0.4026 | Val Loss=1.4118 | Val Acc=0.1691 | Val F1=0.1411
2025-12-11 02:30:40,607 - INFO - Epoch 21/400 [LR=0.000588]: Train Loss=1.4680 | Train Acc=0.3686 | Val Loss=1.3874 | Val Acc=0.1799 | Val F1=0.1554
2025-12-11 02:30:40,690 - INFO - 💾 保存最佳模型 (F1: 0.1554)
2025-12-11 02:31:19,400 - INFO - Epoch 22/400 [LR=0.000618]: Train Loss=1.2414 | Train Acc=0.4035 | Val Loss=1.3712 | Val Acc=0.2086 | Val F1=0.1950
2025-12-11 02:31:19,502 - INFO - 💾 保存最佳模型 (F1: 0.1950)
2025-12-11 02:31:57,531 - INFO - Epoch 23/400 [LR=0.000647]: Train Loss=1.4313 | Train Acc=0.4154 | Val Loss=1.2364 | Val Acc=0.2374 | Val F1=0.2168
2025-12-11 02:31:57,619 - INFO - 💾 保存最佳模型 (F1: 0.2168)
2025-12-11 02:32:36,731 - INFO - Epoch 24/400 [LR=0.000676]: Train Loss=1.1441 | Train Acc=0.4210 | Val Loss=1.3117 | Val Acc=0.2302 | Val F1=0.2137
2025-12-11 02:33:15,283 - INFO - Epoch 25/400 [LR=0.000706]: Train Loss=1.1176 | Train Acc=0.4191 | Val Loss=1.3274 | Val Acc=0.2770 | Val F1=0.2606
2025-12-11 02:33:15,348 - INFO - 💾 保存最佳模型 (F1: 0.2606)
2025-12-11 02:33:54,218 - INFO - Epoch 26/400 [LR=0.000735]: Train Loss=1.2772 | Train Acc=0.4733 | Val Loss=1.2721 | Val Acc=0.2878 | Val F1=0.2866
2025-12-11 02:33:54,295 - INFO - 💾 保存最佳模型 (F1: 0.2866)
2025-12-11 02:34:32,247 - INFO - Epoch 27/400 [LR=0.000765]: Train Loss=1.2915 | Train Acc=0.4743 | Val Loss=1.2925 | Val Acc=0.2374 | Val F1=0.2200
2025-12-11 02:35:10,556 - INFO - Epoch 28/400 [LR=0.000794]: Train Loss=0.9687 | Train Acc=0.4393 | Val Loss=1.1027 | Val Acc=0.2878 | Val F1=0.2663
2025-12-11 02:35:49,093 - INFO - Epoch 29/400 [LR=0.000824]: Train Loss=1.5505 | Train Acc=0.4449 | Val Loss=1.1532 | Val Acc=0.2698 | Val F1=0.2495
2025-12-11 02:36:28,265 - INFO - Epoch 30/400 [LR=0.000853]: Train Loss=1.0460 | Train Acc=0.4917 | Val Loss=1.2302 | Val Acc=0.3129 | Val F1=0.2889
2025-12-11 02:36:28,366 - INFO - 💾 保存最佳模型 (F1: 0.2889)
2025-12-11 02:37:07,024 - INFO - Epoch 31/400 [LR=0.000882]: Train Loss=0.9469 | Train Acc=0.4770 | Val Loss=1.1765 | Val Acc=0.2986 | Val F1=0.2937
2025-12-11 02:37:07,125 - INFO - 💾 保存最佳模型 (F1: 0.2937)
2025-12-11 02:37:45,929 - INFO - Epoch 32/400 [LR=0.000912]: Train Loss=0.8675 | Train Acc=0.4752 | Val Loss=1.1875 | Val Acc=0.3309 | Val F1=0.3022
2025-12-11 02:37:46,014 - INFO - 💾 保存最佳模型 (F1: 0.3022)
2025-12-11 02:38:23,969 - INFO - Epoch 33/400 [LR=0.000941]: Train Loss=1.0645 | Train Acc=0.4540 | Val Loss=1.1728 | Val Acc=0.2986 | Val F1=0.2738
2025-12-11 02:39:02,690 - INFO - Epoch 34/400 [LR=0.000971]: Train Loss=0.9443 | Train Acc=0.4936 | Val Loss=1.1104 | Val Acc=0.3165 | Val F1=0.3032
2025-12-11 02:39:02,788 - INFO - 💾 保存最佳模型 (F1: 0.3032)
2025-12-11 02:39:41,635 - INFO - Epoch 35/400 [LR=0.000995]: Train Loss=1.0204 | Train Acc=0.5101 | Val Loss=1.1782 | Val Acc=0.3489 | Val F1=0.3148
2025-12-11 02:39:41,716 - INFO - 💾 保存最佳模型 (F1: 0.3148)
2025-12-11 02:40:19,982 - INFO - Epoch 36/400 [LR=0.000995]: Train Loss=0.8203 | Train Acc=0.4862 | Val Loss=1.1997 | Val Acc=0.3777 | Val F1=0.3475
2025-12-11 02:40:20,083 - INFO - 💾 保存最佳模型 (F1: 0.3475)
2025-12-11 02:40:58,589 - INFO - Epoch 37/400 [LR=0.000995]: Train Loss=1.6894 | Train Acc=0.5368 | Val Loss=1.1695 | Val Acc=0.3669 | Val F1=0.3453
2025-12-11 02:41:36,874 - INFO - Epoch 38/400 [LR=0.000995]: Train Loss=0.9258 | Train Acc=0.4586 | Val Loss=1.2730 | Val Acc=0.3561 | Val F1=0.3251
2025-12-11 02:42:15,819 - INFO - Epoch 39/400 [LR=0.000994]: Train Loss=1.1101 | Train Acc=0.4908 | Val Loss=1.2011 | Val Acc=0.3741 | Val F1=0.3511
2025-12-11 02:42:15,925 - INFO - 💾 保存最佳模型 (F1: 0.3511)
2025-12-11 02:42:54,426 - INFO - Epoch 40/400 [LR=0.000994]: Train Loss=0.6684 | Train Acc=0.5386 | Val Loss=1.0704 | Val Acc=0.3957 | Val F1=0.3711
2025-12-11 02:42:54,511 - INFO - 💾 保存最佳模型 (F1: 0.3711)
2025-12-11 02:43:33,617 - INFO - Epoch 41/400 [LR=0.000994]: Train Loss=1.1491 | Train Acc=0.5469 | Val Loss=1.0191 | Val Acc=0.4173 | Val F1=0.4098
2025-12-11 02:43:33,702 - INFO - 💾 保存最佳模型 (F1: 0.4098)
2025-12-11 02:44:12,223 - INFO - Epoch 42/400 [LR=0.000994]: Train Loss=1.8740 | Train Acc=0.5000 | Val Loss=1.0915 | Val Acc=0.4137 | Val F1=0.4017
2025-12-11 02:44:51,243 - INFO - Epoch 43/400 [LR=0.000994]: Train Loss=0.9701 | Train Acc=0.4982 | Val Loss=1.1664 | Val Acc=0.4353 | Val F1=0.4258
2025-12-11 02:44:51,349 - INFO - 💾 保存最佳模型 (F1: 0.4258)
2025-12-11 02:45:29,967 - INFO - Epoch 44/400 [LR=0.000994]: Train Loss=0.9259 | Train Acc=0.5662 | Val Loss=0.9440 | Val Acc=0.4460 | Val F1=0.4306
2025-12-11 02:45:30,070 - INFO - 💾 保存最佳模型 (F1: 0.4306)
2025-12-11 02:46:08,460 - INFO - Epoch 45/400 [LR=0.000994]: Train Loss=1.5888 | Train Acc=0.5478 | Val Loss=0.9775 | Val Acc=0.4065 | Val F1=0.4013
2025-12-11 02:46:46,977 - INFO - Epoch 46/400 [LR=0.000993]: Train Loss=1.0383 | Train Acc=0.5744 | Val Loss=1.0637 | Val Acc=0.4245 | Val F1=0.4066
2025-12-11 02:47:25,656 - INFO - Epoch 47/400 [LR=0.000993]: Train Loss=0.6345 | Train Acc=0.5616 | Val Loss=1.0186 | Val Acc=0.4604 | Val F1=0.4358
2025-12-11 02:47:25,740 - INFO - 💾 保存最佳模型 (F1: 0.4358)
2025-12-11 02:48:04,562 - INFO - Epoch 48/400 [LR=0.000993]: Train Loss=1.2222 | Train Acc=0.5588 | Val Loss=1.0929 | Val Acc=0.4317 | Val F1=0.4035
2025-12-11 02:48:43,593 - INFO - Epoch 49/400 [LR=0.000993]: Train Loss=0.7725 | Train Acc=0.5625 | Val Loss=1.3308 | Val Acc=0.3957 | Val F1=0.3670
2025-12-11 02:49:21,972 - INFO - Epoch 50/400 [LR=0.000993]: Train Loss=1.3028 | Train Acc=0.5358 | Val Loss=1.0962 | Val Acc=0.4676 | Val F1=0.4391
2025-12-11 02:49:22,077 - INFO - 💾 保存最佳模型 (F1: 0.4391)
2025-12-11 02:50:00,955 - INFO - Epoch 51/400 [LR=0.000993]: Train Loss=0.7838 | Train Acc=0.5910 | Val Loss=0.9969 | Val Acc=0.4892 | Val F1=0.4728
2025-12-11 02:50:01,028 - INFO - 💾 保存最佳模型 (F1: 0.4728)
2025-12-11 02:50:39,819 - INFO - Epoch 52/400 [LR=0.000993]: Train Loss=0.7046 | Train Acc=0.4926 | Val Loss=1.0498 | Val Acc=0.5072 | Val F1=0.4650
2025-12-11 02:51:17,703 - INFO - Epoch 53/400 [LR=0.000992]: Train Loss=0.6115 | Train Acc=0.6222 | Val Loss=1.2892 | Val Acc=0.4964 | Val F1=0.4415
2025-12-11 02:51:56,866 - INFO - Epoch 54/400 [LR=0.000992]: Train Loss=1.7005 | Train Acc=0.4798 | Val Loss=0.9967 | Val Acc=0.4964 | Val F1=0.4636
2025-12-11 02:52:35,776 - INFO - Epoch 55/400 [LR=0.000992]: Train Loss=0.5642 | Train Acc=0.5616 | Val Loss=0.9069 | Val Acc=0.5504 | Val F1=0.5209
2025-12-11 02:52:35,851 - INFO - 💾 保存最佳模型 (F1: 0.5209)
2025-12-11 02:53:14,146 - INFO - Epoch 56/400 [LR=0.000992]: Train Loss=0.5127 | Train Acc=0.6158 | Val Loss=0.9270 | Val Acc=0.5540 | Val F1=0.5301
2025-12-11 02:53:14,247 - INFO - 💾 保存最佳模型 (F1: 0.5301)
2025-12-11 02:53:53,384 - INFO - Epoch 57/400 [LR=0.000992]: Train Loss=0.6573 | Train Acc=0.5790 | Val Loss=0.9425 | Val Acc=0.5612 | Val F1=0.5262
2025-12-11 02:54:32,187 - INFO - Epoch 58/400 [LR=0.000992]: Train Loss=0.9570 | Train Acc=0.6213 | Val Loss=1.0240 | Val Acc=0.5252 | Val F1=0.5003
2025-12-11 02:55:10,473 - INFO - Epoch 59/400 [LR=0.000991]: Train Loss=0.6867 | Train Acc=0.6149 | Val Loss=0.9641 | Val Acc=0.5576 | Val F1=0.5088
2025-12-11 02:55:49,393 - INFO - Epoch 60/400 [LR=0.000991]: Train Loss=0.7922 | Train Acc=0.6232 | Val Loss=1.2133 | Val Acc=0.5863 | Val F1=0.5446
2025-12-11 02:55:49,494 - INFO - 💾 保存最佳模型 (F1: 0.5446)
2025-12-11 02:56:27,959 - INFO - Epoch 61/400 [LR=0.000991]: Train Loss=0.4933 | Train Acc=0.6700 | Val Loss=1.2525 | Val Acc=0.5288 | Val F1=0.4955
2025-12-11 02:57:06,236 - INFO - Epoch 62/400 [LR=0.000991]: Train Loss=1.1584 | Train Acc=0.6048 | Val Loss=1.4288 | Val Acc=0.5288 | Val F1=0.5008
2025-12-11 02:57:44,869 - INFO - Epoch 63/400 [LR=0.000991]: Train Loss=0.9891 | Train Acc=0.5432 | Val Loss=1.0005 | Val Acc=0.5216 | Val F1=0.4744
2025-12-11 02:58:23,242 - INFO - Epoch 64/400 [LR=0.000991]: Train Loss=0.5729 | Train Acc=0.6710 | Val Loss=1.0537 | Val Acc=0.5468 | Val F1=0.5044
2025-12-11 02:59:02,117 - INFO - Epoch 65/400 [LR=0.000991]: Train Loss=0.5471 | Train Acc=0.6471 | Val Loss=1.2526 | Val Acc=0.5719 | Val F1=0.5203
2025-12-11 02:59:40,246 - INFO - Epoch 66/400 [LR=0.000990]: Train Loss=0.7526 | Train Acc=0.6480 | Val Loss=0.9752 | Val Acc=0.5791 | Val F1=0.5342
2025-12-11 03:00:19,183 - INFO - Epoch 67/400 [LR=0.000990]: Train Loss=0.9395 | Train Acc=0.6397 | Val Loss=0.9702 | Val Acc=0.5576 | Val F1=0.5076
2025-12-11 03:00:57,932 - INFO - Epoch 68/400 [LR=0.000990]: Train Loss=0.9892 | Train Acc=0.6590 | Val Loss=0.8786 | Val Acc=0.5504 | Val F1=0.5094
2025-12-11 03:01:36,224 - INFO - Epoch 69/400 [LR=0.000990]: Train Loss=0.8003 | Train Acc=0.5607 | Val Loss=0.9710 | Val Acc=0.5468 | Val F1=0.5238
2025-12-11 03:02:15,542 - INFO - Epoch 70/400 [LR=0.000990]: Train Loss=1.4876 | Train Acc=0.5855 | Val Loss=1.0145 | Val Acc=0.5755 | Val F1=0.5459
2025-12-11 03:02:15,635 - INFO - 💾 保存最佳模型 (F1: 0.5459)
2025-12-11 03:02:53,751 - INFO - Epoch 71/400 [LR=0.000990]: Train Loss=0.7468 | Train Acc=0.6186 | Val Loss=1.0033 | Val Acc=0.5719 | Val F1=0.5415
2025-12-11 03:03:32,558 - INFO - Epoch 72/400 [LR=0.000990]: Train Loss=1.1897 | Train Acc=0.6075 | Val Loss=1.0512 | Val Acc=0.5540 | Val F1=0.5112
2025-12-11 03:04:11,102 - INFO - Epoch 73/400 [LR=0.000989]: Train Loss=0.7337 | Train Acc=0.5570 | Val Loss=1.2254 | Val Acc=0.5935 | Val F1=0.5296
2025-12-11 03:04:49,623 - INFO - Epoch 74/400 [LR=0.000989]: Train Loss=0.6576 | Train Acc=0.6415 | Val Loss=1.4025 | Val Acc=0.5755 | Val F1=0.5273
2025-12-11 03:05:28,273 - INFO - Epoch 75/400 [LR=0.000989]: Train Loss=0.3778 | Train Acc=0.6673 | Val Loss=1.3569 | Val Acc=0.5899 | Val F1=0.5247
2025-12-11 03:06:06,933 - INFO - Epoch 76/400 [LR=0.000989]: Train Loss=0.4713 | Train Acc=0.6094 | Val Loss=1.2517 | Val Acc=0.6043 | Val F1=0.5273
2025-12-11 03:06:45,509 - INFO - Epoch 77/400 [LR=0.000989]: Train Loss=0.7286 | Train Acc=0.6075 | Val Loss=0.9794 | Val Acc=0.5827 | Val F1=0.5451
2025-12-11 03:07:24,295 - INFO - Epoch 78/400 [LR=0.000989]: Train Loss=0.8390 | Train Acc=0.6471 | Val Loss=1.0808 | Val Acc=0.6187 | Val F1=0.5572
2025-12-11 03:07:24,397 - INFO - 💾 保存最佳模型 (F1: 0.5572)
2025-12-11 03:08:02,106 - INFO - Epoch 79/400 [LR=0.000989]: Train Loss=1.0548 | Train Acc=0.6195 | Val Loss=0.9262 | Val Acc=0.6115 | Val F1=0.5814
2025-12-11 03:08:02,195 - INFO - 💾 保存最佳模型 (F1: 0.5814)
2025-12-11 03:08:41,013 - INFO - Epoch 80/400 [LR=0.000988]: Train Loss=1.4660 | Train Acc=0.6517 | Val Loss=0.9459 | Val Acc=0.5827 | Val F1=0.5488
2025-12-11 03:09:19,996 - INFO - Epoch 81/400 [LR=0.000988]: Train Loss=0.6798 | Train Acc=0.6406 | Val Loss=1.1434 | Val Acc=0.5863 | Val F1=0.5534
2025-12-11 03:09:58,055 - INFO - Epoch 82/400 [LR=0.000988]: Train Loss=0.4494 | Train Acc=0.6507 | Val Loss=1.0921 | Val Acc=0.5899 | Val F1=0.5584
2025-12-11 03:10:36,637 - INFO - Epoch 83/400 [LR=0.000988]: Train Loss=0.7841 | Train Acc=0.6388 | Val Loss=0.9234 | Val Acc=0.5935 | Val F1=0.5791
2025-12-11 03:11:15,102 - INFO - Epoch 84/400 [LR=0.000988]: Train Loss=0.8781 | Train Acc=0.6250 | Val Loss=1.0193 | Val Acc=0.5935 | Val F1=0.5684
2025-12-11 03:11:53,580 - INFO - Epoch 85/400 [LR=0.000988]: Train Loss=0.7419 | Train Acc=0.6360 | Val Loss=1.0044 | Val Acc=0.6223 | Val F1=0.5812
2025-12-11 03:12:32,035 - INFO - Epoch 86/400 [LR=0.000988]: Train Loss=2.1313 | Train Acc=0.5561 | Val Loss=1.0778 | Val Acc=0.6259 | Val F1=0.5780
2025-12-11 03:13:09,730 - INFO - Epoch 87/400 [LR=0.000987]: Train Loss=0.4281 | Train Acc=0.7022 | Val Loss=1.0139 | Val Acc=0.5719 | Val F1=0.5287
2025-12-11 03:13:48,339 - INFO - Epoch 88/400 [LR=0.000987]: Train Loss=1.1651 | Train Acc=0.5763 | Val Loss=1.5625 | Val Acc=0.5396 | Val F1=0.4764
2025-12-11 03:14:27,317 - INFO - Epoch 89/400 [LR=0.000987]: Train Loss=0.6303 | Train Acc=0.6719 | Val Loss=1.0103 | Val Acc=0.6187 | Val F1=0.5838
2025-12-11 03:14:27,411 - INFO - 💾 保存最佳模型 (F1: 0.5838)
2025-12-11 03:15:05,596 - INFO - Epoch 90/400 [LR=0.000987]: Train Loss=0.6834 | Train Acc=0.6700 | Val Loss=1.0356 | Val Acc=0.6115 | Val F1=0.5702
2025-12-11 03:15:44,162 - INFO - Epoch 91/400 [LR=0.000987]: Train Loss=0.8669 | Train Acc=0.6838 | Val Loss=1.1165 | Val Acc=0.5647 | Val F1=0.5133
2025-12-11 03:16:22,850 - INFO - Epoch 92/400 [LR=0.000987]: Train Loss=0.5613 | Train Acc=0.6884 | Val Loss=1.1770 | Val Acc=0.5935 | Val F1=0.5348
2025-12-11 03:17:01,209 - INFO - Epoch 93/400 [LR=0.000986]: Train Loss=1.0368 | Train Acc=0.6618 | Val Loss=1.1371 | Val Acc=0.5791 | Val F1=0.5356
2025-12-11 03:17:39,507 - INFO - Epoch 94/400 [LR=0.000986]: Train Loss=1.3867 | Train Acc=0.6140 | Val Loss=1.0921 | Val Acc=0.5935 | Val F1=0.5597
2025-12-11 03:18:18,772 - INFO - Epoch 95/400 [LR=0.000986]: Train Loss=0.9457 | Train Acc=0.6425 | Val Loss=1.0469 | Val Acc=0.5755 | Val F1=0.5422
2025-12-11 03:18:57,471 - INFO - Epoch 96/400 [LR=0.000986]: Train Loss=0.4083 | Train Acc=0.6728 | Val Loss=1.0877 | Val Acc=0.6043 | Val F1=0.5646
2025-12-11 03:19:36,358 - INFO - Epoch 97/400 [LR=0.000986]: Train Loss=0.4256 | Train Acc=0.6801 | Val Loss=1.5623 | Val Acc=0.5863 | Val F1=0.5222
2025-12-11 03:20:14,448 - INFO - Epoch 98/400 [LR=0.000986]: Train Loss=0.4040 | Train Acc=0.6259 | Val Loss=1.0404 | Val Acc=0.5827 | Val F1=0.5546
2025-12-11 03:20:52,839 - INFO - Epoch 99/400 [LR=0.000986]: Train Loss=0.8867 | Train Acc=0.6949 | Val Loss=1.0228 | Val Acc=0.5899 | Val F1=0.5419
2025-12-11 03:21:31,657 - INFO - Epoch 100/400 [LR=0.000985]: Train Loss=0.9473 | Train Acc=0.6333 | Val Loss=1.5152 | Val Acc=0.5719 | Val F1=0.5218
2025-12-11 03:22:10,617 - INFO - Epoch 101/400 [LR=0.000985]: Train Loss=1.0199 | Train Acc=0.6857 | Val Loss=1.5771 | Val Acc=0.5863 | Val F1=0.5392
2025-12-11 03:22:50,015 - INFO - Epoch 102/400 [LR=0.000985]: Train Loss=0.7657 | Train Acc=0.6838 | Val Loss=1.5187 | Val Acc=0.5827 | Val F1=0.5299
2025-12-11 03:23:29,351 - INFO - Epoch 103/400 [LR=0.000985]: Train Loss=0.5694 | Train Acc=0.7031 | Val Loss=1.4333 | Val Acc=0.5971 | Val F1=0.5387
2025-12-11 03:24:08,507 - INFO - Epoch 104/400 [LR=0.000985]: Train Loss=1.7240 | Train Acc=0.5441 | Val Loss=1.0379 | Val Acc=0.6223 | Val F1=0.5799
2025-12-11 03:24:47,054 - INFO - Epoch 105/400 [LR=0.000985]: Train Loss=0.4752 | Train Acc=0.7059 | Val Loss=1.0600 | Val Acc=0.5791 | Val F1=0.5485
2025-12-11 03:25:25,846 - INFO - Epoch 106/400 [LR=0.000985]: Train Loss=0.8889 | Train Acc=0.6737 | Val Loss=1.0588 | Val Acc=0.5971 | Val F1=0.5538
2025-12-11 03:26:03,764 - INFO - Epoch 107/400 [LR=0.000984]: Train Loss=1.3449 | Train Acc=0.6011 | Val Loss=1.5179 | Val Acc=0.5827 | Val F1=0.5528
2025-12-11 03:26:41,849 - INFO - Epoch 108/400 [LR=0.000984]: Train Loss=0.7518 | Train Acc=0.6930 | Val Loss=1.1759 | Val Acc=0.6007 | Val F1=0.5617
2025-12-11 03:27:20,347 - INFO - Epoch 109/400 [LR=0.000984]: Train Loss=0.3720 | Train Acc=0.6250 | Val Loss=1.0328 | Val Acc=0.5863 | Val F1=0.5558
2025-12-11 03:27:58,398 - INFO - Epoch 110/400 [LR=0.000984]: Train Loss=0.5439 | Train Acc=0.6756 | Val Loss=1.1475 | Val Acc=0.5863 | Val F1=0.5418
2025-12-11 03:28:37,150 - INFO - Epoch 111/400 [LR=0.000984]: Train Loss=0.8769 | Train Acc=0.6305 | Val Loss=1.5933 | Val Acc=0.5899 | Val F1=0.5254
2025-12-11 03:29:16,007 - INFO - Epoch 112/400 [LR=0.000984]: Train Loss=0.3167 | Train Acc=0.6958 | Val Loss=1.6533 | Val Acc=0.5683 | Val F1=0.5038
2025-12-11 03:29:53,936 - INFO - Epoch 113/400 [LR=0.000984]: Train Loss=0.7302 | Train Acc=0.6728 | Val Loss=1.6710 | Val Acc=0.5971 | Val F1=0.5205
2025-12-11 03:30:31,919 - INFO - Epoch 114/400 [LR=0.000983]: Train Loss=1.5760 | Train Acc=0.6213 | Val Loss=1.5072 | Val Acc=0.6187 | Val F1=0.5517
2025-12-11 03:31:10,470 - INFO - Epoch 115/400 [LR=0.000983]: Train Loss=0.6961 | Train Acc=0.6792 | Val Loss=1.4264 | Val Acc=0.5863 | Val F1=0.5440
2025-12-11 03:31:48,936 - INFO - Epoch 116/400 [LR=0.000983]: Train Loss=1.2031 | Train Acc=0.6774 | Val Loss=1.5426 | Val Acc=0.6007 | Val F1=0.5375
2025-12-11 03:32:27,338 - INFO - Epoch 117/400 [LR=0.000983]: Train Loss=1.1520 | Train Acc=0.6250 | Val Loss=1.5441 | Val Acc=0.5755 | Val F1=0.5199
2025-12-11 03:33:05,106 - INFO - Epoch 118/400 [LR=0.000983]: Train Loss=0.4353 | Train Acc=0.7335 | Val Loss=1.5554 | Val Acc=0.5683 | Val F1=0.5332
2025-12-11 03:33:43,939 - INFO - Epoch 119/400 [LR=0.000983]: Train Loss=0.4884 | Train Acc=0.7316 | Val Loss=1.6468 | Val Acc=0.5971 | Val F1=0.5341
2025-12-11 03:34:22,241 - INFO - Epoch 120/400 [LR=0.000983]: Train Loss=0.7217 | Train Acc=0.6930 | Val Loss=1.7203 | Val Acc=0.5971 | Val F1=0.5278
2025-12-11 03:35:00,610 - INFO - Epoch 121/400 [LR=0.000982]: Train Loss=1.1295 | Train Acc=0.6535 | Val Loss=1.5325 | Val Acc=0.5971 | Val F1=0.5362
2025-12-11 03:35:39,312 - INFO - Epoch 122/400 [LR=0.000982]: Train Loss=1.2577 | Train Acc=0.6572 | Val Loss=1.4740 | Val Acc=0.6043 | Val F1=0.5667
2025-12-11 03:36:17,707 - INFO - Epoch 123/400 [LR=0.000982]: Train Loss=0.5334 | Train Acc=0.6526 | Val Loss=1.6530 | Val Acc=0.6115 | Val F1=0.5460
2025-12-11 03:36:56,066 - INFO - Epoch 124/400 [LR=0.000982]: Train Loss=0.3553 | Train Acc=0.7601 | Val Loss=1.6852 | Val Acc=0.6043 | Val F1=0.5483
2025-12-11 03:37:34,402 - INFO - Epoch 125/400 [LR=0.000982]: Train Loss=0.3063 | Train Acc=0.7454 | Val Loss=1.5871 | Val Acc=0.5971 | Val F1=0.5340
2025-12-11 03:38:13,031 - INFO - Epoch 126/400 [LR=0.000982]: Train Loss=0.4027 | Train Acc=0.6930 | Val Loss=1.6249 | Val Acc=0.6259 | Val F1=0.5602
2025-12-11 03:38:51,812 - INFO - Epoch 127/400 [LR=0.000981]: Train Loss=0.7332 | Train Acc=0.6388 | Val Loss=1.7760 | Val Acc=0.6187 | Val F1=0.5565
2025-12-11 03:39:30,511 - INFO - Epoch 128/400 [LR=0.000981]: Train Loss=0.5809 | Train Acc=0.7031 | Val Loss=1.7102 | Val Acc=0.6151 | Val F1=0.5444
2025-12-11 03:40:09,480 - INFO - Epoch 129/400 [LR=0.000981]: Train Loss=0.5140 | Train Acc=0.6075 | Val Loss=1.5578 | Val Acc=0.6259 | Val F1=0.5721
2025-12-11 03:40:47,808 - INFO - Epoch 130/400 [LR=0.000981]: Train Loss=0.4578 | Train Acc=0.7344 | Val Loss=1.4126 | Val Acc=0.6007 | Val F1=0.5429
2025-12-11 03:41:26,181 - INFO - Epoch 131/400 [LR=0.000981]: Train Loss=0.4656 | Train Acc=0.6710 | Val Loss=1.6806 | Val Acc=0.5935 | Val F1=0.5012
2025-12-11 03:42:04,453 - INFO - Epoch 132/400 [LR=0.000981]: Train Loss=0.6125 | Train Acc=0.6461 | Val Loss=1.8240 | Val Acc=0.6043 | Val F1=0.4977
2025-12-11 03:42:43,578 - INFO - Epoch 133/400 [LR=0.000981]: Train Loss=0.7821 | Train Acc=0.6746 | Val Loss=1.7562 | Val Acc=0.6079 | Val F1=0.5455
2025-12-11 03:43:21,955 - INFO - Epoch 134/400 [LR=0.000980]: Train Loss=1.4445 | Train Acc=0.6498 | Val Loss=1.6990 | Val Acc=0.5935 | Val F1=0.5116
2025-12-11 03:44:00,340 - INFO - Epoch 135/400 [LR=0.000980]: Train Loss=0.9635 | Train Acc=0.6241 | Val Loss=1.6561 | Val Acc=0.5863 | Val F1=0.5385
2025-12-11 03:44:39,119 - INFO - Epoch 136/400 [LR=0.000980]: Train Loss=0.7713 | Train Acc=0.6131 | Val Loss=1.4708 | Val Acc=0.6151 | Val F1=0.5668
2025-12-11 03:45:16,721 - INFO - Epoch 137/400 [LR=0.000980]: Train Loss=0.6565 | Train Acc=0.6893 | Val Loss=1.5164 | Val Acc=0.5971 | Val F1=0.5320
2025-12-11 03:45:54,996 - INFO - Epoch 138/400 [LR=0.000980]: Train Loss=1.7223 | Train Acc=0.5928 | Val Loss=1.5181 | Val Acc=0.5755 | Val F1=0.5173
2025-12-11 03:46:33,163 - INFO - Epoch 139/400 [LR=0.000980]: Train Loss=1.2162 | Train Acc=0.6471 | Val Loss=1.4056 | Val Acc=0.6259 | Val F1=0.5692
2025-12-11 03:46:33,164 - INFO - 🛑 Early stopping at epoch 139
2025-12-11 03:46:33,228 - INFO -  🔧使用 Focal Loss (标签平滑=0.02) 处理难分样本
2025-12-11 03:46:33,228 - INFO - 💾 梯度累积启用: batch_size=32 → accumulation_steps=2 (有效批大小=64)
2025-12-11 03:47:05,216 - INFO - Epoch 1/300 [LR=0.000000]: Train Loss=76.3612 | Train Acc=0.1375 | Val Loss=60.8767 | Val Acc=0.1852 | Val F1=0.0775
2025-12-11 03:47:05,244 - INFO - 💾 保存最佳模型 (F1: 0.0775)
2025-12-11 03:47:36,778 - INFO - Epoch 2/300 [LR=0.000050]: Train Loss=71.3998 | Train Acc=0.1500 | Val Loss=60.8172 | Val Acc=0.2037 | Val F1=0.1263
2025-12-11 03:47:36,854 - INFO - 💾 保存最佳模型 (F1: 0.1263)
2025-12-11 03:48:08,223 - INFO - Epoch 3/300 [LR=0.000100]: Train Loss=75.7564 | Train Acc=0.1625 | Val Loss=60.7947 | Val Acc=0.2963 | Val F1=0.2156
2025-12-11 03:48:08,295 - INFO - 💾 保存最佳模型 (F1: 0.2156)
2025-12-11 03:48:39,843 - INFO - Epoch 4/300 [LR=0.000150]: Train Loss=75.1299 | Train Acc=0.1313 | Val Loss=60.7965 | Val Acc=0.1852 | Val F1=0.0945
2025-12-11 03:49:11,535 - INFO - Epoch 5/300 [LR=0.000200]: Train Loss=77.6028 | Train Acc=0.1313 | Val Loss=60.7986 | Val Acc=0.2407 | Val F1=0.1603
2025-12-11 03:49:43,163 - INFO - Epoch 6/300 [LR=0.000250]: Train Loss=76.3556 | Train Acc=0.1125 | Val Loss=60.8007 | Val Acc=0.1481 | Val F1=0.0981
2025-12-11 03:50:14,616 - INFO - Epoch 7/300 [LR=0.000300]: Train Loss=74.4931 | Train Acc=0.1750 | Val Loss=60.7801 | Val Acc=0.2407 | Val F1=0.1270
2025-12-11 03:50:45,953 - INFO - Epoch 8/300 [LR=0.000350]: Train Loss=73.2574 | Train Acc=0.1000 | Val Loss=60.7806 | Val Acc=0.2778 | Val F1=0.1623
2025-12-11 03:51:17,173 - INFO - Epoch 9/300 [LR=0.000400]: Train Loss=71.3687 | Train Acc=0.1688 | Val Loss=60.7727 | Val Acc=0.2222 | Val F1=0.1099
2025-12-11 03:51:48,799 - INFO - Epoch 10/300 [LR=0.000450]: Train Loss=70.1264 | Train Acc=0.1500 | Val Loss=60.7644 | Val Acc=0.3148 | Val F1=0.1567
2025-12-11 03:52:20,344 - INFO - Epoch 11/300 [LR=0.000497]: Train Loss=73.8516 | Train Acc=0.1375 | Val Loss=60.7573 | Val Acc=0.3148 | Val F1=0.1910
2025-12-11 03:52:51,915 - INFO - Epoch 12/300 [LR=0.000496]: Train Loss=73.8587 | Train Acc=0.1688 | Val Loss=60.7509 | Val Acc=0.3148 | Val F1=0.1836
2025-12-11 03:53:23,302 - INFO - Epoch 13/300 [LR=0.000496]: Train Loss=70.7490 | Train Acc=0.1500 | Val Loss=60.7616 | Val Acc=0.2593 | Val F1=0.1269
2025-12-11 03:53:54,614 - INFO - Epoch 14/300 [LR=0.000496]: Train Loss=67.6196 | Train Acc=0.1875 | Val Loss=60.7536 | Val Acc=0.2778 | Val F1=0.1299
2025-12-11 03:54:26,013 - INFO - Epoch 15/300 [LR=0.000495]: Train Loss=71.9965 | Train Acc=0.1313 | Val Loss=60.7535 | Val Acc=0.2407 | Val F1=0.1090
2025-12-11 03:54:57,152 - INFO - Epoch 16/300 [LR=0.000495]: Train Loss=72.6062 | Train Acc=0.1250 | Val Loss=60.7505 | Val Acc=0.2593 | Val F1=0.1194
2025-12-11 03:55:28,675 - INFO - Epoch 17/300 [LR=0.000495]: Train Loss=68.2369 | Train Acc=0.1437 | Val Loss=60.7617 | Val Acc=0.2593 | Val F1=0.1848
2025-12-11 03:56:00,177 - INFO - Epoch 18/300 [LR=0.000494]: Train Loss=75.7029 | Train Acc=0.1750 | Val Loss=60.7718 | Val Acc=0.1852 | Val F1=0.0813
2025-12-11 03:56:31,701 - INFO - Epoch 19/300 [LR=0.000494]: Train Loss=68.8272 | Train Acc=0.2062 | Val Loss=60.7613 | Val Acc=0.2593 | Val F1=0.0889
2025-12-11 03:57:02,903 - INFO - Epoch 20/300 [LR=0.000494]: Train Loss=78.1752 | Train Acc=0.1187 | Val Loss=60.7489 | Val Acc=0.2963 | Val F1=0.1016
2025-12-11 03:57:34,185 - INFO - Epoch 21/300 [LR=0.000493]: Train Loss=70.6871 | Train Acc=0.2250 | Val Loss=60.7434 | Val Acc=0.2963 | Val F1=0.1238
2025-12-11 03:58:05,648 - INFO - Epoch 22/300 [LR=0.000493]: Train Loss=67.5888 | Train Acc=0.1938 | Val Loss=60.7390 | Val Acc=0.2778 | Val F1=0.0932
2025-12-11 03:58:36,965 - INFO - Epoch 23/300 [LR=0.000493]: Train Loss=69.4527 | Train Acc=0.2250 | Val Loss=60.7325 | Val Acc=0.2778 | Val F1=0.1169
2025-12-11 03:59:08,576 - INFO - Epoch 24/300 [LR=0.000492]: Train Loss=66.3252 | Train Acc=0.2500 | Val Loss=60.7304 | Val Acc=0.2963 | Val F1=0.1249
2025-12-11 03:59:40,036 - INFO - Epoch 25/300 [LR=0.000492]: Train Loss=75.0480 | Train Acc=0.2437 | Val Loss=60.7361 | Val Acc=0.2963 | Val F1=0.1404
2025-12-11 04:00:11,282 - INFO - Epoch 26/300 [LR=0.000492]: Train Loss=74.4374 | Train Acc=0.1562 | Val Loss=60.7412 | Val Acc=0.2963 | Val F1=0.1440
2025-12-11 04:00:42,688 - INFO - Epoch 27/300 [LR=0.000491]: Train Loss=75.0373 | Train Acc=0.2125 | Val Loss=60.7342 | Val Acc=0.2778 | Val F1=0.1382
2025-12-11 04:01:14,021 - INFO - Epoch 28/300 [LR=0.000491]: Train Loss=73.1870 | Train Acc=0.2437 | Val Loss=60.7430 | Val Acc=0.2778 | Val F1=0.1682
2025-12-11 04:01:45,217 - INFO - Epoch 29/300 [LR=0.000491]: Train Loss=65.6951 | Train Acc=0.2687 | Val Loss=60.7421 | Val Acc=0.2778 | Val F1=0.1682
2025-12-11 04:02:16,749 - INFO - Epoch 30/300 [LR=0.000490]: Train Loss=75.0442 | Train Acc=0.2062 | Val Loss=60.7357 | Val Acc=0.2778 | Val F1=0.1334
2025-12-11 04:02:48,153 - INFO - Epoch 31/300 [LR=0.000490]: Train Loss=72.5533 | Train Acc=0.2000 | Val Loss=60.7291 | Val Acc=0.2963 | Val F1=0.1378
2025-12-11 04:03:19,224 - INFO - Epoch 32/300 [LR=0.000490]: Train Loss=67.5439 | Train Acc=0.2812 | Val Loss=60.7196 | Val Acc=0.3148 | Val F1=0.1021
2025-12-11 04:03:50,413 - INFO - Epoch 33/300 [LR=0.000489]: Train Loss=72.5480 | Train Acc=0.2000 | Val Loss=60.7072 | Val Acc=0.3519 | Val F1=0.1094
2025-12-11 04:03:50,413 - INFO - 🛑 Early stopping at epoch 33
2025-12-11 04:03:50,474 - INFO -  🔧使用 Focal Loss (标签平滑=0.02) 处理难分样本
2025-12-11 04:03:50,475 - INFO - 💾 梯度累积启用: batch_size=32 → accumulation_steps=2 (有效批大小=64)
2025-12-11 04:04:20,587 - INFO - Epoch 1/300 [LR=0.000000]: Train Loss=0.0000 | Train Acc=0.2500 | Val Loss=0.0000 | Val Acc=0.3333 | Val F1=0.1667
2025-12-11 04:04:20,616 - INFO - 💾 保存最佳模型 (F1: 0.1667)
2025-12-11 04:04:50,513 - INFO - Epoch 2/300 [LR=0.000250]: Train Loss=0.0000 | Train Acc=0.3438 | Val Loss=0.0000 | Val Acc=0.3333 | Val F1=0.1667
2025-12-11 04:05:20,593 - INFO - Epoch 3/300 [LR=0.000497]: Train Loss=0.0000 | Train Acc=0.3750 | Val Loss=0.0000 | Val Acc=0.3333 | Val F1=0.1667
2025-12-11 04:05:50,629 - INFO - Epoch 4/300 [LR=0.000495]: Train Loss=0.0000 | Train Acc=0.3750 | Val Loss=0.0000 | Val Acc=0.3333 | Val F1=0.1667
2025-12-11 04:06:20,852 - INFO - Epoch 5/300 [LR=0.000493]: Train Loss=0.0000 | Train Acc=0.5312 | Val Loss=0.0000 | Val Acc=0.3333 | Val F1=0.1667
2025-12-11 04:06:50,940 - INFO - Epoch 6/300 [LR=0.000492]: Train Loss=0.0000 | Train Acc=0.0938 | Val Loss=0.0000 | Val Acc=0.4000 | Val F1=0.2495
2025-12-11 04:06:51,047 - INFO - 💾 保存最佳模型 (F1: 0.2495)
2025-12-11 04:07:21,063 - INFO - Epoch 7/300 [LR=0.000490]: Train Loss=0.0000 | Train Acc=0.2188 | Val Loss=0.0000 | Val Acc=0.4000 | Val F1=0.2495
2025-12-11 04:07:51,227 - INFO - Epoch 8/300 [LR=0.000488]: Train Loss=0.0000 | Train Acc=0.3438 | Val Loss=0.0000 | Val Acc=0.4000 | Val F1=0.2495
2025-12-11 04:08:21,392 - INFO - Epoch 9/300 [LR=0.000487]: Train Loss=0.0000 | Train Acc=0.3125 | Val Loss=0.0000 | Val Acc=0.4000 | Val F1=0.2495
2025-12-11 04:08:51,652 - INFO - Epoch 10/300 [LR=0.000485]: Train Loss=0.0000 | Train Acc=0.2188 | Val Loss=0.0000 | Val Acc=0.3333 | Val F1=0.2462
2025-12-11 04:09:21,537 - INFO - Epoch 11/300 [LR=0.000483]: Train Loss=0.0000 | Train Acc=0.4062 | Val Loss=0.0000 | Val Acc=0.3333 | Val F1=0.2462
2025-12-11 04:09:51,702 - INFO - Epoch 12/300 [LR=0.000482]: Train Loss=0.0000 | Train Acc=0.3438 | Val Loss=0.0000 | Val Acc=0.3333 | Val F1=0.2462
2025-12-11 04:10:21,674 - INFO - Epoch 13/300 [LR=0.000480]: Train Loss=0.0000 | Train Acc=0.4375 | Val Loss=0.0000 | Val Acc=0.3333 | Val F1=0.2361
2025-12-11 04:10:51,714 - INFO - Epoch 14/300 [LR=0.000478]: Train Loss=0.0000 | Train Acc=0.3750 | Val Loss=0.0000 | Val Acc=0.3333 | Val F1=0.2361
2025-12-11 04:11:21,694 - INFO - Epoch 15/300 [LR=0.000477]: Train Loss=0.0000 | Train Acc=0.2188 | Val Loss=0.0000 | Val Acc=0.4000 | Val F1=0.4667
2025-12-11 04:11:21,737 - INFO - 💾 保存最佳模型 (F1: 0.4667)
2025-12-11 04:11:51,988 - INFO - Epoch 16/300 [LR=0.000475]: Train Loss=0.0000 | Train Acc=0.2188 | Val Loss=0.0000 | Val Acc=0.4667 | Val F1=0.5101
2025-12-11 04:11:52,094 - INFO - 💾 保存最佳模型 (F1: 0.5101)
2025-12-11 04:12:22,079 - INFO - Epoch 17/300 [LR=0.000473]: Train Loss=0.0000 | Train Acc=0.1875 | Val Loss=0.0000 | Val Acc=0.4667 | Val F1=0.5101
2025-12-11 04:12:52,273 - INFO - Epoch 18/300 [LR=0.000472]: Train Loss=0.0000 | Train Acc=0.4062 | Val Loss=0.0000 | Val Acc=0.4667 | Val F1=0.5101
2025-12-11 04:13:22,401 - INFO - Epoch 19/300 [LR=0.000470]: Train Loss=0.0000 | Train Acc=0.3125 | Val Loss=0.0000 | Val Acc=0.4000 | Val F1=0.4667
2025-12-11 04:13:52,368 - INFO - Epoch 20/300 [LR=0.000468]: Train Loss=0.0000 | Train Acc=0.3750 | Val Loss=0.0000 | Val Acc=0.4000 | Val F1=0.2781
2025-12-11 04:14:22,614 - INFO - Epoch 21/300 [LR=0.000467]: Train Loss=0.0000 | Train Acc=0.3750 | Val Loss=0.0000 | Val Acc=0.4000 | Val F1=0.2781
2025-12-11 04:14:52,726 - INFO - Epoch 22/300 [LR=0.000465]: Train Loss=0.0000 | Train Acc=0.2500 | Val Loss=0.0000 | Val Acc=0.4000 | Val F1=0.2781
2025-12-11 04:15:22,844 - INFO - Epoch 23/300 [LR=0.000463]: Train Loss=0.0000 | Train Acc=0.3125 | Val Loss=0.0000 | Val Acc=0.3333 | Val F1=0.2148
2025-12-11 04:15:52,809 - INFO - Epoch 24/300 [LR=0.000462]: Train Loss=0.0000 | Train Acc=0.3750 | Val Loss=0.0000 | Val Acc=0.3333 | Val F1=0.2148
2025-12-11 04:16:22,913 - INFO - Epoch 25/300 [LR=0.000460]: Train Loss=0.0000 | Train Acc=0.3438 | Val Loss=0.0000 | Val Acc=0.3333 | Val F1=0.2148
2025-12-11 04:16:52,960 - INFO - Epoch 26/300 [LR=0.000458]: Train Loss=0.0000 | Train Acc=0.2812 | Val Loss=0.0000 | Val Acc=0.2667 | Val F1=0.1783
2025-12-11 04:17:22,908 - INFO - Epoch 27/300 [LR=0.000457]: Train Loss=0.0000 | Train Acc=0.0625 | Val Loss=0.0000 | Val Acc=0.2667 | Val F1=0.1783
2025-12-11 04:17:53,246 - INFO - Epoch 28/300 [LR=0.000455]: Train Loss=0.0000 | Train Acc=0.2500 | Val Loss=0.0000 | Val Acc=0.3333 | Val F1=0.2361
2025-12-11 04:18:23,207 - INFO - Epoch 29/300 [LR=0.000453]: Train Loss=0.0000 | Train Acc=0.3125 | Val Loss=0.0000 | Val Acc=0.3333 | Val F1=0.2361
2025-12-11 04:18:53,204 - INFO - Epoch 30/300 [LR=0.000452]: Train Loss=0.0000 | Train Acc=0.1875 | Val Loss=0.0000 | Val Acc=0.3333 | Val F1=0.2361
2025-12-11 04:19:23,064 - INFO - Epoch 31/300 [LR=0.000450]: Train Loss=0.0000 | Train Acc=0.3438 | Val Loss=0.0000 | Val Acc=0.3333 | Val F1=0.2361
2025-12-11 04:19:53,007 - INFO - Epoch 32/300 [LR=0.000448]: Train Loss=0.0000 | Train Acc=0.4375 | Val Loss=0.0000 | Val Acc=0.2667 | Val F1=0.1783
2025-12-11 04:20:23,032 - INFO - Epoch 33/300 [LR=0.000447]: Train Loss=0.0000 | Train Acc=0.2500 | Val Loss=0.0000 | Val Acc=0.3333 | Val F1=0.2361
2025-12-11 04:20:53,037 - INFO - Epoch 34/300 [LR=0.000445]: Train Loss=0.0000 | Train Acc=0.1562 | Val Loss=0.0000 | Val Acc=0.2667 | Val F1=0.1806
2025-12-11 04:21:23,072 - INFO - Epoch 35/300 [LR=0.000443]: Train Loss=0.0000 | Train Acc=0.2500 | Val Loss=0.0000 | Val Acc=0.2667 | Val F1=0.1806
2025-12-11 04:21:52,967 - INFO - Epoch 36/300 [LR=0.000442]: Train Loss=0.0000 | Train Acc=0.2500 | Val Loss=0.0000 | Val Acc=0.2667 | Val F1=0.1806
2025-12-11 04:22:23,184 - INFO - Epoch 37/300 [LR=0.000440]: Train Loss=0.0000 | Train Acc=0.3125 | Val Loss=0.0000 | Val Acc=0.2667 | Val F1=0.1783
2025-12-11 04:22:53,387 - INFO - Epoch 38/300 [LR=0.000438]: Train Loss=0.0000 | Train Acc=0.4062 | Val Loss=0.0000 | Val Acc=0.2667 | Val F1=0.1783
2025-12-11 04:23:23,526 - INFO - Epoch 39/300 [LR=0.000437]: Train Loss=0.0000 | Train Acc=0.4375 | Val Loss=0.0000 | Val Acc=0.2667 | Val F1=0.1783
2025-12-11 04:23:53,771 - INFO - Epoch 40/300 [LR=0.000435]: Train Loss=0.0000 | Train Acc=0.3125 | Val Loss=0.0000 | Val Acc=0.2667 | Val F1=0.1806
2025-12-11 04:24:23,963 - INFO - Epoch 41/300 [LR=0.000433]: Train Loss=0.0000 | Train Acc=0.3438 | Val Loss=0.0000 | Val Acc=0.2667 | Val F1=0.1783
2025-12-11 04:24:54,138 - INFO - Epoch 42/300 [LR=0.000432]: Train Loss=0.0000 | Train Acc=0.2500 | Val Loss=0.0000 | Val Acc=0.2667 | Val F1=0.1783
2025-12-11 04:25:24,402 - INFO - Epoch 43/300 [LR=0.000430]: Train Loss=0.0000 | Train Acc=0.3125 | Val Loss=0.0000 | Val Acc=0.3333 | Val F1=0.2361
2025-12-11 04:25:54,543 - INFO - Epoch 44/300 [LR=0.000428]: Train Loss=0.0000 | Train Acc=0.3750 | Val Loss=0.0000 | Val Acc=0.3333 | Val F1=0.2361
2025-12-11 04:26:24,707 - INFO - Epoch 45/300 [LR=0.000427]: Train Loss=0.0000 | Train Acc=0.2188 | Val Loss=0.0000 | Val Acc=0.3333 | Val F1=0.2361
2025-12-11 04:26:54,951 - INFO - Epoch 46/300 [LR=0.000425]: Train Loss=0.0000 | Train Acc=0.1875 | Val Loss=0.0000 | Val Acc=0.3333 | Val F1=0.2361
2025-12-11 04:26:54,951 - INFO - 🛑 Early stopping at epoch 46
2025-12-11 04:26:55,017 - INFO -  🔧使用 Focal Loss (标签平滑=0.02) 处理难分样本
2025-12-11 04:26:55,017 - INFO - 💾 梯度累积启用: batch_size=32 → accumulation_steps=2 (有效批大小=64)
2025-12-11 04:27:25,908 - INFO - Epoch 1/300 [LR=0.000000]: Train Loss=0.0000 | Train Acc=0.3516 | Val Loss=0.0000 | Val Acc=0.2308 | Val F1=0.1623
2025-12-11 04:27:25,935 - INFO - 💾 保存最佳模型 (F1: 0.1623)
2025-12-11 04:27:56,848 - INFO - Epoch 2/300 [LR=0.000063]: Train Loss=0.0000 | Train Acc=0.3672 | Val Loss=0.0000 | Val Acc=0.1923 | Val F1=0.1270
2025-12-11 04:28:27,626 - INFO - Epoch 3/300 [LR=0.000125]: Train Loss=0.0000 | Train Acc=0.3359 | Val Loss=0.0000 | Val Acc=0.2308 | Val F1=0.1619
2025-12-11 04:28:58,617 - INFO - Epoch 4/300 [LR=0.000188]: Train Loss=0.0000 | Train Acc=0.3203 | Val Loss=0.0000 | Val Acc=0.2308 | Val F1=0.1619
2025-12-11 04:29:29,550 - INFO - Epoch 5/300 [LR=0.000250]: Train Loss=0.0000 | Train Acc=0.3438 | Val Loss=0.0000 | Val Acc=0.1923 | Val F1=0.1270
2025-12-11 04:30:00,411 - INFO - Epoch 6/300 [LR=0.000313]: Train Loss=0.0000 | Train Acc=0.3281 | Val Loss=0.0000 | Val Acc=0.1923 | Val F1=0.1468
2025-12-11 04:30:31,688 - INFO - Epoch 7/300 [LR=0.000375]: Train Loss=0.0000 | Train Acc=0.3203 | Val Loss=0.0000 | Val Acc=0.1538 | Val F1=0.1186
2025-12-11 04:31:02,535 - INFO - Epoch 8/300 [LR=0.000438]: Train Loss=0.0000 | Train Acc=0.2656 | Val Loss=0.0000 | Val Acc=0.2308 | Val F1=0.1768
2025-12-11 04:31:02,624 - INFO - 💾 保存最佳模型 (F1: 0.1768)
2025-12-11 04:31:33,585 - INFO - Epoch 9/300 [LR=0.000497]: Train Loss=0.0000 | Train Acc=0.3984 | Val Loss=0.0000 | Val Acc=0.1923 | Val F1=0.1439
2025-12-11 04:32:04,752 - INFO - Epoch 10/300 [LR=0.000496]: Train Loss=0.0000 | Train Acc=0.3984 | Val Loss=0.0000 | Val Acc=0.2308 | Val F1=0.1702
2025-12-11 04:32:35,804 - INFO - Epoch 11/300 [LR=0.000496]: Train Loss=0.0000 | Train Acc=0.3672 | Val Loss=0.0000 | Val Acc=0.2692 | Val F1=0.1936
2025-12-11 04:32:35,875 - INFO - 💾 保存最佳模型 (F1: 0.1936)
2025-12-11 04:33:06,781 - INFO - Epoch 12/300 [LR=0.000495]: Train Loss=0.0000 | Train Acc=0.2422 | Val Loss=0.0000 | Val Acc=0.2692 | Val F1=0.1936
2025-12-11 04:33:37,772 - INFO - Epoch 13/300 [LR=0.000495]: Train Loss=0.0000 | Train Acc=0.2656 | Val Loss=0.0000 | Val Acc=0.1923 | Val F1=0.1435
2025-12-11 04:34:08,630 - INFO - Epoch 14/300 [LR=0.000495]: Train Loss=0.0000 | Train Acc=0.3359 | Val Loss=0.0000 | Val Acc=0.1923 | Val F1=0.1435
2025-12-11 04:34:39,432 - INFO - Epoch 15/300 [LR=0.000494]: Train Loss=0.0000 | Train Acc=0.3125 | Val Loss=0.0000 | Val Acc=0.2308 | Val F1=0.1692
2025-12-11 04:35:10,304 - INFO - Epoch 16/300 [LR=0.000494]: Train Loss=0.0000 | Train Acc=0.3984 | Val Loss=0.0000 | Val Acc=0.2308 | Val F1=0.1692
2025-12-11 04:35:41,122 - INFO - Epoch 17/300 [LR=0.000493]: Train Loss=0.0000 | Train Acc=0.3359 | Val Loss=0.0000 | Val Acc=0.2308 | Val F1=0.1742
2025-12-11 04:36:12,010 - INFO - Epoch 18/300 [LR=0.000493]: Train Loss=0.0000 | Train Acc=0.3516 | Val Loss=0.0000 | Val Acc=0.2308 | Val F1=0.1670
2025-12-11 04:36:42,802 - INFO - Epoch 19/300 [LR=0.000492]: Train Loss=0.0000 | Train Acc=0.3203 | Val Loss=0.0000 | Val Acc=0.1923 | Val F1=0.1380
2025-12-11 04:37:13,837 - INFO - Epoch 20/300 [LR=0.000492]: Train Loss=0.0000 | Train Acc=0.3984 | Val Loss=0.0000 | Val Acc=0.1923 | Val F1=0.1467
2025-12-11 04:37:44,791 - INFO - Epoch 21/300 [LR=0.000492]: Train Loss=0.0000 | Train Acc=0.2969 | Val Loss=0.0000 | Val Acc=0.1538 | Val F1=0.1190
2025-12-11 04:38:15,881 - INFO - Epoch 22/300 [LR=0.000491]: Train Loss=0.0000 | Train Acc=0.3281 | Val Loss=0.0000 | Val Acc=0.1923 | Val F1=0.1380
2025-12-11 04:38:46,657 - INFO - Epoch 23/300 [LR=0.000491]: Train Loss=0.0000 | Train Acc=0.3203 | Val Loss=0.0000 | Val Acc=0.1923 | Val F1=0.1467
2025-12-11 04:39:17,559 - INFO - Epoch 24/300 [LR=0.000490]: Train Loss=0.0000 | Train Acc=0.3516 | Val Loss=0.0000 | Val Acc=0.2308 | Val F1=0.1727
2025-12-11 04:39:48,413 - INFO - Epoch 25/300 [LR=0.000490]: Train Loss=0.0000 | Train Acc=0.3359 | Val Loss=0.0000 | Val Acc=0.2308 | Val F1=0.1727
2025-12-11 04:40:19,546 - INFO - Epoch 26/300 [LR=0.000490]: Train Loss=0.0000 | Train Acc=0.3828 | Val Loss=0.0000 | Val Acc=0.2692 | Val F1=0.1975
2025-12-11 04:40:19,599 - INFO - 💾 保存最佳模型 (F1: 0.1975)
2025-12-11 04:40:50,454 - INFO - Epoch 27/300 [LR=0.000489]: Train Loss=0.0000 | Train Acc=0.3125 | Val Loss=0.0000 | Val Acc=0.2692 | Val F1=0.1901
2025-12-11 04:41:21,353 - INFO - Epoch 28/300 [LR=0.000489]: Train Loss=0.0000 | Train Acc=0.3359 | Val Loss=0.0000 | Val Acc=0.2308 | Val F1=0.1673
2025-12-11 04:41:52,253 - INFO - Epoch 29/300 [LR=0.000488]: Train Loss=0.0000 | Train Acc=0.3125 | Val Loss=0.0000 | Val Acc=0.2308 | Val F1=0.1692
2025-12-11 04:42:23,109 - INFO - Epoch 30/300 [LR=0.000488]: Train Loss=0.0000 | Train Acc=0.3594 | Val Loss=0.0000 | Val Acc=0.2308 | Val F1=0.1692
2025-12-11 04:42:53,929 - INFO - Epoch 31/300 [LR=0.000487]: Train Loss=0.0000 | Train Acc=0.3594 | Val Loss=0.0000 | Val Acc=0.2308 | Val F1=0.1561
2025-12-11 04:43:24,973 - INFO - Epoch 32/300 [LR=0.000487]: Train Loss=0.0000 | Train Acc=0.3047 | Val Loss=0.0000 | Val Acc=0.3077 | Val F1=0.2213
2025-12-11 04:43:25,063 - INFO - 💾 保存最佳模型 (F1: 0.2213)
2025-12-11 04:43:56,155 - INFO - Epoch 33/300 [LR=0.000487]: Train Loss=0.0000 | Train Acc=0.3047 | Val Loss=0.0000 | Val Acc=0.1923 | Val F1=0.1406
2025-12-11 04:44:26,974 - INFO - Epoch 34/300 [LR=0.000486]: Train Loss=0.0000 | Train Acc=0.3672 | Val Loss=0.0000 | Val Acc=0.2308 | Val F1=0.1786
2025-12-11 04:44:58,070 - INFO - Epoch 35/300 [LR=0.000486]: Train Loss=0.0000 | Train Acc=0.3438 | Val Loss=0.0000 | Val Acc=0.2308 | Val F1=0.1742
2025-12-11 04:45:29,094 - INFO - Epoch 36/300 [LR=0.000485]: Train Loss=0.0000 | Train Acc=0.3203 | Val Loss=0.0000 | Val Acc=0.2308 | Val F1=0.1727
2025-12-11 04:45:59,881 - INFO - Epoch 37/300 [LR=0.000485]: Train Loss=0.0000 | Train Acc=0.3203 | Val Loss=0.0000 | Val Acc=0.1538 | Val F1=0.1162
2025-12-11 04:46:30,575 - INFO - Epoch 38/300 [LR=0.000485]: Train Loss=0.0000 | Train Acc=0.2969 | Val Loss=0.0000 | Val Acc=0.1538 | Val F1=0.1190
2025-12-11 04:47:01,690 - INFO - Epoch 39/300 [LR=0.000484]: Train Loss=0.0000 | Train Acc=0.3203 | Val Loss=0.0000 | Val Acc=0.1538 | Val F1=0.1190
2025-12-11 04:47:32,596 - INFO - Epoch 40/300 [LR=0.000484]: Train Loss=0.0000 | Train Acc=0.2656 | Val Loss=0.0000 | Val Acc=0.2308 | Val F1=0.1632
2025-12-11 04:48:03,561 - INFO - Epoch 41/300 [LR=0.000483]: Train Loss=0.0000 | Train Acc=0.2891 | Val Loss=0.0000 | Val Acc=0.1923 | Val F1=0.1435
2025-12-11 04:48:34,540 - INFO - Epoch 42/300 [LR=0.000483]: Train Loss=0.0000 | Train Acc=0.3594 | Val Loss=0.0000 | Val Acc=0.1538 | Val F1=0.1162
2025-12-11 04:49:05,515 - INFO - Epoch 43/300 [LR=0.000483]: Train Loss=0.0000 | Train Acc=0.2891 | Val Loss=0.0000 | Val Acc=0.1923 | Val F1=0.1439
2025-12-11 04:49:36,459 - INFO - Epoch 44/300 [LR=0.000482]: Train Loss=0.0000 | Train Acc=0.3438 | Val Loss=0.0000 | Val Acc=0.2308 | Val F1=0.1727
2025-12-11 04:50:07,406 - INFO - Epoch 45/300 [LR=0.000482]: Train Loss=0.0000 | Train Acc=0.2812 | Val Loss=0.0000 | Val Acc=0.2308 | Val F1=0.1692
2025-12-11 04:50:38,073 - INFO - Epoch 46/300 [LR=0.000481]: Train Loss=0.0000 | Train Acc=0.3281 | Val Loss=0.0000 | Val Acc=0.2308 | Val F1=0.1692
2025-12-11 04:51:08,977 - INFO - Epoch 47/300 [LR=0.000481]: Train Loss=0.0000 | Train Acc=0.3203 | Val Loss=0.0000 | Val Acc=0.1923 | Val F1=0.1435
2025-12-11 04:51:39,952 - INFO - Epoch 48/300 [LR=0.000480]: Train Loss=0.0000 | Train Acc=0.3438 | Val Loss=0.0000 | Val Acc=0.2308 | Val F1=0.1692
2025-12-11 04:52:10,981 - INFO - Epoch 49/300 [LR=0.000480]: Train Loss=0.0000 | Train Acc=0.3828 | Val Loss=0.0000 | Val Acc=0.2308 | Val F1=0.1727
2025-12-11 04:52:41,904 - INFO - Epoch 50/300 [LR=0.000480]: Train Loss=0.0000 | Train Acc=0.3359 | Val Loss=0.0000 | Val Acc=0.2308 | Val F1=0.1692
2025-12-11 04:53:12,900 - INFO - Epoch 51/300 [LR=0.000479]: Train Loss=0.0000 | Train Acc=0.3359 | Val Loss=0.0000 | Val Acc=0.2308 | Val F1=0.1692
2025-12-11 04:53:43,659 - INFO - Epoch 52/300 [LR=0.000479]: Train Loss=0.0000 | Train Acc=0.2188 | Val Loss=0.0000 | Val Acc=0.1923 | Val F1=0.1406
2025-12-11 04:54:14,856 - INFO - Epoch 53/300 [LR=0.000478]: Train Loss=0.0000 | Train Acc=0.3281 | Val Loss=0.0000 | Val Acc=0.2308 | Val F1=0.1661
2025-12-11 04:54:45,690 - INFO - Epoch 54/300 [LR=0.000478]: Train Loss=0.0000 | Train Acc=0.3828 | Val Loss=0.0000 | Val Acc=0.2692 | Val F1=0.1975
2025-12-11 04:55:16,805 - INFO - Epoch 55/300 [LR=0.000478]: Train Loss=0.0000 | Train Acc=0.3984 | Val Loss=0.0000 | Val Acc=0.2692 | Val F1=0.1901
2025-12-11 04:55:47,774 - INFO - Epoch 56/300 [LR=0.000477]: Train Loss=0.0000 | Train Acc=0.3125 | Val Loss=0.0000 | Val Acc=0.1923 | Val F1=0.1406
2025-12-11 04:56:18,622 - INFO - Epoch 57/300 [LR=0.000477]: Train Loss=0.0000 | Train Acc=0.2500 | Val Loss=0.0000 | Val Acc=0.1538 | Val F1=0.1135
2025-12-11 04:56:49,592 - INFO - Epoch 58/300 [LR=0.000476]: Train Loss=0.0000 | Train Acc=0.3281 | Val Loss=0.0000 | Val Acc=0.1538 | Val F1=0.1135
2025-12-11 04:57:20,563 - INFO - Epoch 59/300 [LR=0.000476]: Train Loss=0.0000 | Train Acc=0.3672 | Val Loss=0.0000 | Val Acc=0.1538 | Val F1=0.1135
2025-12-11 04:57:51,526 - INFO - Epoch 60/300 [LR=0.000475]: Train Loss=0.0000 | Train Acc=0.3828 | Val Loss=0.0000 | Val Acc=0.2308 | Val F1=0.1733
2025-12-11 04:58:22,582 - INFO - Epoch 61/300 [LR=0.000475]: Train Loss=0.0000 | Train Acc=0.3203 | Val Loss=0.0000 | Val Acc=0.3077 | Val F1=0.2213
2025-12-11 04:58:53,482 - INFO - Epoch 62/300 [LR=0.000475]: Train Loss=0.0000 | Train Acc=0.3438 | Val Loss=0.0000 | Val Acc=0.2308 | Val F1=0.1692
2025-12-11 04:58:53,482 - INFO - 🛑 Early stopping at epoch 62
2025-12-11 04:58:53,553 - INFO -  🔧使用 Focal Loss (标签平滑=0.02) 处理难分样本
2025-12-11 04:58:53,553 - INFO - 💾 梯度累积启用: batch_size=32 → accumulation_steps=2 (有效批大小=64)
2025-12-11 04:59:26,124 - INFO - Epoch 1/300 [LR=0.000000]: Train Loss=68.5842 | Train Acc=0.0625 | Val Loss=74.1619 | Val Acc=0.0375 | Val F1=0.0216
2025-12-11 04:59:26,154 - INFO - 💾 保存最佳模型 (F1: 0.0216)
2025-12-11 04:59:58,220 - INFO - Epoch 2/300 [LR=0.000031]: Train Loss=65.1140 | Train Acc=0.0742 | Val Loss=74.1466 | Val Acc=0.1125 | Val F1=0.0563
2025-12-11 04:59:58,310 - INFO - 💾 保存最佳模型 (F1: 0.0563)
2025-12-11 05:00:30,779 - INFO - Epoch 3/300 [LR=0.000063]: Train Loss=67.8140 | Train Acc=0.0820 | Val Loss=74.1327 | Val Acc=0.0875 | Val F1=0.0418
2025-12-11 05:01:02,836 - INFO - Epoch 4/300 [LR=0.000094]: Train Loss=65.8735 | Train Acc=0.0859 | Val Loss=74.1312 | Val Acc=0.1250 | Val F1=0.0540
2025-12-11 05:01:34,723 - INFO - Epoch 5/300 [LR=0.000125]: Train Loss=61.6336 | Train Acc=0.0742 | Val Loss=74.1192 | Val Acc=0.1375 | Val F1=0.0532
2025-12-11 05:02:06,734 - INFO - Epoch 6/300 [LR=0.000156]: Train Loss=64.7059 | Train Acc=0.0742 | Val Loss=74.1186 | Val Acc=0.1125 | Val F1=0.0433
2025-12-11 05:02:38,774 - INFO - Epoch 7/300 [LR=0.000188]: Train Loss=61.5895 | Train Acc=0.0898 | Val Loss=74.1123 | Val Acc=0.1125 | Val F1=0.0380
2025-12-11 05:03:10,769 - INFO - Epoch 8/300 [LR=0.000219]: Train Loss=64.6969 | Train Acc=0.1211 | Val Loss=74.1000 | Val Acc=0.1125 | Val F1=0.0369
2025-12-11 05:03:42,614 - INFO - Epoch 9/300 [LR=0.000250]: Train Loss=73.2351 | Train Acc=0.0781 | Val Loss=74.0895 | Val Acc=0.1000 | Val F1=0.0321
2025-12-11 05:04:14,896 - INFO - Epoch 10/300 [LR=0.000281]: Train Loss=64.7107 | Train Acc=0.0898 | Val Loss=74.0892 | Val Acc=0.1125 | Val F1=0.0484
2025-12-11 05:04:46,933 - INFO - Epoch 11/300 [LR=0.000313]: Train Loss=64.6670 | Train Acc=0.1250 | Val Loss=74.0877 | Val Acc=0.1375 | Val F1=0.0670
2025-12-11 05:04:47,020 - INFO - 💾 保存最佳模型 (F1: 0.0670)
2025-12-11 05:05:19,279 - INFO - Epoch 12/300 [LR=0.000344]: Train Loss=70.8755 | Train Acc=0.1328 | Val Loss=74.0731 | Val Acc=0.1500 | Val F1=0.1079
2025-12-11 05:05:19,350 - INFO - 💾 保存最佳模型 (F1: 0.1079)
2025-12-11 05:05:51,539 - INFO - Epoch 13/300 [LR=0.000375]: Train Loss=67.3531 | Train Acc=0.1562 | Val Loss=74.0629 | Val Acc=0.1625 | Val F1=0.0979
2025-12-11 05:06:23,705 - INFO - Epoch 14/300 [LR=0.000406]: Train Loss=68.1447 | Train Acc=0.1484 | Val Loss=74.0613 | Val Acc=0.1750 | Val F1=0.0929
2025-12-11 05:06:55,753 - INFO - Epoch 15/300 [LR=0.000438]: Train Loss=70.4854 | Train Acc=0.1094 | Val Loss=74.0596 | Val Acc=0.1625 | Val F1=0.0992
2025-12-11 05:07:27,678 - INFO - Epoch 16/300 [LR=0.000469]: Train Loss=69.3187 | Train Acc=0.0938 | Val Loss=74.0528 | Val Acc=0.1750 | Val F1=0.1040
2025-12-11 05:07:59,951 - INFO - Epoch 17/300 [LR=0.000497]: Train Loss=68.5186 | Train Acc=0.1211 | Val Loss=74.0389 | Val Acc=0.1625 | Val F1=0.0751
2025-12-11 05:08:32,195 - INFO - Epoch 18/300 [LR=0.000496]: Train Loss=65.7723 | Train Acc=0.1680 | Val Loss=74.0308 | Val Acc=0.1750 | Val F1=0.0772
2025-12-11 05:09:04,040 - INFO - Epoch 19/300 [LR=0.000496]: Train Loss=72.0052 | Train Acc=0.1172 | Val Loss=74.0351 | Val Acc=0.1625 | Val F1=0.0669
2025-12-11 05:09:36,273 - INFO - Epoch 20/300 [LR=0.000496]: Train Loss=64.1895 | Train Acc=0.1562 | Val Loss=74.0314 | Val Acc=0.1625 | Val F1=0.0725
2025-12-11 05:10:08,388 - INFO - Epoch 21/300 [LR=0.000496]: Train Loss=68.1009 | Train Acc=0.1289 | Val Loss=74.0319 | Val Acc=0.1625 | Val F1=0.0716
2025-12-11 05:10:40,952 - INFO - Epoch 22/300 [LR=0.000496]: Train Loss=63.8207 | Train Acc=0.1680 | Val Loss=74.0284 | Val Acc=0.1625 | Val F1=0.0702
2025-12-11 05:11:13,026 - INFO - Epoch 23/300 [LR=0.000495]: Train Loss=65.7497 | Train Acc=0.1836 | Val Loss=74.0208 | Val Acc=0.1625 | Val F1=0.0721
2025-12-11 05:11:44,981 - INFO - Epoch 24/300 [LR=0.000495]: Train Loss=63.0266 | Train Acc=0.1523 | Val Loss=74.0190 | Val Acc=0.1875 | Val F1=0.1038
2025-12-11 05:12:17,017 - INFO - Epoch 25/300 [LR=0.000495]: Train Loss=64.9786 | Train Acc=0.1602 | Val Loss=74.0166 | Val Acc=0.1875 | Val F1=0.1049
2025-12-11 05:12:49,178 - INFO - Epoch 26/300 [LR=0.000495]: Train Loss=68.4613 | Train Acc=0.1680 | Val Loss=74.0163 | Val Acc=0.2000 | Val F1=0.1090
2025-12-11 05:12:49,265 - INFO - 💾 保存最佳模型 (F1: 0.1090)
2025-12-11 05:13:21,434 - INFO - Epoch 27/300 [LR=0.000495]: Train Loss=66.8939 | Train Acc=0.2070 | Val Loss=74.0121 | Val Acc=0.1875 | Val F1=0.1011
2025-12-11 05:13:53,453 - INFO - Epoch 28/300 [LR=0.000494]: Train Loss=66.1095 | Train Acc=0.2305 | Val Loss=74.0140 | Val Acc=0.2125 | Val F1=0.1198
2025-12-11 05:13:53,531 - INFO - 💾 保存最佳模型 (F1: 0.1198)
2025-12-11 05:14:25,985 - INFO - Epoch 29/300 [LR=0.000494]: Train Loss=67.6768 | Train Acc=0.1719 | Val Loss=74.0057 | Val Acc=0.2250 | Val F1=0.1291
2025-12-11 05:14:26,051 - INFO - 💾 保存最佳模型 (F1: 0.1291)
2025-12-11 05:14:58,057 - INFO - Epoch 30/300 [LR=0.000494]: Train Loss=66.5033 | Train Acc=0.2070 | Val Loss=74.0013 | Val Acc=0.2250 | Val F1=0.1295
2025-12-11 05:14:58,158 - INFO - 💾 保存最佳模型 (F1: 0.1295)
2025-12-11 05:15:30,060 - INFO - Epoch 31/300 [LR=0.000494]: Train Loss=67.6563 | Train Acc=0.2031 | Val Loss=73.9983 | Val Acc=0.2250 | Val F1=0.1206
2025-12-11 05:16:02,032 - INFO - Epoch 32/300 [LR=0.000494]: Train Loss=64.9273 | Train Acc=0.1875 | Val Loss=73.9990 | Val Acc=0.2250 | Val F1=0.1225
2025-12-11 05:16:34,027 - INFO - Epoch 33/300 [LR=0.000493]: Train Loss=67.2787 | Train Acc=0.2070 | Val Loss=73.9977 | Val Acc=0.2250 | Val F1=0.1209
2025-12-11 05:17:06,142 - INFO - Epoch 34/300 [LR=0.000493]: Train Loss=71.5497 | Train Acc=0.1914 | Val Loss=73.9908 | Val Acc=0.2375 | Val F1=0.1314
2025-12-11 05:17:06,221 - INFO - 💾 保存最佳模型 (F1: 0.1314)
2025-12-11 05:17:38,327 - INFO - Epoch 35/300 [LR=0.000493]: Train Loss=61.8164 | Train Acc=0.2383 | Val Loss=73.9937 | Val Acc=0.2375 | Val F1=0.1302
2025-12-11 05:18:10,545 - INFO - Epoch 36/300 [LR=0.000493]: Train Loss=66.4893 | Train Acc=0.2266 | Val Loss=73.9876 | Val Acc=0.2375 | Val F1=0.1285
2025-12-11 05:18:42,585 - INFO - Epoch 37/300 [LR=0.000492]: Train Loss=65.3141 | Train Acc=0.2305 | Val Loss=73.9891 | Val Acc=0.2375 | Val F1=0.1259
2025-12-11 05:19:14,579 - INFO - Epoch 38/300 [LR=0.000492]: Train Loss=70.7620 | Train Acc=0.2031 | Val Loss=73.9939 | Val Acc=0.2375 | Val F1=0.1253
2025-12-11 05:19:46,883 - INFO - Epoch 39/300 [LR=0.000492]: Train Loss=64.9108 | Train Acc=0.2656 | Val Loss=73.9926 | Val Acc=0.2375 | Val F1=0.1236
2025-12-11 05:20:19,313 - INFO - Epoch 40/300 [LR=0.000492]: Train Loss=64.5211 | Train Acc=0.2305 | Val Loss=73.9951 | Val Acc=0.2375 | Val F1=0.1236
2025-12-11 05:20:51,353 - INFO - Epoch 41/300 [LR=0.000492]: Train Loss=66.0813 | Train Acc=0.2266 | Val Loss=73.9927 | Val Acc=0.2375 | Val F1=0.1328
2025-12-11 05:20:51,432 - INFO - 💾 保存最佳模型 (F1: 0.1328)
2025-12-11 05:21:23,451 - INFO - Epoch 42/300 [LR=0.000491]: Train Loss=65.3030 | Train Acc=0.2461 | Val Loss=73.9957 | Val Acc=0.2375 | Val F1=0.1263
2025-12-11 05:21:55,376 - INFO - Epoch 43/300 [LR=0.000491]: Train Loss=65.3072 | Train Acc=0.2109 | Val Loss=73.9904 | Val Acc=0.2375 | Val F1=0.1258
2025-12-11 05:22:27,521 - INFO - Epoch 44/300 [LR=0.000491]: Train Loss=66.8501 | Train Acc=0.2383 | Val Loss=73.9801 | Val Acc=0.2375 | Val F1=0.1275
2025-12-11 05:22:59,517 - INFO - Epoch 45/300 [LR=0.000491]: Train Loss=65.3000 | Train Acc=0.2734 | Val Loss=73.9825 | Val Acc=0.2250 | Val F1=0.1203
2025-12-11 05:23:31,579 - INFO - Epoch 46/300 [LR=0.000491]: Train Loss=71.1528 | Train Acc=0.1719 | Val Loss=73.9912 | Val Acc=0.2250 | Val F1=0.1191
2025-12-11 05:24:03,661 - INFO - Epoch 47/300 [LR=0.000490]: Train Loss=62.9349 | Train Acc=0.3203 | Val Loss=73.9959 | Val Acc=0.2250 | Val F1=0.1181
2025-12-11 05:24:36,086 - INFO - Epoch 48/300 [LR=0.000490]: Train Loss=65.6686 | Train Acc=0.2773 | Val Loss=74.0012 | Val Acc=0.2125 | Val F1=0.1104
2025-12-11 05:25:08,003 - INFO - Epoch 49/300 [LR=0.000490]: Train Loss=62.9384 | Train Acc=0.3047 | Val Loss=73.9960 | Val Acc=0.2125 | Val F1=0.1099
2025-12-11 05:25:40,278 - INFO - Epoch 50/300 [LR=0.000490]: Train Loss=65.6963 | Train Acc=0.2188 | Val Loss=73.9990 | Val Acc=0.2125 | Val F1=0.1110
2025-12-11 05:26:12,455 - INFO - Epoch 51/300 [LR=0.000490]: Train Loss=68.4069 | Train Acc=0.2031 | Val Loss=73.9932 | Val Acc=0.2250 | Val F1=0.1155
2025-12-11 05:26:44,646 - INFO - Epoch 52/300 [LR=0.000489]: Train Loss=70.3467 | Train Acc=0.2070 | Val Loss=73.9906 | Val Acc=0.2250 | Val F1=0.1151
2025-12-11 05:27:16,447 - INFO - Epoch 53/300 [LR=0.000489]: Train Loss=62.9388 | Train Acc=0.2852 | Val Loss=73.9942 | Val Acc=0.2250 | Val F1=0.1172
2025-12-11 05:27:48,443 - INFO - Epoch 54/300 [LR=0.000489]: Train Loss=68.3947 | Train Acc=0.2344 | Val Loss=74.0038 | Val Acc=0.2125 | Val F1=0.1105
2025-12-11 05:28:20,290 - INFO - Epoch 55/300 [LR=0.000489]: Train Loss=66.8526 | Train Acc=0.2500 | Val Loss=74.0061 | Val Acc=0.2125 | Val F1=0.1102
2025-12-11 05:28:52,657 - INFO - Epoch 56/300 [LR=0.000489]: Train Loss=67.2199 | Train Acc=0.2695 | Val Loss=73.9943 | Val Acc=0.2375 | Val F1=0.1227
2025-12-11 05:29:24,674 - INFO - Epoch 57/300 [LR=0.000488]: Train Loss=67.2460 | Train Acc=0.2266 | Val Loss=73.9891 | Val Acc=0.2375 | Val F1=0.1216
2025-12-11 05:29:56,789 - INFO - Epoch 58/300 [LR=0.000488]: Train Loss=64.8839 | Train Acc=0.2266 | Val Loss=73.9867 | Val Acc=0.2375 | Val F1=0.1215
2025-12-11 05:30:29,122 - INFO - Epoch 59/300 [LR=0.000488]: Train Loss=71.5073 | Train Acc=0.2188 | Val Loss=73.9810 | Val Acc=0.2375 | Val F1=0.1219
2025-12-11 05:31:01,485 - INFO - Epoch 60/300 [LR=0.000488]: Train Loss=66.8693 | Train Acc=0.2383 | Val Loss=73.9834 | Val Acc=0.2375 | Val F1=0.1218
2025-12-11 05:31:33,500 - INFO - Epoch 61/300 [LR=0.000487]: Train Loss=68.7855 | Train Acc=0.2539 | Val Loss=73.9956 | Val Acc=0.2375 | Val F1=0.1230
2025-12-11 05:32:05,924 - INFO - Epoch 62/300 [LR=0.000487]: Train Loss=66.0703 | Train Acc=0.2539 | Val Loss=73.9966 | Val Acc=0.2375 | Val F1=0.1238
2025-12-11 05:32:38,261 - INFO - Epoch 63/300 [LR=0.000487]: Train Loss=66.8287 | Train Acc=0.2578 | Val Loss=73.9935 | Val Acc=0.2375 | Val F1=0.1238
2025-12-11 05:33:10,344 - INFO - Epoch 64/300 [LR=0.000487]: Train Loss=64.8713 | Train Acc=0.2891 | Val Loss=73.9941 | Val Acc=0.2375 | Val F1=0.1252
2025-12-11 05:33:42,625 - INFO - Epoch 65/300 [LR=0.000487]: Train Loss=69.1666 | Train Acc=0.1953 | Val Loss=73.9972 | Val Acc=0.2250 | Val F1=0.1107
2025-12-11 05:34:14,817 - INFO - Epoch 66/300 [LR=0.000486]: Train Loss=62.1461 | Train Acc=0.2656 | Val Loss=73.9942 | Val Acc=0.2250 | Val F1=0.1101
2025-12-11 05:34:47,090 - INFO - Epoch 67/300 [LR=0.000486]: Train Loss=64.8800 | Train Acc=0.2734 | Val Loss=73.9959 | Val Acc=0.2250 | Val F1=0.1106
2025-12-11 05:35:19,242 - INFO - Epoch 68/300 [LR=0.000486]: Train Loss=69.9453 | Train Acc=0.2500 | Val Loss=73.9988 | Val Acc=0.2250 | Val F1=0.1201
2025-12-11 05:35:51,673 - INFO - Epoch 69/300 [LR=0.000486]: Train Loss=62.1391 | Train Acc=0.2773 | Val Loss=74.0005 | Val Acc=0.2250 | Val F1=0.1204
2025-12-11 05:36:23,468 - INFO - Epoch 70/300 [LR=0.000486]: Train Loss=72.2797 | Train Acc=0.2539 | Val Loss=74.0039 | Val Acc=0.2250 | Val F1=0.1189
2025-12-11 05:36:55,317 - INFO - Epoch 71/300 [LR=0.000485]: Train Loss=69.1642 | Train Acc=0.2656 | Val Loss=74.0054 | Val Acc=0.2250 | Val F1=0.1203
2025-12-11 05:36:55,317 - INFO - 🛑 Early stopping at epoch 71
2025-12-11 05:36:55,384 - INFO -  🔧使用 Focal Loss (标签平滑=0.02) 处理难分样本
2025-12-11 05:36:55,385 - INFO - 💾 梯度累积启用: batch_size=32 → accumulation_steps=2 (有效批大小=64)
2025-12-11 05:37:26,472 - INFO - Epoch 1/300 [LR=0.000000]: Train Loss=0.0000 | Train Acc=0.3594 | Val Loss=0.0000 | Val Acc=0.5294 | Val F1=0.2919
2025-12-11 05:37:26,500 - INFO - 💾 保存最佳模型 (F1: 0.2919)
2025-12-11 05:37:57,313 - INFO - Epoch 2/300 [LR=0.000063]: Train Loss=0.0000 | Train Acc=0.3125 | Val Loss=0.0000 | Val Acc=0.1765 | Val F1=0.1176
2025-12-11 05:38:28,481 - INFO - Epoch 3/300 [LR=0.000125]: Train Loss=0.0000 | Train Acc=0.2734 | Val Loss=0.0000 | Val Acc=0.0588 | Val F1=0.0460
2025-12-11 05:38:59,245 - INFO - Epoch 4/300 [LR=0.000188]: Train Loss=0.0000 | Train Acc=0.3359 | Val Loss=0.0000 | Val Acc=0.0294 | Val F1=0.0238
2025-12-11 05:39:30,237 - INFO - Epoch 5/300 [LR=0.000250]: Train Loss=0.0000 | Train Acc=0.2891 | Val Loss=0.0000 | Val Acc=0.0588 | Val F1=0.0460
2025-12-11 05:40:01,142 - INFO - Epoch 6/300 [LR=0.000313]: Train Loss=0.0000 | Train Acc=0.3594 | Val Loss=0.0000 | Val Acc=0.1176 | Val F1=0.0898
2025-12-11 05:40:32,162 - INFO - Epoch 7/300 [LR=0.000375]: Train Loss=0.0000 | Train Acc=0.3281 | Val Loss=0.0000 | Val Acc=0.1176 | Val F1=0.0898
2025-12-11 05:41:03,155 - INFO - Epoch 8/300 [LR=0.000438]: Train Loss=0.0000 | Train Acc=0.2969 | Val Loss=0.0000 | Val Acc=0.1471 | Val F1=0.1131
2025-12-11 05:41:34,679 - INFO - Epoch 9/300 [LR=0.000497]: Train Loss=0.0000 | Train Acc=0.2578 | Val Loss=0.0000 | Val Acc=0.1765 | Val F1=0.1350
2025-12-11 05:42:05,630 - INFO - Epoch 10/300 [LR=0.000496]: Train Loss=0.0000 | Train Acc=0.3438 | Val Loss=0.0000 | Val Acc=0.2059 | Val F1=0.1556
2025-12-11 05:42:36,727 - INFO - Epoch 11/300 [LR=0.000496]: Train Loss=0.0000 | Train Acc=0.2031 | Val Loss=0.0000 | Val Acc=0.2059 | Val F1=0.1556
2025-12-11 05:43:07,638 - INFO - Epoch 12/300 [LR=0.000495]: Train Loss=0.0000 | Train Acc=0.3281 | Val Loss=0.0000 | Val Acc=0.2353 | Val F1=0.1750
2025-12-11 05:43:38,826 - INFO - Epoch 13/300 [LR=0.000495]: Train Loss=0.0000 | Train Acc=0.3359 | Val Loss=0.0000 | Val Acc=0.2353 | Val F1=0.1750
2025-12-11 05:44:09,759 - INFO - Epoch 14/300 [LR=0.000495]: Train Loss=0.0000 | Train Acc=0.3047 | Val Loss=0.0000 | Val Acc=0.1765 | Val F1=0.1350
2025-12-11 05:44:40,860 - INFO - Epoch 15/300 [LR=0.000494]: Train Loss=0.0000 | Train Acc=0.3281 | Val Loss=0.0000 | Val Acc=0.2059 | Val F1=0.1556
2025-12-11 05:45:11,783 - INFO - Epoch 16/300 [LR=0.000494]: Train Loss=0.0000 | Train Acc=0.2812 | Val Loss=0.0000 | Val Acc=0.2059 | Val F1=0.1556
2025-12-11 05:45:42,903 - INFO - Epoch 17/300 [LR=0.000493]: Train Loss=0.0000 | Train Acc=0.3438 | Val Loss=0.0000 | Val Acc=0.2353 | Val F1=0.1726
2025-12-11 05:46:13,958 - INFO - Epoch 18/300 [LR=0.000493]: Train Loss=0.0000 | Train Acc=0.3672 | Val Loss=0.0000 | Val Acc=0.1765 | Val F1=0.1350
2025-12-11 05:46:44,849 - INFO - Epoch 19/300 [LR=0.000492]: Train Loss=0.0000 | Train Acc=0.3438 | Val Loss=0.0000 | Val Acc=0.2353 | Val F1=0.1750
2025-12-11 05:47:15,769 - INFO - Epoch 20/300 [LR=0.000492]: Train Loss=0.0000 | Train Acc=0.4062 | Val Loss=0.0000 | Val Acc=0.1765 | Val F1=0.1350
2025-12-11 05:47:46,843 - INFO - Epoch 21/300 [LR=0.000492]: Train Loss=0.0000 | Train Acc=0.3359 | Val Loss=0.0000 | Val Acc=0.2353 | Val F1=0.1750
2025-12-11 05:48:17,767 - INFO - Epoch 22/300 [LR=0.000491]: Train Loss=0.0000 | Train Acc=0.2891 | Val Loss=0.0000 | Val Acc=0.2353 | Val F1=0.1726
2025-12-11 05:48:48,810 - INFO - Epoch 23/300 [LR=0.000491]: Train Loss=0.0000 | Train Acc=0.3281 | Val Loss=0.0000 | Val Acc=0.2647 | Val F1=0.1935
2025-12-11 05:49:19,905 - INFO - Epoch 24/300 [LR=0.000490]: Train Loss=0.0000 | Train Acc=0.4141 | Val Loss=0.0000 | Val Acc=0.2353 | Val F1=0.1750
2025-12-11 05:49:51,064 - INFO - Epoch 25/300 [LR=0.000490]: Train Loss=0.0000 | Train Acc=0.2812 | Val Loss=0.0000 | Val Acc=0.2059 | Val F1=0.1556
2025-12-11 05:50:22,138 - INFO - Epoch 26/300 [LR=0.000490]: Train Loss=0.0000 | Train Acc=0.2812 | Val Loss=0.0000 | Val Acc=0.2353 | Val F1=0.1750
2025-12-11 05:50:53,142 - INFO - Epoch 27/300 [LR=0.000489]: Train Loss=0.0000 | Train Acc=0.2344 | Val Loss=0.0000 | Val Acc=0.2353 | Val F1=0.1750
2025-12-11 05:51:24,138 - INFO - Epoch 28/300 [LR=0.000489]: Train Loss=0.0000 | Train Acc=0.2656 | Val Loss=0.0000 | Val Acc=0.2353 | Val F1=0.1750
2025-12-11 05:51:55,061 - INFO - Epoch 29/300 [LR=0.000488]: Train Loss=0.0000 | Train Acc=0.2969 | Val Loss=0.0000 | Val Acc=0.2059 | Val F1=0.1556
2025-12-11 05:52:26,202 - INFO - Epoch 30/300 [LR=0.000488]: Train Loss=0.0000 | Train Acc=0.2188 | Val Loss=0.0000 | Val Acc=0.2059 | Val F1=0.1556
2025-12-11 05:52:57,284 - INFO - Epoch 31/300 [LR=0.000487]: Train Loss=0.0000 | Train Acc=0.3125 | Val Loss=0.0000 | Val Acc=0.2059 | Val F1=0.1556
2025-12-11 05:52:57,284 - INFO - 🛑 Early stopping at epoch 31
