2025-12-11 16:33:59,689 - INFO -  🔧使用 Focal Loss (标签平滑=0.01) 处理难分样本
2025-12-11 16:34:40,604 - INFO - Epoch 1/400 [LR=0.000000]: Train Loss=0.3638 | Train Acc=0.0809 | Val Loss=0.1289 | Val Acc=0.0827 | Val F1=0.0561
2025-12-11 16:34:40,632 - INFO - 💾 保存最佳模型 (F1: 0.0561)
2025-12-11 16:35:18,274 - INFO - Epoch 2/400 [LR=0.000015]: Train Loss=0.4103 | Train Acc=0.0800 | Val Loss=0.1358 | Val Acc=0.0683 | Val F1=0.0473
2025-12-11 16:35:56,391 - INFO - Epoch 3/400 [LR=0.000029]: Train Loss=0.4395 | Train Acc=0.0928 | Val Loss=0.1211 | Val Acc=0.0935 | Val F1=0.0667
2025-12-11 16:35:56,482 - INFO - 💾 保存最佳模型 (F1: 0.0667)
2025-12-11 16:36:34,673 - INFO - Epoch 4/400 [LR=0.000044]: Train Loss=0.3960 | Train Acc=0.1268 | Val Loss=0.1028 | Val Acc=0.1691 | Val F1=0.1421
2025-12-11 16:36:34,763 - INFO - 💾 保存最佳模型 (F1: 0.1421)
2025-12-11 16:37:12,711 - INFO - Epoch 5/400 [LR=0.000059]: Train Loss=0.3201 | Train Acc=0.1342 | Val Loss=0.0978 | Val Acc=0.2158 | Val F1=0.1900
2025-12-11 16:37:12,796 - INFO - 💾 保存最佳模型 (F1: 0.1900)
2025-12-11 16:37:50,604 - INFO - Epoch 6/400 [LR=0.000074]: Train Loss=0.2784 | Train Acc=0.1581 | Val Loss=0.1007 | Val Acc=0.2734 | Val F1=0.2402
2025-12-11 16:37:50,706 - INFO - 💾 保存最佳模型 (F1: 0.2402)
2025-12-11 16:38:28,801 - INFO - Epoch 7/400 [LR=0.000088]: Train Loss=0.3013 | Train Acc=0.1783 | Val Loss=0.0973 | Val Acc=0.2554 | Val F1=0.2619
2025-12-11 16:38:28,878 - INFO - 💾 保存最佳模型 (F1: 0.2619)
2025-12-11 16:39:07,325 - INFO - Epoch 8/400 [LR=0.000103]: Train Loss=0.2807 | Train Acc=0.2261 | Val Loss=0.0974 | Val Acc=0.2950 | Val F1=0.2716
2025-12-11 16:39:07,412 - INFO - 💾 保存最佳模型 (F1: 0.2716)
2025-12-11 16:39:46,300 - INFO - Epoch 9/400 [LR=0.000118]: Train Loss=0.2769 | Train Acc=0.2518 | Val Loss=0.0854 | Val Acc=0.3453 | Val F1=0.3197
2025-12-11 16:39:46,406 - INFO - 💾 保存最佳模型 (F1: 0.3197)
2025-12-11 16:40:24,345 - INFO - Epoch 10/400 [LR=0.000132]: Train Loss=0.2036 | Train Acc=0.2996 | Val Loss=0.0767 | Val Acc=0.3993 | Val F1=0.3938
2025-12-11 16:40:24,446 - INFO - 💾 保存最佳模型 (F1: 0.3938)
2025-12-11 16:41:01,680 - INFO - Epoch 11/400 [LR=0.000147]: Train Loss=0.1841 | Train Acc=0.3585 | Val Loss=0.0754 | Val Acc=0.4209 | Val F1=0.3728
2025-12-11 16:41:40,324 - INFO - Epoch 12/400 [LR=0.000162]: Train Loss=0.1831 | Train Acc=0.3851 | Val Loss=0.0721 | Val Acc=0.4856 | Val F1=0.4561
2025-12-11 16:41:40,397 - INFO - 💾 保存最佳模型 (F1: 0.4561)
2025-12-11 16:42:18,276 - INFO - Epoch 13/400 [LR=0.000176]: Train Loss=0.1680 | Train Acc=0.4338 | Val Loss=0.0711 | Val Acc=0.5324 | Val F1=0.4777
2025-12-11 16:42:18,360 - INFO - 💾 保存最佳模型 (F1: 0.4777)
2025-12-11 16:42:56,265 - INFO - Epoch 14/400 [LR=0.000191]: Train Loss=0.1862 | Train Acc=0.4118 | Val Loss=0.0674 | Val Acc=0.5791 | Val F1=0.5137
2025-12-11 16:42:56,351 - INFO - 💾 保存最佳模型 (F1: 0.5137)
2025-12-11 16:43:33,839 - INFO - Epoch 15/400 [LR=0.000206]: Train Loss=0.1866 | Train Acc=0.4825 | Val Loss=0.0622 | Val Acc=0.5612 | Val F1=0.5269
2025-12-11 16:43:33,925 - INFO - 💾 保存最佳模型 (F1: 0.5269)
2025-12-11 16:44:12,319 - INFO - Epoch 16/400 [LR=0.000221]: Train Loss=0.1849 | Train Acc=0.4761 | Val Loss=0.0623 | Val Acc=0.5288 | Val F1=0.4797
2025-12-11 16:44:50,096 - INFO - Epoch 17/400 [LR=0.000235]: Train Loss=0.1832 | Train Acc=0.5055 | Val Loss=0.0630 | Val Acc=0.5791 | Val F1=0.5160
2025-12-11 16:45:28,023 - INFO - Epoch 18/400 [LR=0.000250]: Train Loss=0.1341 | Train Acc=0.5625 | Val Loss=0.0597 | Val Acc=0.5935 | Val F1=0.5281
2025-12-11 16:45:28,126 - INFO - 💾 保存最佳模型 (F1: 0.5281)
2025-12-11 16:46:06,230 - INFO - Epoch 19/400 [LR=0.000265]: Train Loss=0.1189 | Train Acc=0.5533 | Val Loss=0.0579 | Val Acc=0.6043 | Val F1=0.5373
2025-12-11 16:46:06,307 - INFO - 💾 保存最佳模型 (F1: 0.5373)
2025-12-11 16:46:44,552 - INFO - Epoch 20/400 [LR=0.000279]: Train Loss=0.1485 | Train Acc=0.5542 | Val Loss=0.0652 | Val Acc=0.5899 | Val F1=0.5436
2025-12-11 16:46:44,643 - INFO - 💾 保存最佳模型 (F1: 0.5436)
2025-12-11 16:47:23,061 - INFO - Epoch 21/400 [LR=0.000294]: Train Loss=0.1866 | Train Acc=0.5551 | Val Loss=0.0634 | Val Acc=0.6259 | Val F1=0.5614
2025-12-11 16:47:23,143 - INFO - 💾 保存最佳模型 (F1: 0.5614)
2025-12-11 16:48:00,624 - INFO - Epoch 22/400 [LR=0.000309]: Train Loss=0.1226 | Train Acc=0.5956 | Val Loss=0.0586 | Val Acc=0.6475 | Val F1=0.5554
2025-12-11 16:48:39,545 - INFO - Epoch 23/400 [LR=0.000324]: Train Loss=0.1432 | Train Acc=0.5836 | Val Loss=0.0609 | Val Acc=0.6115 | Val F1=0.5339
2025-12-11 16:49:17,213 - INFO - Epoch 24/400 [LR=0.000338]: Train Loss=0.0992 | Train Acc=0.6140 | Val Loss=0.0612 | Val Acc=0.6475 | Val F1=0.5630
2025-12-11 16:49:17,314 - INFO - 💾 保存最佳模型 (F1: 0.5630)
2025-12-11 16:49:54,758 - INFO - Epoch 25/400 [LR=0.000353]: Train Loss=0.1504 | Train Acc=0.5790 | Val Loss=0.0563 | Val Acc=0.6439 | Val F1=0.5508
2025-12-11 16:50:33,082 - INFO - Epoch 26/400 [LR=0.000368]: Train Loss=0.1163 | Train Acc=0.6811 | Val Loss=0.0622 | Val Acc=0.6403 | Val F1=0.5617
2025-12-11 16:51:11,231 - INFO - Epoch 27/400 [LR=0.000382]: Train Loss=0.1111 | Train Acc=0.6434 | Val Loss=0.0584 | Val Acc=0.6727 | Val F1=0.5904
2025-12-11 16:51:11,311 - INFO - 💾 保存最佳模型 (F1: 0.5904)
2025-12-11 16:51:49,046 - INFO - Epoch 28/400 [LR=0.000397]: Train Loss=0.1045 | Train Acc=0.5882 | Val Loss=0.0668 | Val Acc=0.6295 | Val F1=0.5713
2025-12-11 16:52:26,638 - INFO - Epoch 29/400 [LR=0.000412]: Train Loss=0.1396 | Train Acc=0.5836 | Val Loss=0.0655 | Val Acc=0.6331 | Val F1=0.5687
2025-12-11 16:53:04,593 - INFO - Epoch 30/400 [LR=0.000426]: Train Loss=0.1091 | Train Acc=0.6480 | Val Loss=0.0623 | Val Acc=0.6259 | Val F1=0.5429
2025-12-11 16:53:42,746 - INFO - Epoch 31/400 [LR=0.000441]: Train Loss=0.0902 | Train Acc=0.6949 | Val Loss=0.0658 | Val Acc=0.6547 | Val F1=0.5728
2025-12-11 16:54:20,568 - INFO - Epoch 32/400 [LR=0.000456]: Train Loss=0.1127 | Train Acc=0.6875 | Val Loss=0.0685 | Val Acc=0.6403 | Val F1=0.5027
2025-12-11 16:54:58,411 - INFO - Epoch 33/400 [LR=0.000471]: Train Loss=0.0924 | Train Acc=0.6222 | Val Loss=0.0624 | Val Acc=0.6403 | Val F1=0.5383
2025-12-11 16:55:36,596 - INFO - Epoch 34/400 [LR=0.000485]: Train Loss=0.0973 | Train Acc=0.6324 | Val Loss=0.0730 | Val Acc=0.6295 | Val F1=0.5607
2025-12-11 16:56:14,569 - INFO - Epoch 35/400 [LR=0.000498]: Train Loss=0.0887 | Train Acc=0.7031 | Val Loss=0.0685 | Val Acc=0.6655 | Val F1=0.5836
2025-12-11 16:56:52,185 - INFO - Epoch 36/400 [LR=0.000497]: Train Loss=0.1021 | Train Acc=0.6002 | Val Loss=0.0595 | Val Acc=0.6619 | Val F1=0.5793
2025-12-11 16:57:30,242 - INFO - Epoch 37/400 [LR=0.000497]: Train Loss=0.1136 | Train Acc=0.6691 | Val Loss=0.0696 | Val Acc=0.6079 | Val F1=0.5227
2025-12-11 16:58:08,876 - INFO - Epoch 38/400 [LR=0.000497]: Train Loss=0.1080 | Train Acc=0.6112 | Val Loss=0.0668 | Val Acc=0.6727 | Val F1=0.5466
2025-12-11 16:58:46,501 - INFO - Epoch 39/400 [LR=0.000497]: Train Loss=0.1022 | Train Acc=0.6360 | Val Loss=0.0618 | Val Acc=0.6151 | Val F1=0.5156
2025-12-11 16:59:24,687 - INFO - Epoch 40/400 [LR=0.000497]: Train Loss=0.0891 | Train Acc=0.6590 | Val Loss=0.0588 | Val Acc=0.6727 | Val F1=0.6244
2025-12-11 16:59:24,780 - INFO - 💾 保存最佳模型 (F1: 0.6244)
2025-12-11 17:00:03,173 - INFO - Epoch 41/400 [LR=0.000497]: Train Loss=0.1024 | Train Acc=0.7298 | Val Loss=0.0637 | Val Acc=0.6547 | Val F1=0.5899
2025-12-11 17:00:40,853 - INFO - Epoch 42/400 [LR=0.000497]: Train Loss=0.1084 | Train Acc=0.6195 | Val Loss=0.0661 | Val Acc=0.6079 | Val F1=0.5437
2025-12-11 17:01:19,211 - INFO - Epoch 43/400 [LR=0.000497]: Train Loss=0.0913 | Train Acc=0.6434 | Val Loss=0.0714 | Val Acc=0.6331 | Val F1=0.5832
2025-12-11 17:01:57,253 - INFO - Epoch 44/400 [LR=0.000497]: Train Loss=0.0601 | Train Acc=0.7233 | Val Loss=0.0739 | Val Acc=0.6475 | Val F1=0.5305
2025-12-11 17:02:35,188 - INFO - Epoch 45/400 [LR=0.000497]: Train Loss=0.0924 | Train Acc=0.6590 | Val Loss=0.0671 | Val Acc=0.6547 | Val F1=0.5911
2025-12-11 17:03:13,472 - INFO - Epoch 46/400 [LR=0.000497]: Train Loss=0.0827 | Train Acc=0.7325 | Val Loss=0.0632 | Val Acc=0.6475 | Val F1=0.5814
2025-12-11 17:03:50,826 - INFO - Epoch 47/400 [LR=0.000497]: Train Loss=0.0611 | Train Acc=0.7335 | Val Loss=0.0632 | Val Acc=0.6727 | Val F1=0.6058
2025-12-11 17:04:28,938 - INFO - Epoch 48/400 [LR=0.000497]: Train Loss=0.0631 | Train Acc=0.7197 | Val Loss=0.0724 | Val Acc=0.6295 | Val F1=0.5276
2025-12-11 17:05:06,637 - INFO - Epoch 49/400 [LR=0.000496]: Train Loss=0.0732 | Train Acc=0.7289 | Val Loss=0.0667 | Val Acc=0.6151 | Val F1=0.5555
2025-12-11 17:05:45,187 - INFO - Epoch 50/400 [LR=0.000496]: Train Loss=0.0906 | Train Acc=0.6645 | Val Loss=0.0757 | Val Acc=0.6295 | Val F1=0.4967
2025-12-11 17:06:23,482 - INFO - Epoch 51/400 [LR=0.000496]: Train Loss=0.0699 | Train Acc=0.7252 | Val Loss=0.0688 | Val Acc=0.6331 | Val F1=0.5635
2025-12-11 17:07:02,057 - INFO - Epoch 52/400 [LR=0.000496]: Train Loss=0.0608 | Train Acc=0.6296 | Val Loss=0.0646 | Val Acc=0.6511 | Val F1=0.5870
2025-12-11 17:07:40,231 - INFO - Epoch 53/400 [LR=0.000496]: Train Loss=0.0617 | Train Acc=0.7445 | Val Loss=0.0658 | Val Acc=0.6439 | Val F1=0.5784
2025-12-11 17:08:17,824 - INFO - Epoch 54/400 [LR=0.000496]: Train Loss=0.0758 | Train Acc=0.6241 | Val Loss=0.0663 | Val Acc=0.6547 | Val F1=0.5718
2025-12-11 17:08:56,002 - INFO - Epoch 55/400 [LR=0.000496]: Train Loss=0.0430 | Train Acc=0.6811 | Val Loss=0.0689 | Val Acc=0.6187 | Val F1=0.5613
2025-12-11 17:09:34,428 - INFO - Epoch 56/400 [LR=0.000496]: Train Loss=0.0481 | Train Acc=0.7583 | Val Loss=0.0620 | Val Acc=0.6439 | Val F1=0.5597
2025-12-11 17:10:12,496 - INFO - Epoch 57/400 [LR=0.000496]: Train Loss=0.0539 | Train Acc=0.7335 | Val Loss=0.0681 | Val Acc=0.6547 | Val F1=0.6015
2025-12-11 17:10:50,316 - INFO - Epoch 58/400 [LR=0.000496]: Train Loss=0.0487 | Train Acc=0.7574 | Val Loss=0.0707 | Val Acc=0.6439 | Val F1=0.5570
2025-12-11 17:11:27,873 - INFO - Epoch 59/400 [LR=0.000496]: Train Loss=0.0781 | Train Acc=0.7059 | Val Loss=0.0661 | Val Acc=0.6511 | Val F1=0.5729
2025-12-11 17:12:05,985 - INFO - Epoch 60/400 [LR=0.000496]: Train Loss=0.0572 | Train Acc=0.7454 | Val Loss=0.0662 | Val Acc=0.6583 | Val F1=0.5768
2025-12-11 17:12:43,202 - INFO - Epoch 61/400 [LR=0.000496]: Train Loss=0.0459 | Train Acc=0.8015 | Val Loss=0.0700 | Val Acc=0.6331 | Val F1=0.5535
2025-12-11 17:13:21,890 - INFO - Epoch 62/400 [LR=0.000496]: Train Loss=0.0588 | Train Acc=0.7123 | Val Loss=0.0773 | Val Acc=0.6403 | Val F1=0.5474
2025-12-11 17:13:59,769 - INFO - Epoch 63/400 [LR=0.000495]: Train Loss=0.0823 | Train Acc=0.6829 | Val Loss=0.0832 | Val Acc=0.5827 | Val F1=0.5112
2025-12-11 17:14:37,884 - INFO - Epoch 64/400 [LR=0.000495]: Train Loss=0.0562 | Train Acc=0.7711 | Val Loss=0.0799 | Val Acc=0.6367 | Val F1=0.5097
2025-12-11 17:15:15,693 - INFO - Epoch 65/400 [LR=0.000495]: Train Loss=0.0520 | Train Acc=0.7895 | Val Loss=0.0719 | Val Acc=0.6115 | Val F1=0.5180
2025-12-11 17:15:15,694 - INFO - 🛑 Early stopping at epoch 65
2025-12-11 17:15:15,756 - INFO -  🔧使用 Focal Loss (标签平滑=0.01) 处理难分样本
2025-12-11 17:15:47,441 - INFO - Epoch 1/300 [LR=0.000000]: Train Loss=1.5833 | Train Acc=0.1364 | Val Loss=1.0502 | Val Acc=0.1481 | Val F1=0.0508
2025-12-11 17:15:47,467 - INFO - 💾 保存最佳模型 (F1: 0.0508)
2025-12-11 17:16:18,154 - INFO - Epoch 2/300 [LR=0.000014]: Train Loss=1.6254 | Train Acc=0.0852 | Val Loss=1.1066 | Val Acc=0.2037 | Val F1=0.0669
2025-12-11 17:16:18,242 - INFO - 💾 保存最佳模型 (F1: 0.0669)
2025-12-11 17:16:48,937 - INFO - Epoch 3/300 [LR=0.000027]: Train Loss=1.5418 | Train Acc=0.1250 | Val Loss=1.0890 | Val Acc=0.2222 | Val F1=0.0967
2025-12-11 17:16:49,010 - INFO - 💾 保存最佳模型 (F1: 0.0967)
2025-12-11 17:17:19,729 - INFO - Epoch 4/300 [LR=0.000041]: Train Loss=1.4330 | Train Acc=0.1477 | Val Loss=1.0410 | Val Acc=0.2037 | Val F1=0.1059
2025-12-11 17:17:19,812 - INFO - 💾 保存最佳模型 (F1: 0.1059)
2025-12-11 17:17:50,637 - INFO - Epoch 5/300 [LR=0.000055]: Train Loss=1.3705 | Train Acc=0.1364 | Val Loss=1.0334 | Val Acc=0.2037 | Val F1=0.1525
2025-12-11 17:17:50,725 - INFO - 💾 保存最佳模型 (F1: 0.1525)
2025-12-11 17:18:21,217 - INFO - Epoch 6/300 [LR=0.000068]: Train Loss=1.3192 | Train Acc=0.1705 | Val Loss=1.0180 | Val Acc=0.2222 | Val F1=0.1443
2025-12-11 17:18:51,921 - INFO - Epoch 7/300 [LR=0.000082]: Train Loss=1.1231 | Train Acc=0.2330 | Val Loss=1.0249 | Val Acc=0.3148 | Val F1=0.1940
2025-12-11 17:18:52,010 - INFO - 💾 保存最佳模型 (F1: 0.1940)
2025-12-11 17:19:22,938 - INFO - Epoch 8/300 [LR=0.000095]: Train Loss=1.1627 | Train Acc=0.2045 | Val Loss=0.9939 | Val Acc=0.2778 | Val F1=0.2138
2025-12-11 17:19:23,047 - INFO - 💾 保存最佳模型 (F1: 0.2138)
2025-12-11 17:19:53,612 - INFO - Epoch 9/300 [LR=0.000109]: Train Loss=1.0982 | Train Acc=0.2443 | Val Loss=1.0438 | Val Acc=0.2037 | Val F1=0.1477
2025-12-11 17:20:24,081 - INFO - Epoch 10/300 [LR=0.000123]: Train Loss=0.9901 | Train Acc=0.2500 | Val Loss=0.9511 | Val Acc=0.3148 | Val F1=0.2150
2025-12-11 17:20:24,168 - INFO - 💾 保存最佳模型 (F1: 0.2150)
2025-12-11 17:20:54,812 - INFO - Epoch 11/300 [LR=0.000136]: Train Loss=0.9886 | Train Acc=0.2614 | Val Loss=0.9365 | Val Acc=0.2778 | Val F1=0.2169
2025-12-11 17:20:54,918 - INFO - 💾 保存最佳模型 (F1: 0.2169)
2025-12-11 17:21:25,494 - INFO - Epoch 12/300 [LR=0.000150]: Train Loss=0.9858 | Train Acc=0.2898 | Val Loss=0.9473 | Val Acc=0.4259 | Val F1=0.3756
2025-12-11 17:21:25,582 - INFO - 💾 保存最佳模型 (F1: 0.3756)
2025-12-11 17:21:56,216 - INFO - Epoch 13/300 [LR=0.000164]: Train Loss=0.8751 | Train Acc=0.3239 | Val Loss=0.9133 | Val Acc=0.3704 | Val F1=0.3087
2025-12-11 17:22:27,076 - INFO - Epoch 14/300 [LR=0.000177]: Train Loss=0.8788 | Train Acc=0.3352 | Val Loss=0.8880 | Val Acc=0.3148 | Val F1=0.2504
2025-12-11 17:22:57,694 - INFO - Epoch 15/300 [LR=0.000191]: Train Loss=0.7929 | Train Acc=0.3580 | Val Loss=0.8524 | Val Acc=0.3704 | Val F1=0.2312
2025-12-11 17:23:28,300 - INFO - Epoch 16/300 [LR=0.000205]: Train Loss=0.7669 | Train Acc=0.4318 | Val Loss=0.8756 | Val Acc=0.3519 | Val F1=0.2887
2025-12-11 17:23:58,925 - INFO - Epoch 17/300 [LR=0.000218]: Train Loss=0.7456 | Train Acc=0.3523 | Val Loss=0.8605 | Val Acc=0.4074 | Val F1=0.3113
2025-12-11 17:24:29,847 - INFO - Epoch 18/300 [LR=0.000232]: Train Loss=0.7472 | Train Acc=0.3977 | Val Loss=0.8380 | Val Acc=0.3889 | Val F1=0.2768
2025-12-11 17:25:00,447 - INFO - Epoch 19/300 [LR=0.000245]: Train Loss=0.6880 | Train Acc=0.4318 | Val Loss=0.8435 | Val Acc=0.4074 | Val F1=0.2970
2025-12-11 17:25:31,083 - INFO - Epoch 20/300 [LR=0.000259]: Train Loss=0.6899 | Train Acc=0.4205 | Val Loss=0.7941 | Val Acc=0.3519 | Val F1=0.3078
2025-12-11 17:26:01,669 - INFO - Epoch 21/300 [LR=0.000273]: Train Loss=0.6279 | Train Acc=0.4716 | Val Loss=0.9079 | Val Acc=0.3704 | Val F1=0.3183
2025-12-11 17:26:32,194 - INFO - Epoch 22/300 [LR=0.000286]: Train Loss=0.5630 | Train Acc=0.5455 | Val Loss=0.9704 | Val Acc=0.3889 | Val F1=0.3076
2025-12-11 17:27:02,746 - INFO - Epoch 23/300 [LR=0.000298]: Train Loss=0.5829 | Train Acc=0.5568 | Val Loss=1.0380 | Val Acc=0.3333 | Val F1=0.2377
2025-12-11 17:27:33,508 - INFO - Epoch 24/300 [LR=0.000298]: Train Loss=0.5809 | Train Acc=0.4830 | Val Loss=0.9845 | Val Acc=0.4074 | Val F1=0.2809
2025-12-11 17:28:04,089 - INFO - Epoch 25/300 [LR=0.000298]: Train Loss=0.4656 | Train Acc=0.5511 | Val Loss=0.8913 | Val Acc=0.3704 | Val F1=0.3007
2025-12-11 17:28:34,840 - INFO - Epoch 26/300 [LR=0.000298]: Train Loss=0.4981 | Train Acc=0.5852 | Val Loss=0.8936 | Val Acc=0.4074 | Val F1=0.3119
2025-12-11 17:29:05,537 - INFO - Epoch 27/300 [LR=0.000298]: Train Loss=0.5532 | Train Acc=0.4148 | Val Loss=0.9685 | Val Acc=0.4074 | Val F1=0.3252
2025-12-11 17:29:36,023 - INFO - Epoch 28/300 [LR=0.000298]: Train Loss=0.4442 | Train Acc=0.5966 | Val Loss=0.8966 | Val Acc=0.4444 | Val F1=0.3693
2025-12-11 17:30:06,901 - INFO - Epoch 29/300 [LR=0.000297]: Train Loss=0.4461 | Train Acc=0.5739 | Val Loss=0.9398 | Val Acc=0.3889 | Val F1=0.2977
2025-12-11 17:30:37,664 - INFO - Epoch 30/300 [LR=0.000297]: Train Loss=0.3970 | Train Acc=0.5795 | Val Loss=0.9430 | Val Acc=0.4444 | Val F1=0.3138
2025-12-11 17:31:08,355 - INFO - Epoch 31/300 [LR=0.000297]: Train Loss=0.4168 | Train Acc=0.6136 | Val Loss=0.8644 | Val Acc=0.4259 | Val F1=0.3436
2025-12-11 17:31:38,945 - INFO - Epoch 32/300 [LR=0.000297]: Train Loss=0.5008 | Train Acc=0.5568 | Val Loss=0.8766 | Val Acc=0.4815 | Val F1=0.3586
2025-12-11 17:31:38,945 - INFO - 🛑 Early stopping at epoch 32
2025-12-11 17:31:39,001 - INFO -  🔧使用 Focal Loss (标签平滑=0.01) 处理难分样本
2025-12-11 17:32:08,830 - INFO - Epoch 1/300 [LR=0.000000]: Train Loss=0.6196 | Train Acc=0.3958 | Val Loss=0.4399 | Val Acc=0.4667 | Val F1=0.2121
2025-12-11 17:32:08,857 - INFO - 💾 保存最佳模型 (F1: 0.2121)
2025-12-11 17:32:38,615 - INFO - Epoch 2/300 [LR=0.000050]: Train Loss=0.6407 | Train Acc=0.4792 | Val Loss=0.4163 | Val Acc=0.5333 | Val F1=0.2319
2025-12-11 17:32:38,709 - INFO - 💾 保存最佳模型 (F1: 0.2319)
2025-12-11 17:33:08,719 - INFO - Epoch 3/300 [LR=0.000100]: Train Loss=0.3855 | Train Acc=0.5417 | Val Loss=0.4069 | Val Acc=0.5333 | Val F1=0.2319
2025-12-11 17:33:38,499 - INFO - Epoch 4/300 [LR=0.000150]: Train Loss=0.3893 | Train Acc=0.4792 | Val Loss=0.3783 | Val Acc=0.6000 | Val F1=0.4646
2025-12-11 17:33:38,577 - INFO - 💾 保存最佳模型 (F1: 0.4646)
2025-12-11 17:34:08,430 - INFO - Epoch 5/300 [LR=0.000200]: Train Loss=0.3324 | Train Acc=0.5833 | Val Loss=0.3627 | Val Acc=0.7333 | Val F1=0.6794
2025-12-11 17:34:08,491 - INFO - 💾 保存最佳模型 (F1: 0.6794)
2025-12-11 17:34:38,269 - INFO - Epoch 6/300 [LR=0.000250]: Train Loss=0.2968 | Train Acc=0.7083 | Val Loss=0.3502 | Val Acc=0.6667 | Val F1=0.6575
2025-12-11 17:35:07,922 - INFO - Epoch 7/300 [LR=0.000298]: Train Loss=0.3171 | Train Acc=0.6667 | Val Loss=0.3640 | Val Acc=0.6667 | Val F1=0.6575
2025-12-11 17:35:37,653 - INFO - Epoch 8/300 [LR=0.000298]: Train Loss=0.2802 | Train Acc=0.6458 | Val Loss=0.3697 | Val Acc=0.6000 | Val F1=0.6124
2025-12-11 17:36:07,330 - INFO - Epoch 9/300 [LR=0.000297]: Train Loss=0.2825 | Train Acc=0.6667 | Val Loss=0.4211 | Val Acc=0.5333 | Val F1=0.6410
2025-12-11 17:36:36,996 - INFO - Epoch 10/300 [LR=0.000297]: Train Loss=0.3111 | Train Acc=0.6250 | Val Loss=0.4432 | Val Acc=0.6000 | Val F1=0.6905
2025-12-11 17:36:37,082 - INFO - 💾 保存最佳模型 (F1: 0.6905)
2025-12-11 17:37:06,732 - INFO - Epoch 11/300 [LR=0.000297]: Train Loss=0.2496 | Train Acc=0.6458 | Val Loss=0.4316 | Val Acc=0.6667 | Val F1=0.7436
2025-12-11 17:37:06,819 - INFO - 💾 保存最佳模型 (F1: 0.7436)
2025-12-11 17:37:36,372 - INFO - Epoch 12/300 [LR=0.000296]: Train Loss=0.2869 | Train Acc=0.5208 | Val Loss=0.4577 | Val Acc=0.6667 | Val F1=0.7374
2025-12-11 17:38:05,939 - INFO - Epoch 13/300 [LR=0.000296]: Train Loss=0.2943 | Train Acc=0.6667 | Val Loss=0.4763 | Val Acc=0.6000 | Val F1=0.6750
2025-12-11 17:38:35,635 - INFO - Epoch 14/300 [LR=0.000296]: Train Loss=0.1928 | Train Acc=0.7500 | Val Loss=0.4775 | Val Acc=0.5333 | Val F1=0.5439
2025-12-11 17:39:05,272 - INFO - Epoch 15/300 [LR=0.000295]: Train Loss=0.2307 | Train Acc=0.7500 | Val Loss=0.5043 | Val Acc=0.5333 | Val F1=0.5439
2025-12-11 17:39:34,818 - INFO - Epoch 16/300 [LR=0.000295]: Train Loss=0.1372 | Train Acc=0.8542 | Val Loss=0.5207 | Val Acc=0.6000 | Val F1=0.5667
2025-12-11 17:40:04,528 - INFO - Epoch 17/300 [LR=0.000295]: Train Loss=0.1141 | Train Acc=0.8958 | Val Loss=0.5033 | Val Acc=0.6000 | Val F1=0.5667
2025-12-11 17:40:34,241 - INFO - Epoch 18/300 [LR=0.000294]: Train Loss=0.1530 | Train Acc=0.7500 | Val Loss=0.4013 | Val Acc=0.6000 | Val F1=0.5667
2025-12-11 17:41:03,821 - INFO - Epoch 19/300 [LR=0.000294]: Train Loss=0.2236 | Train Acc=0.6875 | Val Loss=0.4928 | Val Acc=0.6000 | Val F1=0.5667
2025-12-11 17:41:33,387 - INFO - Epoch 20/300 [LR=0.000294]: Train Loss=0.1483 | Train Acc=0.8542 | Val Loss=0.5337 | Val Acc=0.5333 | Val F1=0.5439
2025-12-11 17:42:03,171 - INFO - Epoch 21/300 [LR=0.000293]: Train Loss=0.1303 | Train Acc=0.8958 | Val Loss=0.5107 | Val Acc=0.5333 | Val F1=0.5439
2025-12-11 17:42:32,928 - INFO - Epoch 22/300 [LR=0.000293]: Train Loss=0.1437 | Train Acc=0.8125 | Val Loss=0.3815 | Val Acc=0.5333 | Val F1=0.5439
2025-12-11 17:43:02,770 - INFO - Epoch 23/300 [LR=0.000293]: Train Loss=0.0858 | Train Acc=0.9167 | Val Loss=0.3263 | Val Acc=0.7333 | Val F1=0.7111
2025-12-11 17:43:32,472 - INFO - Epoch 24/300 [LR=0.000292]: Train Loss=0.0932 | Train Acc=0.9167 | Val Loss=0.3413 | Val Acc=0.7333 | Val F1=0.7111
2025-12-11 17:44:02,121 - INFO - Epoch 25/300 [LR=0.000292]: Train Loss=0.2012 | Train Acc=0.6667 | Val Loss=0.3930 | Val Acc=0.7333 | Val F1=0.7111
2025-12-11 17:44:31,816 - INFO - Epoch 26/300 [LR=0.000292]: Train Loss=0.1091 | Train Acc=0.8958 | Val Loss=0.4236 | Val Acc=0.6000 | Val F1=0.6389
2025-12-11 17:45:01,635 - INFO - Epoch 27/300 [LR=0.000291]: Train Loss=0.1882 | Train Acc=0.7917 | Val Loss=0.4806 | Val Acc=0.6000 | Val F1=0.6750
2025-12-11 17:45:31,254 - INFO - Epoch 28/300 [LR=0.000291]: Train Loss=0.1071 | Train Acc=0.8958 | Val Loss=0.4942 | Val Acc=0.6000 | Val F1=0.6750
2025-12-11 17:46:00,894 - INFO - Epoch 29/300 [LR=0.000291]: Train Loss=0.2644 | Train Acc=0.7708 | Val Loss=0.5288 | Val Acc=0.6000 | Val F1=0.6750
2025-12-11 17:46:30,564 - INFO - Epoch 30/300 [LR=0.000290]: Train Loss=0.1820 | Train Acc=0.7708 | Val Loss=0.5731 | Val Acc=0.5333 | Val F1=0.6323
2025-12-11 17:47:00,152 - INFO - Epoch 31/300 [LR=0.000290]: Train Loss=0.1455 | Train Acc=0.8542 | Val Loss=0.6178 | Val Acc=0.5333 | Val F1=0.6323
2025-12-11 17:47:00,152 - INFO - 🛑 Early stopping at epoch 31
2025-12-11 17:47:00,214 - INFO -  🔧使用 Focal Loss (标签平滑=0.01) 处理难分样本
2025-12-11 17:47:30,699 - INFO - Epoch 1/300 [LR=0.000000]: Train Loss=0.8677 | Train Acc=0.2734 | Val Loss=0.4804 | Val Acc=0.3077 | Val F1=0.1922
2025-12-11 17:47:30,730 - INFO - 💾 保存最佳模型 (F1: 0.1922)
2025-12-11 17:48:01,136 - INFO - Epoch 2/300 [LR=0.000019]: Train Loss=0.7509 | Train Acc=0.3516 | Val Loss=0.5195 | Val Acc=0.4615 | Val F1=0.3243
2025-12-11 17:48:01,230 - INFO - 💾 保存最佳模型 (F1: 0.3243)
2025-12-11 17:48:31,618 - INFO - Epoch 3/300 [LR=0.000037]: Train Loss=0.8059 | Train Acc=0.3359 | Val Loss=0.4367 | Val Acc=0.3462 | Val F1=0.2792
2025-12-11 17:49:01,759 - INFO - Epoch 4/300 [LR=0.000056]: Train Loss=0.7380 | Train Acc=0.3750 | Val Loss=0.3333 | Val Acc=0.7308 | Val F1=0.7111
2025-12-11 17:49:01,853 - INFO - 💾 保存最佳模型 (F1: 0.7111)
2025-12-11 17:49:32,021 - INFO - Epoch 5/300 [LR=0.000075]: Train Loss=0.5814 | Train Acc=0.4297 | Val Loss=0.2643 | Val Acc=0.8077 | Val F1=0.7768
2025-12-11 17:49:32,122 - INFO - 💾 保存最佳模型 (F1: 0.7768)
2025-12-11 17:50:02,417 - INFO - Epoch 6/300 [LR=0.000094]: Train Loss=0.5891 | Train Acc=0.3750 | Val Loss=0.2396 | Val Acc=0.8077 | Val F1=0.7577
2025-12-11 17:50:32,435 - INFO - Epoch 7/300 [LR=0.000112]: Train Loss=0.5551 | Train Acc=0.3984 | Val Loss=0.2368 | Val Acc=0.7692 | Val F1=0.7341
2025-12-11 17:51:02,670 - INFO - Epoch 8/300 [LR=0.000131]: Train Loss=0.5315 | Train Acc=0.4688 | Val Loss=0.2456 | Val Acc=0.7692 | Val F1=0.7412
2025-12-11 17:51:32,920 - INFO - Epoch 9/300 [LR=0.000150]: Train Loss=0.4652 | Train Acc=0.5625 | Val Loss=0.3522 | Val Acc=0.6923 | Val F1=0.6915
2025-12-11 17:52:03,207 - INFO - Epoch 10/300 [LR=0.000169]: Train Loss=0.4007 | Train Acc=0.5938 | Val Loss=0.3226 | Val Acc=0.8462 | Val F1=0.8119
2025-12-11 17:52:03,292 - INFO - 💾 保存最佳模型 (F1: 0.8119)
2025-12-11 17:52:33,513 - INFO - Epoch 11/300 [LR=0.000187]: Train Loss=0.3983 | Train Acc=0.6328 | Val Loss=0.2467 | Val Acc=0.8846 | Val F1=0.8741
2025-12-11 17:52:33,582 - INFO - 💾 保存最佳模型 (F1: 0.8741)
2025-12-11 17:53:03,985 - INFO - Epoch 12/300 [LR=0.000206]: Train Loss=0.3911 | Train Acc=0.5547 | Val Loss=0.2255 | Val Acc=0.7308 | Val F1=0.6313
2025-12-11 17:53:34,249 - INFO - Epoch 13/300 [LR=0.000225]: Train Loss=0.2674 | Train Acc=0.6875 | Val Loss=0.2472 | Val Acc=0.7308 | Val F1=0.6223
2025-12-11 17:54:04,545 - INFO - Epoch 14/300 [LR=0.000244]: Train Loss=0.3072 | Train Acc=0.6562 | Val Loss=0.2565 | Val Acc=0.7308 | Val F1=0.6620
2025-12-11 17:54:34,713 - INFO - Epoch 15/300 [LR=0.000262]: Train Loss=0.3547 | Train Acc=0.6250 | Val Loss=0.3024 | Val Acc=0.8077 | Val F1=0.6914
2025-12-11 17:55:04,688 - INFO - Epoch 16/300 [LR=0.000281]: Train Loss=0.2852 | Train Acc=0.7422 | Val Loss=0.1660 | Val Acc=0.8846 | Val F1=0.8239
2025-12-11 17:55:34,853 - INFO - Epoch 17/300 [LR=0.000298]: Train Loss=0.3044 | Train Acc=0.6953 | Val Loss=0.2010 | Val Acc=0.8077 | Val F1=0.7505
2025-12-11 17:56:05,187 - INFO - Epoch 18/300 [LR=0.000298]: Train Loss=0.2106 | Train Acc=0.7969 | Val Loss=0.1968 | Val Acc=0.8462 | Val F1=0.8346
2025-12-11 17:56:35,329 - INFO - Epoch 19/300 [LR=0.000298]: Train Loss=0.2883 | Train Acc=0.6406 | Val Loss=0.1692 | Val Acc=0.8077 | Val F1=0.7505
2025-12-11 17:57:05,411 - INFO - Epoch 20/300 [LR=0.000298]: Train Loss=0.2671 | Train Acc=0.6719 | Val Loss=0.1652 | Val Acc=0.8077 | Val F1=0.7407
2025-12-11 17:57:35,394 - INFO - Epoch 21/300 [LR=0.000297]: Train Loss=0.2628 | Train Acc=0.7578 | Val Loss=0.1448 | Val Acc=0.8462 | Val F1=0.7789
2025-12-11 17:58:05,567 - INFO - Epoch 22/300 [LR=0.000297]: Train Loss=0.2332 | Train Acc=0.7188 | Val Loss=0.1244 | Val Acc=0.8077 | Val F1=0.6855
2025-12-11 17:58:35,930 - INFO - Epoch 23/300 [LR=0.000297]: Train Loss=0.2315 | Train Acc=0.7891 | Val Loss=0.1772 | Val Acc=0.7692 | Val F1=0.6691
2025-12-11 17:59:06,119 - INFO - Epoch 24/300 [LR=0.000297]: Train Loss=0.2361 | Train Acc=0.7969 | Val Loss=0.1302 | Val Acc=0.8077 | Val F1=0.6855
2025-12-11 17:59:36,401 - INFO - Epoch 25/300 [LR=0.000297]: Train Loss=0.2552 | Train Acc=0.7812 | Val Loss=0.1457 | Val Acc=0.8462 | Val F1=0.7789
2025-12-11 18:00:06,467 - INFO - Epoch 26/300 [LR=0.000297]: Train Loss=0.2186 | Train Acc=0.6641 | Val Loss=0.1397 | Val Acc=0.8462 | Val F1=0.7789
2025-12-11 18:00:36,825 - INFO - Epoch 27/300 [LR=0.000297]: Train Loss=0.2548 | Train Acc=0.6875 | Val Loss=0.1300 | Val Acc=0.9231 | Val F1=0.8858
2025-12-11 18:00:36,923 - INFO - 💾 保存最佳模型 (F1: 0.8858)
2025-12-11 18:01:07,475 - INFO - Epoch 28/300 [LR=0.000297]: Train Loss=0.2354 | Train Acc=0.7188 | Val Loss=0.0980 | Val Acc=0.9231 | Val F1=0.9030
2025-12-11 18:01:07,571 - INFO - 💾 保存最佳模型 (F1: 0.9030)
2025-12-11 18:01:37,797 - INFO - Epoch 29/300 [LR=0.000296]: Train Loss=0.2033 | Train Acc=0.7734 | Val Loss=0.1108 | Val Acc=0.8846 | Val F1=0.7586
2025-12-11 18:02:08,030 - INFO - Epoch 30/300 [LR=0.000296]: Train Loss=0.1907 | Train Acc=0.7656 | Val Loss=0.0863 | Val Acc=0.9615 | Val F1=0.9348
2025-12-11 18:02:08,123 - INFO - 💾 保存最佳模型 (F1: 0.9348)
2025-12-11 18:02:38,378 - INFO - Epoch 31/300 [LR=0.000296]: Train Loss=0.2352 | Train Acc=0.7656 | Val Loss=0.1331 | Val Acc=0.8846 | Val F1=0.8078
2025-12-11 18:03:08,329 - INFO - Epoch 32/300 [LR=0.000296]: Train Loss=0.1445 | Train Acc=0.8281 | Val Loss=0.1548 | Val Acc=0.8077 | Val F1=0.7336
2025-12-11 18:03:38,496 - INFO - Epoch 33/300 [LR=0.000296]: Train Loss=0.1813 | Train Acc=0.8281 | Val Loss=0.1432 | Val Acc=0.8462 | Val F1=0.7674
2025-12-11 18:04:08,806 - INFO - Epoch 34/300 [LR=0.000296]: Train Loss=0.2449 | Train Acc=0.6953 | Val Loss=0.1063 | Val Acc=0.8846 | Val F1=0.7524
2025-12-11 18:04:38,854 - INFO - Epoch 35/300 [LR=0.000296]: Train Loss=0.1846 | Train Acc=0.8359 | Val Loss=0.1126 | Val Acc=0.8462 | Val F1=0.7210
2025-12-11 18:05:09,132 - INFO - Epoch 36/300 [LR=0.000296]: Train Loss=0.1800 | Train Acc=0.7188 | Val Loss=0.1003 | Val Acc=0.9231 | Val F1=0.9030
2025-12-11 18:05:39,195 - INFO - Epoch 37/300 [LR=0.000295]: Train Loss=0.1116 | Train Acc=0.7422 | Val Loss=0.1009 | Val Acc=0.8846 | Val F1=0.8455
2025-12-11 18:06:09,570 - INFO - Epoch 38/300 [LR=0.000295]: Train Loss=0.1690 | Train Acc=0.7812 | Val Loss=0.1155 | Val Acc=0.8077 | Val F1=0.7375
2025-12-11 18:06:39,985 - INFO - Epoch 39/300 [LR=0.000295]: Train Loss=0.1119 | Train Acc=0.9062 | Val Loss=0.1166 | Val Acc=0.8846 | Val F1=0.8239
2025-12-11 18:07:10,214 - INFO - Epoch 40/300 [LR=0.000295]: Train Loss=0.1549 | Train Acc=0.8828 | Val Loss=0.1664 | Val Acc=0.7692 | Val F1=0.6453
2025-12-11 18:07:40,628 - INFO - Epoch 41/300 [LR=0.000295]: Train Loss=0.2246 | Train Acc=0.8438 | Val Loss=0.1530 | Val Acc=0.8462 | Val F1=0.7956
2025-12-11 18:08:10,807 - INFO - Epoch 42/300 [LR=0.000295]: Train Loss=0.1594 | Train Acc=0.7500 | Val Loss=0.1315 | Val Acc=0.8077 | Val F1=0.6914
2025-12-11 18:08:41,022 - INFO - Epoch 43/300 [LR=0.000295]: Train Loss=0.1524 | Train Acc=0.8203 | Val Loss=0.1382 | Val Acc=0.8462 | Val F1=0.7210
2025-12-11 18:09:11,387 - INFO - Epoch 44/300 [LR=0.000295]: Train Loss=0.1200 | Train Acc=0.7891 | Val Loss=0.1675 | Val Acc=0.6923 | Val F1=0.6121
2025-12-11 18:09:41,573 - INFO - Epoch 45/300 [LR=0.000295]: Train Loss=0.1610 | Train Acc=0.8438 | Val Loss=0.1649 | Val Acc=0.7692 | Val F1=0.6618
2025-12-11 18:10:11,981 - INFO - Epoch 46/300 [LR=0.000294]: Train Loss=0.1094 | Train Acc=0.8203 | Val Loss=0.1418 | Val Acc=0.7692 | Val F1=0.6616
2025-12-11 18:10:42,336 - INFO - Epoch 47/300 [LR=0.000294]: Train Loss=0.2017 | Train Acc=0.8125 | Val Loss=0.0910 | Val Acc=0.9231 | Val F1=0.8590
2025-12-11 18:11:12,740 - INFO - Epoch 48/300 [LR=0.000294]: Train Loss=0.2701 | Train Acc=0.6562 | Val Loss=0.1276 | Val Acc=0.9231 | Val F1=0.8590
2025-12-11 18:11:43,069 - INFO - Epoch 49/300 [LR=0.000294]: Train Loss=0.1282 | Train Acc=0.7812 | Val Loss=0.1120 | Val Acc=0.9231 | Val F1=0.8590
2025-12-11 18:12:13,285 - INFO - Epoch 50/300 [LR=0.000294]: Train Loss=0.1061 | Train Acc=0.8984 | Val Loss=0.0970 | Val Acc=0.9231 | Val F1=0.8556
2025-12-11 18:12:13,285 - INFO - 🛑 Early stopping at epoch 50
2025-12-11 18:12:13,355 - INFO -  🔧使用 Focal Loss (标签平滑=0.01) 处理难分样本
2025-12-11 18:12:44,616 - INFO - Epoch 1/300 [LR=0.000000]: Train Loss=1.9398 | Train Acc=0.0846 | Val Loss=1.8204 | Val Acc=0.1000 | Val F1=0.0672
2025-12-11 18:12:44,643 - INFO - 💾 保存最佳模型 (F1: 0.0672)
2025-12-11 18:13:15,967 - INFO - Epoch 2/300 [LR=0.000009]: Train Loss=1.9563 | Train Acc=0.1029 | Val Loss=1.8866 | Val Acc=0.0500 | Val F1=0.0259
2025-12-11 18:13:47,200 - INFO - Epoch 3/300 [LR=0.000018]: Train Loss=1.8971 | Train Acc=0.0662 | Val Loss=1.8202 | Val Acc=0.1250 | Val F1=0.1217
2025-12-11 18:13:47,273 - INFO - 💾 保存最佳模型 (F1: 0.1217)
2025-12-11 18:14:18,551 - INFO - Epoch 4/300 [LR=0.000026]: Train Loss=1.7905 | Train Acc=0.0809 | Val Loss=1.6366 | Val Acc=0.1750 | Val F1=0.1458
2025-12-11 18:14:18,606 - INFO - 💾 保存最佳模型 (F1: 0.1458)
2025-12-11 18:14:49,702 - INFO - Epoch 5/300 [LR=0.000035]: Train Loss=1.7437 | Train Acc=0.1250 | Val Loss=1.5573 | Val Acc=0.2125 | Val F1=0.1703
2025-12-11 18:14:49,772 - INFO - 💾 保存最佳模型 (F1: 0.1703)
2025-12-11 18:15:20,800 - INFO - Epoch 6/300 [LR=0.000044]: Train Loss=1.6321 | Train Acc=0.1654 | Val Loss=1.4088 | Val Acc=0.2750 | Val F1=0.2007
2025-12-11 18:15:20,886 - INFO - 💾 保存最佳模型 (F1: 0.2007)
2025-12-11 18:15:52,175 - INFO - Epoch 7/300 [LR=0.000053]: Train Loss=1.5193 | Train Acc=0.1985 | Val Loss=1.3421 | Val Acc=0.4125 | Val F1=0.3048
2025-12-11 18:15:52,246 - INFO - 💾 保存最佳模型 (F1: 0.3048)
2025-12-11 18:16:23,474 - INFO - Epoch 8/300 [LR=0.000062]: Train Loss=1.5092 | Train Acc=0.1765 | Val Loss=1.2971 | Val Acc=0.3875 | Val F1=0.2770
2025-12-11 18:16:54,489 - INFO - Epoch 9/300 [LR=0.000071]: Train Loss=1.3668 | Train Acc=0.2647 | Val Loss=1.3145 | Val Acc=0.3250 | Val F1=0.2064
2025-12-11 18:17:25,568 - INFO - Epoch 10/300 [LR=0.000079]: Train Loss=1.3391 | Train Acc=0.2426 | Val Loss=1.2985 | Val Acc=0.3750 | Val F1=0.2200
2025-12-11 18:17:56,681 - INFO - Epoch 11/300 [LR=0.000088]: Train Loss=1.2666 | Train Acc=0.2721 | Val Loss=1.2219 | Val Acc=0.4625 | Val F1=0.3253
2025-12-11 18:17:56,769 - INFO - 💾 保存最佳模型 (F1: 0.3253)
2025-12-11 18:18:27,953 - INFO - Epoch 12/300 [LR=0.000097]: Train Loss=1.1854 | Train Acc=0.3346 | Val Loss=1.1717 | Val Acc=0.4750 | Val F1=0.3308
2025-12-11 18:18:28,039 - INFO - 💾 保存最佳模型 (F1: 0.3308)
2025-12-11 18:18:59,174 - INFO - Epoch 13/300 [LR=0.000106]: Train Loss=1.1887 | Train Acc=0.3235 | Val Loss=1.1725 | Val Acc=0.4500 | Val F1=0.3347
2025-12-11 18:18:59,279 - INFO - 💾 保存最佳模型 (F1: 0.3347)
2025-12-11 18:19:30,305 - INFO - Epoch 14/300 [LR=0.000115]: Train Loss=1.1764 | Train Acc=0.3015 | Val Loss=1.1001 | Val Acc=0.4750 | Val F1=0.3013
2025-12-11 18:20:01,421 - INFO - Epoch 15/300 [LR=0.000124]: Train Loss=1.0972 | Train Acc=0.3640 | Val Loss=1.0482 | Val Acc=0.5250 | Val F1=0.3586
2025-12-11 18:20:01,513 - INFO - 💾 保存最佳模型 (F1: 0.3586)
2025-12-11 18:20:32,713 - INFO - Epoch 16/300 [LR=0.000132]: Train Loss=1.0037 | Train Acc=0.4191 | Val Loss=1.0263 | Val Acc=0.5375 | Val F1=0.3539
2025-12-11 18:21:03,748 - INFO - Epoch 17/300 [LR=0.000141]: Train Loss=1.0292 | Train Acc=0.3566 | Val Loss=1.0151 | Val Acc=0.5375 | Val F1=0.3597
2025-12-11 18:21:03,837 - INFO - 💾 保存最佳模型 (F1: 0.3597)
2025-12-11 18:21:35,132 - INFO - Epoch 18/300 [LR=0.000150]: Train Loss=1.0759 | Train Acc=0.4081 | Val Loss=0.9852 | Val Acc=0.5125 | Val F1=0.3581
2025-12-11 18:22:06,356 - INFO - Epoch 19/300 [LR=0.000159]: Train Loss=1.0217 | Train Acc=0.3493 | Val Loss=0.9550 | Val Acc=0.5375 | Val F1=0.4380
2025-12-11 18:22:06,458 - INFO - 💾 保存最佳模型 (F1: 0.4380)
2025-12-11 18:22:37,944 - INFO - Epoch 20/300 [LR=0.000168]: Train Loss=0.9914 | Train Acc=0.4301 | Val Loss=0.9761 | Val Acc=0.5500 | Val F1=0.3765
2025-12-11 18:23:08,979 - INFO - Epoch 21/300 [LR=0.000176]: Train Loss=0.9617 | Train Acc=0.3603 | Val Loss=0.9706 | Val Acc=0.5375 | Val F1=0.3961
2025-12-11 18:23:40,042 - INFO - Epoch 22/300 [LR=0.000185]: Train Loss=1.0364 | Train Acc=0.3824 | Val Loss=0.9189 | Val Acc=0.5500 | Val F1=0.4830
2025-12-11 18:23:40,131 - INFO - 💾 保存最佳模型 (F1: 0.4830)
2025-12-11 18:24:11,251 - INFO - Epoch 23/300 [LR=0.000194]: Train Loss=0.9395 | Train Acc=0.3934 | Val Loss=0.9345 | Val Acc=0.5375 | Val F1=0.4486
2025-12-11 18:24:42,303 - INFO - Epoch 24/300 [LR=0.000203]: Train Loss=0.9334 | Train Acc=0.3676 | Val Loss=0.8934 | Val Acc=0.5375 | Val F1=0.4120
2025-12-11 18:25:13,521 - INFO - Epoch 25/300 [LR=0.000212]: Train Loss=0.9017 | Train Acc=0.4412 | Val Loss=0.8683 | Val Acc=0.5500 | Val F1=0.4248
2025-12-11 18:25:44,509 - INFO - Epoch 26/300 [LR=0.000221]: Train Loss=0.8873 | Train Acc=0.4375 | Val Loss=0.8628 | Val Acc=0.5250 | Val F1=0.4379
2025-12-11 18:26:15,609 - INFO - Epoch 27/300 [LR=0.000229]: Train Loss=0.9117 | Train Acc=0.4007 | Val Loss=0.8562 | Val Acc=0.5375 | Val F1=0.3726
2025-12-11 18:26:46,746 - INFO - Epoch 28/300 [LR=0.000238]: Train Loss=0.7865 | Train Acc=0.4596 | Val Loss=0.8474 | Val Acc=0.5875 | Val F1=0.4261
2025-12-11 18:27:17,693 - INFO - Epoch 29/300 [LR=0.000247]: Train Loss=0.7658 | Train Acc=0.4596 | Val Loss=0.8512 | Val Acc=0.5625 | Val F1=0.4837
2025-12-11 18:27:17,777 - INFO - 💾 保存最佳模型 (F1: 0.4837)
2025-12-11 18:27:49,339 - INFO - Epoch 30/300 [LR=0.000256]: Train Loss=0.7919 | Train Acc=0.4485 | Val Loss=0.8248 | Val Acc=0.5500 | Val F1=0.4091
2025-12-11 18:28:20,508 - INFO - Epoch 31/300 [LR=0.000265]: Train Loss=0.8002 | Train Acc=0.4559 | Val Loss=0.8516 | Val Acc=0.5500 | Val F1=0.4662
2025-12-11 18:28:51,606 - INFO - Epoch 32/300 [LR=0.000274]: Train Loss=0.8355 | Train Acc=0.4559 | Val Loss=0.8155 | Val Acc=0.5000 | Val F1=0.3528
2025-12-11 18:29:22,877 - INFO - Epoch 33/300 [LR=0.000282]: Train Loss=0.7443 | Train Acc=0.4853 | Val Loss=0.7921 | Val Acc=0.5375 | Val F1=0.4114
2025-12-11 18:29:54,245 - INFO - Epoch 34/300 [LR=0.000291]: Train Loss=0.7067 | Train Acc=0.4779 | Val Loss=0.7548 | Val Acc=0.5750 | Val F1=0.4819
2025-12-11 18:30:25,568 - INFO - Epoch 35/300 [LR=0.000298]: Train Loss=0.7547 | Train Acc=0.4926 | Val Loss=0.8309 | Val Acc=0.5625 | Val F1=0.4448
2025-12-11 18:30:56,687 - INFO - Epoch 36/300 [LR=0.000298]: Train Loss=0.6834 | Train Acc=0.4963 | Val Loss=0.8347 | Val Acc=0.5500 | Val F1=0.3957
2025-12-11 18:31:28,124 - INFO - Epoch 37/300 [LR=0.000298]: Train Loss=0.6922 | Train Acc=0.5147 | Val Loss=0.7637 | Val Acc=0.5250 | Val F1=0.4161
2025-12-11 18:31:59,184 - INFO - Epoch 38/300 [LR=0.000298]: Train Loss=0.6133 | Train Acc=0.4890 | Val Loss=0.7603 | Val Acc=0.5500 | Val F1=0.4248
2025-12-11 18:32:30,401 - INFO - Epoch 39/300 [LR=0.000298]: Train Loss=0.6144 | Train Acc=0.5294 | Val Loss=0.6561 | Val Acc=0.6250 | Val F1=0.4890
2025-12-11 18:32:30,496 - INFO - 💾 保存最佳模型 (F1: 0.4890)
2025-12-11 18:33:01,900 - INFO - Epoch 40/300 [LR=0.000298]: Train Loss=0.6615 | Train Acc=0.4926 | Val Loss=0.7207 | Val Acc=0.5875 | Val F1=0.4721
2025-12-11 18:33:33,246 - INFO - Epoch 41/300 [LR=0.000298]: Train Loss=0.6215 | Train Acc=0.5515 | Val Loss=0.7557 | Val Acc=0.5875 | Val F1=0.4680
2025-12-11 18:34:04,482 - INFO - Epoch 42/300 [LR=0.000298]: Train Loss=0.6194 | Train Acc=0.5478 | Val Loss=0.7600 | Val Acc=0.5500 | Val F1=0.4528
2025-12-11 18:34:35,744 - INFO - Epoch 43/300 [LR=0.000298]: Train Loss=0.5675 | Train Acc=0.5478 | Val Loss=0.6354 | Val Acc=0.6000 | Val F1=0.5113
2025-12-11 18:34:35,830 - INFO - 💾 保存最佳模型 (F1: 0.5113)
2025-12-11 18:35:07,105 - INFO - Epoch 44/300 [LR=0.000297]: Train Loss=0.5561 | Train Acc=0.5331 | Val Loss=0.7136 | Val Acc=0.6125 | Val F1=0.4790
2025-12-11 18:35:38,341 - INFO - Epoch 45/300 [LR=0.000297]: Train Loss=0.5224 | Train Acc=0.5294 | Val Loss=0.6754 | Val Acc=0.6375 | Val F1=0.5288
2025-12-11 18:35:38,428 - INFO - 💾 保存最佳模型 (F1: 0.5288)
2025-12-11 18:36:09,783 - INFO - Epoch 46/300 [LR=0.000297]: Train Loss=0.5251 | Train Acc=0.5956 | Val Loss=0.7608 | Val Acc=0.6250 | Val F1=0.5402
2025-12-11 18:36:09,862 - INFO - 💾 保存最佳模型 (F1: 0.5402)
2025-12-11 18:36:40,984 - INFO - Epoch 47/300 [LR=0.000297]: Train Loss=0.5385 | Train Acc=0.5478 | Val Loss=0.6822 | Val Acc=0.6000 | Val F1=0.4822
2025-12-11 18:37:11,950 - INFO - Epoch 48/300 [LR=0.000297]: Train Loss=0.5117 | Train Acc=0.6471 | Val Loss=0.7823 | Val Acc=0.5500 | Val F1=0.4589
2025-12-11 18:37:43,241 - INFO - Epoch 49/300 [LR=0.000297]: Train Loss=0.5600 | Train Acc=0.5735 | Val Loss=0.6362 | Val Acc=0.5875 | Val F1=0.4416
2025-12-11 18:38:14,438 - INFO - Epoch 50/300 [LR=0.000297]: Train Loss=0.5257 | Train Acc=0.5699 | Val Loss=0.6963 | Val Acc=0.6125 | Val F1=0.5137
2025-12-11 18:38:45,464 - INFO - Epoch 51/300 [LR=0.000297]: Train Loss=0.4790 | Train Acc=0.6360 | Val Loss=0.6168 | Val Acc=0.6250 | Val F1=0.5654
2025-12-11 18:38:45,565 - INFO - 💾 保存最佳模型 (F1: 0.5654)
2025-12-11 18:39:16,902 - INFO - Epoch 52/300 [LR=0.000297]: Train Loss=0.5023 | Train Acc=0.5919 | Val Loss=0.6688 | Val Acc=0.6125 | Val F1=0.5297
2025-12-11 18:39:48,068 - INFO - Epoch 53/300 [LR=0.000297]: Train Loss=0.4619 | Train Acc=0.5110 | Val Loss=0.6914 | Val Acc=0.5500 | Val F1=0.4130
2025-12-11 18:40:19,188 - INFO - Epoch 54/300 [LR=0.000297]: Train Loss=0.4436 | Train Acc=0.5846 | Val Loss=0.6586 | Val Acc=0.5875 | Val F1=0.4994
2025-12-11 18:40:50,454 - INFO - Epoch 55/300 [LR=0.000297]: Train Loss=0.4834 | Train Acc=0.5662 | Val Loss=0.7286 | Val Acc=0.6000 | Val F1=0.5126
2025-12-11 18:41:21,775 - INFO - Epoch 56/300 [LR=0.000297]: Train Loss=0.5199 | Train Acc=0.5478 | Val Loss=0.6987 | Val Acc=0.5750 | Val F1=0.4952
2025-12-11 18:41:53,029 - INFO - Epoch 57/300 [LR=0.000297]: Train Loss=0.4924 | Train Acc=0.6066 | Val Loss=0.7604 | Val Acc=0.5750 | Val F1=0.4699
2025-12-11 18:42:24,244 - INFO - Epoch 58/300 [LR=0.000297]: Train Loss=0.4011 | Train Acc=0.6250 | Val Loss=0.7827 | Val Acc=0.5625 | Val F1=0.4401
2025-12-11 18:42:55,116 - INFO - Epoch 59/300 [LR=0.000297]: Train Loss=0.4700 | Train Acc=0.5846 | Val Loss=0.7127 | Val Acc=0.5500 | Val F1=0.4610
2025-12-11 18:43:26,268 - INFO - Epoch 60/300 [LR=0.000297]: Train Loss=0.3893 | Train Acc=0.6507 | Val Loss=0.6590 | Val Acc=0.5875 | Val F1=0.5246
2025-12-11 18:43:57,383 - INFO - Epoch 61/300 [LR=0.000296]: Train Loss=0.4343 | Train Acc=0.5882 | Val Loss=0.7655 | Val Acc=0.6000 | Val F1=0.5137
2025-12-11 18:44:28,600 - INFO - Epoch 62/300 [LR=0.000296]: Train Loss=0.3567 | Train Acc=0.7059 | Val Loss=0.6530 | Val Acc=0.5875 | Val F1=0.5175
2025-12-11 18:44:59,779 - INFO - Epoch 63/300 [LR=0.000296]: Train Loss=0.3941 | Train Acc=0.5772 | Val Loss=0.7495 | Val Acc=0.6000 | Val F1=0.4901
2025-12-11 18:45:31,156 - INFO - Epoch 64/300 [LR=0.000296]: Train Loss=0.4396 | Train Acc=0.6471 | Val Loss=0.7657 | Val Acc=0.5750 | Val F1=0.4774
2025-12-11 18:46:02,533 - INFO - Epoch 65/300 [LR=0.000296]: Train Loss=0.3907 | Train Acc=0.6397 | Val Loss=0.7866 | Val Acc=0.5875 | Val F1=0.4793
2025-12-11 18:46:33,680 - INFO - Epoch 66/300 [LR=0.000296]: Train Loss=0.3950 | Train Acc=0.6654 | Val Loss=0.8538 | Val Acc=0.5625 | Val F1=0.4572
2025-12-11 18:47:04,963 - INFO - Epoch 67/300 [LR=0.000296]: Train Loss=0.3577 | Train Acc=0.6581 | Val Loss=0.7996 | Val Acc=0.5625 | Val F1=0.4496
2025-12-11 18:47:36,262 - INFO - Epoch 68/300 [LR=0.000296]: Train Loss=0.4801 | Train Acc=0.6471 | Val Loss=0.7240 | Val Acc=0.5500 | Val F1=0.4602
2025-12-11 18:48:07,167 - INFO - Epoch 69/300 [LR=0.000296]: Train Loss=0.3998 | Train Acc=0.6691 | Val Loss=0.7067 | Val Acc=0.5625 | Val F1=0.4660
2025-12-11 18:48:38,212 - INFO - Epoch 70/300 [LR=0.000296]: Train Loss=0.3696 | Train Acc=0.6507 | Val Loss=0.8118 | Val Acc=0.5750 | Val F1=0.4915
2025-12-11 18:49:09,517 - INFO - Epoch 71/300 [LR=0.000296]: Train Loss=0.3991 | Train Acc=0.6507 | Val Loss=0.8097 | Val Acc=0.5125 | Val F1=0.4311
2025-12-11 18:49:09,517 - INFO - 🛑 Early stopping at epoch 71
2025-12-11 18:49:09,577 - INFO -  🔧使用 Focal Loss (标签平滑=0.01) 处理难分样本
2025-12-11 18:49:40,055 - INFO - Epoch 1/300 [LR=0.000000]: Train Loss=0.6039 | Train Acc=0.4514 | Val Loss=0.4100 | Val Acc=0.3529 | Val F1=0.2812
2025-12-11 18:49:40,086 - INFO - 💾 保存最佳模型 (F1: 0.2812)
2025-12-11 18:50:10,487 - INFO - Epoch 2/300 [LR=0.000017]: Train Loss=0.5832 | Train Acc=0.5000 | Val Loss=0.3674 | Val Acc=0.5294 | Val F1=0.4123
2025-12-11 18:50:10,563 - INFO - 💾 保存最佳模型 (F1: 0.4123)
2025-12-11 18:50:41,009 - INFO - Epoch 3/300 [LR=0.000033]: Train Loss=0.4622 | Train Acc=0.5347 | Val Loss=0.2983 | Val Acc=0.7059 | Val F1=0.6931
2025-12-11 18:50:41,132 - INFO - 💾 保存最佳模型 (F1: 0.6931)
2025-12-11 18:51:11,471 - INFO - Epoch 4/300 [LR=0.000050]: Train Loss=0.3898 | Train Acc=0.6389 | Val Loss=0.3179 | Val Acc=0.6765 | Val F1=0.6436
2025-12-11 18:51:42,046 - INFO - Epoch 5/300 [LR=0.000067]: Train Loss=0.2725 | Train Acc=0.7153 | Val Loss=0.3257 | Val Acc=0.7353 | Val F1=0.6953
2025-12-11 18:51:42,139 - INFO - 💾 保存最佳模型 (F1: 0.6953)
2025-12-11 18:52:12,632 - INFO - Epoch 6/300 [LR=0.000083]: Train Loss=0.2937 | Train Acc=0.6597 | Val Loss=0.2477 | Val Acc=0.8235 | Val F1=0.8077
2025-12-11 18:52:12,705 - INFO - 💾 保存最佳模型 (F1: 0.8077)
2025-12-11 18:52:43,116 - INFO - Epoch 7/300 [LR=0.000100]: Train Loss=0.2425 | Train Acc=0.7361 | Val Loss=0.1827 | Val Acc=0.8235 | Val F1=0.8077
2025-12-11 18:53:13,604 - INFO - Epoch 8/300 [LR=0.000117]: Train Loss=0.3356 | Train Acc=0.5903 | Val Loss=0.1360 | Val Acc=0.8235 | Val F1=0.8077
2025-12-11 18:53:44,078 - INFO - Epoch 9/300 [LR=0.000133]: Train Loss=0.2303 | Train Acc=0.7292 | Val Loss=0.1374 | Val Acc=0.8529 | Val F1=0.8438
2025-12-11 18:53:44,182 - INFO - 💾 保存最佳模型 (F1: 0.8438)
2025-12-11 18:54:14,734 - INFO - Epoch 10/300 [LR=0.000150]: Train Loss=0.2082 | Train Acc=0.7083 | Val Loss=0.1731 | Val Acc=0.8529 | Val F1=0.8438
2025-12-11 18:54:45,130 - INFO - Epoch 11/300 [LR=0.000167]: Train Loss=0.2273 | Train Acc=0.7083 | Val Loss=0.2049 | Val Acc=0.7941 | Val F1=0.7483
2025-12-11 18:55:15,668 - INFO - Epoch 12/300 [LR=0.000183]: Train Loss=0.2015 | Train Acc=0.8125 | Val Loss=0.2087 | Val Acc=0.7647 | Val F1=0.7520
2025-12-11 18:55:46,183 - INFO - Epoch 13/300 [LR=0.000200]: Train Loss=0.1506 | Train Acc=0.8403 | Val Loss=0.1997 | Val Acc=0.8235 | Val F1=0.8140
2025-12-11 18:56:16,468 - INFO - Epoch 14/300 [LR=0.000217]: Train Loss=0.1716 | Train Acc=0.6875 | Val Loss=0.1974 | Val Acc=0.7941 | Val F1=0.7897
2025-12-11 18:56:46,644 - INFO - Epoch 15/300 [LR=0.000233]: Train Loss=0.1260 | Train Acc=0.8264 | Val Loss=0.1944 | Val Acc=0.8529 | Val F1=0.8438
2025-12-11 18:57:17,188 - INFO - Epoch 16/300 [LR=0.000250]: Train Loss=0.1562 | Train Acc=0.8472 | Val Loss=0.1858 | Val Acc=0.8235 | Val F1=0.8194
2025-12-11 18:57:47,588 - INFO - Epoch 17/300 [LR=0.000267]: Train Loss=0.1952 | Train Acc=0.7500 | Val Loss=0.1817 | Val Acc=0.8529 | Val F1=0.8291
2025-12-11 18:58:18,016 - INFO - Epoch 18/300 [LR=0.000283]: Train Loss=0.1811 | Train Acc=0.7222 | Val Loss=0.2120 | Val Acc=0.8235 | Val F1=0.8045
2025-12-11 18:58:48,571 - INFO - Epoch 19/300 [LR=0.000298]: Train Loss=0.1161 | Train Acc=0.8333 | Val Loss=0.2069 | Val Acc=0.8235 | Val F1=0.8045
2025-12-11 18:59:19,008 - INFO - Epoch 20/300 [LR=0.000298]: Train Loss=0.1781 | Train Acc=0.6528 | Val Loss=0.1882 | Val Acc=0.7941 | Val F1=0.7961
2025-12-11 18:59:49,537 - INFO - Epoch 21/300 [LR=0.000298]: Train Loss=0.1092 | Train Acc=0.8333 | Val Loss=0.1803 | Val Acc=0.7647 | Val F1=0.7593
2025-12-11 19:00:20,259 - INFO - Epoch 22/300 [LR=0.000298]: Train Loss=0.1283 | Train Acc=0.8125 | Val Loss=0.2006 | Val Acc=0.7941 | Val F1=0.7607
2025-12-11 19:00:50,735 - INFO - Epoch 23/300 [LR=0.000298]: Train Loss=0.1192 | Train Acc=0.8750 | Val Loss=0.1891 | Val Acc=0.8529 | Val F1=0.8438
2025-12-11 19:01:21,172 - INFO - Epoch 24/300 [LR=0.000297]: Train Loss=0.1081 | Train Acc=0.7847 | Val Loss=0.1824 | Val Acc=0.7647 | Val F1=0.7734
2025-12-11 19:01:51,676 - INFO - Epoch 25/300 [LR=0.000297]: Train Loss=0.0978 | Train Acc=0.8819 | Val Loss=0.1865 | Val Acc=0.7353 | Val F1=0.7512
2025-12-11 19:02:22,096 - INFO - Epoch 26/300 [LR=0.000297]: Train Loss=0.0924 | Train Acc=0.9028 | Val Loss=0.1750 | Val Acc=0.7647 | Val F1=0.7734
2025-12-11 19:02:52,637 - INFO - Epoch 27/300 [LR=0.000297]: Train Loss=0.0963 | Train Acc=0.8681 | Val Loss=0.1621 | Val Acc=0.7647 | Val F1=0.7734
2025-12-11 19:03:23,229 - INFO - Epoch 28/300 [LR=0.000297]: Train Loss=0.0955 | Train Acc=0.9028 | Val Loss=0.1477 | Val Acc=0.7647 | Val F1=0.7734
2025-12-11 19:03:53,509 - INFO - Epoch 29/300 [LR=0.000297]: Train Loss=0.0805 | Train Acc=0.8681 | Val Loss=0.1683 | Val Acc=0.7647 | Val F1=0.7734
2025-12-11 19:03:53,509 - INFO - 🛑 Early stopping at epoch 29
