2025-12-08 00:07:36,553 - INFO - 🔧 使用 Focal Loss 处理难分样本
2025-12-08 00:10:26,805 - INFO - Epoch 1/100 [LR=0.000500]: Train Loss=1.2326 | Train Acc=0.4081 | Val Loss=0.7913 | Val Acc=0.5576 | Val F1=0.4186
2025-12-08 00:10:26,891 - INFO - 💾 保存最佳模型 (F1: 0.4186)
2025-12-08 00:13:09,648 - INFO - Epoch 2/100 [LR=0.000488]: Train Loss=0.7730 | Train Acc=0.5524 | Val Loss=0.7606 | Val Acc=0.5468 | Val F1=0.3987
2025-12-08 00:15:56,707 - INFO - Epoch 3/100 [LR=0.000453]: Train Loss=0.6688 | Train Acc=0.5496 | Val Loss=0.6539 | Val Acc=0.6331 | Val F1=0.4489
2025-12-08 00:15:56,760 - INFO - 💾 保存最佳模型 (F1: 0.4489)
2025-12-08 00:18:39,955 - INFO - Epoch 4/100 [LR=0.000398]: Train Loss=0.6119 | Train Acc=0.5846 | Val Loss=0.5888 | Val Acc=0.6367 | Val F1=0.4344
2025-12-08 00:21:25,673 - INFO - Epoch 5/100 [LR=0.000329]: Train Loss=0.5642 | Train Acc=0.5662 | Val Loss=0.5593 | Val Acc=0.6547 | Val F1=0.4629
2025-12-08 00:21:26,044 - INFO - 💾 保存最佳模型 (F1: 0.4629)
2025-12-08 00:24:06,775 - INFO - Epoch 6/100 [LR=0.000253]: Train Loss=0.5181 | Train Acc=0.6434 | Val Loss=0.5487 | Val Acc=0.6439 | Val F1=0.4501
2025-12-08 00:26:48,674 - INFO - Epoch 7/100 [LR=0.000176]: Train Loss=0.4910 | Train Acc=0.6287 | Val Loss=0.4936 | Val Acc=0.6835 | Val F1=0.4999
2025-12-08 00:26:48,767 - INFO - 💾 保存最佳模型 (F1: 0.4999)
2025-12-08 00:29:32,636 - INFO - Epoch 8/100 [LR=0.000107]: Train Loss=0.4376 | Train Acc=0.6664 | Val Loss=0.4656 | Val Acc=0.6727 | Val F1=0.4915
2025-12-08 00:32:16,911 - INFO - Epoch 9/100 [LR=0.000052]: Train Loss=0.4352 | Train Acc=0.6700 | Val Loss=0.4780 | Val Acc=0.6727 | Val F1=0.4881
2025-12-08 00:34:56,106 - INFO - Epoch 10/100 [LR=0.000017]: Train Loss=0.4239 | Train Acc=0.7233 | Val Loss=0.4827 | Val Acc=0.6727 | Val F1=0.4947
2025-12-08 00:37:41,012 - INFO - Epoch 11/100 [LR=0.000500]: Train Loss=0.4953 | Train Acc=0.6397 | Val Loss=0.5963 | Val Acc=0.6151 | Val F1=0.4150
2025-12-08 00:40:22,840 - INFO - Epoch 12/100 [LR=0.000497]: Train Loss=0.5153 | Train Acc=0.6204 | Val Loss=0.5917 | Val Acc=0.6547 | Val F1=0.4722
2025-12-08 00:43:04,741 - INFO - Epoch 13/100 [LR=0.000488]: Train Loss=0.5188 | Train Acc=0.6278 | Val Loss=0.5682 | Val Acc=0.6079 | Val F1=0.4179
2025-12-08 00:45:42,188 - INFO - Epoch 14/100 [LR=0.000473]: Train Loss=0.4651 | Train Acc=0.6222 | Val Loss=0.5057 | Val Acc=0.6619 | Val F1=0.4729
2025-12-08 00:48:23,364 - INFO - Epoch 15/100 [LR=0.000453]: Train Loss=0.4590 | Train Acc=0.6369 | Val Loss=0.5482 | Val Acc=0.6367 | Val F1=0.4945
2025-12-08 00:51:11,855 - INFO - Epoch 16/100 [LR=0.000428]: Train Loss=0.4123 | Train Acc=0.6737 | Val Loss=0.5314 | Val Acc=0.6367 | Val F1=0.4096
2025-12-08 00:53:55,259 - INFO - Epoch 17/100 [LR=0.000398]: Train Loss=0.4001 | Train Acc=0.6167 | Val Loss=0.5192 | Val Acc=0.6439 | Val F1=0.4613
2025-12-08 00:56:39,892 - INFO - Epoch 18/100 [LR=0.000365]: Train Loss=0.3464 | Train Acc=0.6792 | Val Loss=0.4760 | Val Acc=0.6799 | Val F1=0.5019
2025-12-08 00:56:39,984 - INFO - 💾 保存最佳模型 (F1: 0.5019)
2025-12-08 00:59:31,363 - INFO - Epoch 19/100 [LR=0.000329]: Train Loss=0.4148 | Train Acc=0.6783 | Val Loss=0.5434 | Val Acc=0.6259 | Val F1=0.4660
2025-12-08 01:02:16,794 - INFO - Epoch 20/100 [LR=0.000291]: Train Loss=0.3641 | Train Acc=0.6811 | Val Loss=0.5239 | Val Acc=0.6331 | Val F1=0.4507
2025-12-08 01:04:55,664 - INFO - Epoch 21/100 [LR=0.000253]: Train Loss=0.4353 | Train Acc=0.6884 | Val Loss=0.5555 | Val Acc=0.6511 | Val F1=0.4803
2025-12-08 01:07:46,714 - INFO - Epoch 22/100 [LR=0.000214]: Train Loss=0.3145 | Train Acc=0.7270 | Val Loss=0.5070 | Val Acc=0.6583 | Val F1=0.5240
2025-12-08 01:07:46,766 - INFO - 💾 保存最佳模型 (F1: 0.5240)
2025-12-08 01:10:27,843 - INFO - Epoch 23/100 [LR=0.000176]: Train Loss=0.3693 | Train Acc=0.7142 | Val Loss=0.5241 | Val Acc=0.6367 | Val F1=0.4655
2025-12-08 01:13:14,127 - INFO - Epoch 24/100 [LR=0.000140]: Train Loss=0.2828 | Train Acc=0.7426 | Val Loss=0.5313 | Val Acc=0.6511 | Val F1=0.5129
2025-12-08 01:15:54,531 - INFO - Epoch 25/100 [LR=0.000107]: Train Loss=0.3114 | Train Acc=0.7463 | Val Loss=0.5344 | Val Acc=0.6367 | Val F1=0.4619
2025-12-08 01:18:41,167 - INFO - Epoch 26/100 [LR=0.000077]: Train Loss=0.2780 | Train Acc=0.7188 | Val Loss=0.5368 | Val Acc=0.6367 | Val F1=0.5090
2025-12-08 01:21:20,929 - INFO - Epoch 27/100 [LR=0.000052]: Train Loss=0.2917 | Train Acc=0.7169 | Val Loss=0.5378 | Val Acc=0.6475 | Val F1=0.5049
2025-12-08 01:24:05,642 - INFO - Epoch 28/100 [LR=0.000032]: Train Loss=0.2174 | Train Acc=0.7656 | Val Loss=0.5363 | Val Acc=0.6187 | Val F1=0.4827
2025-12-08 01:26:47,593 - INFO - Epoch 29/100 [LR=0.000017]: Train Loss=0.2618 | Train Acc=0.7675 | Val Loss=0.5410 | Val Acc=0.6295 | Val F1=0.5043
2025-12-08 01:29:33,808 - INFO - Epoch 30/100 [LR=0.000008]: Train Loss=0.2413 | Train Acc=0.7693 | Val Loss=0.5392 | Val Acc=0.6259 | Val F1=0.5003
2025-12-08 01:32:14,047 - INFO - Epoch 31/100 [LR=0.000500]: Train Loss=0.3268 | Train Acc=0.7270 | Val Loss=0.5674 | Val Acc=0.6619 | Val F1=0.4881
2025-12-08 01:34:57,385 - INFO - Epoch 32/100 [LR=0.000499]: Train Loss=0.3388 | Train Acc=0.7132 | Val Loss=0.5794 | Val Acc=0.6619 | Val F1=0.5227
2025-12-08 01:37:44,564 - INFO - Epoch 33/100 [LR=0.000497]: Train Loss=0.3582 | Train Acc=0.7252 | Val Loss=0.5296 | Val Acc=0.6583 | Val F1=0.5787
2025-12-08 01:37:44,609 - INFO - 💾 保存最佳模型 (F1: 0.5787)
2025-12-08 01:40:23,329 - INFO - Epoch 34/100 [LR=0.000493]: Train Loss=0.3833 | Train Acc=0.6811 | Val Loss=0.5965 | Val Acc=0.6259 | Val F1=0.4945
2025-12-08 01:43:03,815 - INFO - Epoch 35/100 [LR=0.000488]: Train Loss=0.3978 | Train Acc=0.6599 | Val Loss=0.5952 | Val Acc=0.6295 | Val F1=0.4717
2025-12-08 01:45:46,726 - INFO - Epoch 36/100 [LR=0.000481]: Train Loss=0.3381 | Train Acc=0.6884 | Val Loss=0.5499 | Val Acc=0.6511 | Val F1=0.5204
2025-12-08 01:48:27,779 - INFO - Epoch 37/100 [LR=0.000473]: Train Loss=0.3279 | Train Acc=0.6774 | Val Loss=0.5269 | Val Acc=0.6655 | Val F1=0.5517
2025-12-08 01:51:13,902 - INFO - Epoch 38/100 [LR=0.000464]: Train Loss=0.2548 | Train Acc=0.7454 | Val Loss=0.5884 | Val Acc=0.6403 | Val F1=0.4623
2025-12-08 01:53:59,120 - INFO - Epoch 39/100 [LR=0.000453]: Train Loss=0.3000 | Train Acc=0.6976 | Val Loss=0.6380 | Val Acc=0.6511 | Val F1=0.5176
2025-12-08 01:56:42,427 - INFO - Epoch 40/100 [LR=0.000441]: Train Loss=0.3276 | Train Acc=0.7546 | Val Loss=0.5676 | Val Acc=0.6619 | Val F1=0.5856
2025-12-08 01:56:42,474 - INFO - 💾 保存最佳模型 (F1: 0.5856)
2025-12-08 01:59:29,970 - INFO - Epoch 41/100 [LR=0.000428]: Train Loss=0.2580 | Train Acc=0.7665 | Val Loss=0.5759 | Val Acc=0.6583 | Val F1=0.5032
2025-12-08 02:02:10,788 - INFO - Epoch 42/100 [LR=0.000413]: Train Loss=0.2850 | Train Acc=0.7436 | Val Loss=0.5764 | Val Acc=0.6331 | Val F1=0.5540
2025-12-08 02:04:51,781 - INFO - Epoch 43/100 [LR=0.000398]: Train Loss=0.3267 | Train Acc=0.7206 | Val Loss=0.6305 | Val Acc=0.6835 | Val F1=0.5305
2025-12-08 02:07:34,083 - INFO - Epoch 44/100 [LR=0.000382]: Train Loss=0.2712 | Train Acc=0.7518 | Val Loss=0.6195 | Val Acc=0.6691 | Val F1=0.5403
2025-12-08 02:10:20,627 - INFO - Epoch 45/100 [LR=0.000365]: Train Loss=0.2279 | Train Acc=0.7969 | Val Loss=0.5864 | Val Acc=0.6978 | Val F1=0.5718
2025-12-08 02:13:06,611 - INFO - Epoch 46/100 [LR=0.000347]: Train Loss=0.2045 | Train Acc=0.8502 | Val Loss=0.5614 | Val Acc=0.6799 | Val F1=0.5534
2025-12-08 02:15:47,352 - INFO - Epoch 47/100 [LR=0.000329]: Train Loss=0.2671 | Train Acc=0.7849 | Val Loss=0.6375 | Val Acc=0.6583 | Val F1=0.5351
2025-12-08 02:18:31,773 - INFO - Epoch 48/100 [LR=0.000310]: Train Loss=0.1836 | Train Acc=0.8088 | Val Loss=0.6180 | Val Acc=0.6547 | Val F1=0.5221
2025-12-08 02:21:15,020 - INFO - Epoch 49/100 [LR=0.000291]: Train Loss=0.1559 | Train Acc=0.8180 | Val Loss=0.5844 | Val Acc=0.6835 | Val F1=0.5235
2025-12-08 02:23:55,009 - INFO - Epoch 50/100 [LR=0.000272]: Train Loss=0.2163 | Train Acc=0.8153 | Val Loss=0.6198 | Val Acc=0.6871 | Val F1=0.5468
2025-12-08 02:26:34,033 - INFO - Epoch 51/100 [LR=0.000253]: Train Loss=0.2195 | Train Acc=0.8079 | Val Loss=0.6081 | Val Acc=0.6763 | Val F1=0.4931
2025-12-08 02:29:17,468 - INFO - Epoch 52/100 [LR=0.000233]: Train Loss=0.2454 | Train Acc=0.7601 | Val Loss=0.6191 | Val Acc=0.6691 | Val F1=0.5737
2025-12-08 02:31:59,771 - INFO - Epoch 53/100 [LR=0.000214]: Train Loss=0.1619 | Train Acc=0.8336 | Val Loss=0.5972 | Val Acc=0.6655 | Val F1=0.4976
2025-12-08 02:34:43,228 - INFO - Epoch 54/100 [LR=0.000195]: Train Loss=0.2246 | Train Acc=0.7941 | Val Loss=0.5790 | Val Acc=0.6763 | Val F1=0.5439
2025-12-08 02:37:27,804 - INFO - Epoch 55/100 [LR=0.000176]: Train Loss=0.1131 | Train Acc=0.8199 | Val Loss=0.5615 | Val Acc=0.6547 | Val F1=0.5276
2025-12-08 02:40:08,641 - INFO - Epoch 56/100 [LR=0.000158]: Train Loss=0.1491 | Train Acc=0.8318 | Val Loss=0.5989 | Val Acc=0.6655 | Val F1=0.5755
2025-12-08 02:42:53,111 - INFO - Epoch 57/100 [LR=0.000140]: Train Loss=0.1967 | Train Acc=0.8217 | Val Loss=0.6414 | Val Acc=0.6727 | Val F1=0.5927
2025-12-08 02:42:53,189 - INFO - 💾 保存最佳模型 (F1: 0.5927)
2025-12-08 02:45:33,439 - INFO - Epoch 58/100 [LR=0.000123]: Train Loss=0.1951 | Train Acc=0.8355 | Val Loss=0.5896 | Val Acc=0.6691 | Val F1=0.5523
2025-12-08 02:48:15,389 - INFO - Epoch 59/100 [LR=0.000107]: Train Loss=0.1467 | Train Acc=0.8879 | Val Loss=0.6309 | Val Acc=0.6691 | Val F1=0.5761
2025-12-08 02:50:58,385 - INFO - Epoch 60/100 [LR=0.000092]: Train Loss=0.1256 | Train Acc=0.8814 | Val Loss=0.5938 | Val Acc=0.6583 | Val F1=0.5431
2025-12-08 02:53:33,219 - INFO - Epoch 61/100 [LR=0.000077]: Train Loss=0.1845 | Train Acc=0.8244 | Val Loss=0.6249 | Val Acc=0.6727 | Val F1=0.5781
2025-12-08 02:56:08,812 - INFO - Epoch 62/100 [LR=0.000064]: Train Loss=0.1200 | Train Acc=0.8649 | Val Loss=0.6351 | Val Acc=0.6547 | Val F1=0.5249
2025-12-08 02:58:46,986 - INFO - Epoch 63/100 [LR=0.000052]: Train Loss=0.0740 | Train Acc=0.9062 | Val Loss=0.6428 | Val Acc=0.6619 | Val F1=0.5497
2025-12-08 03:01:26,898 - INFO - Epoch 64/100 [LR=0.000041]: Train Loss=0.1203 | Train Acc=0.8511 | Val Loss=0.6349 | Val Acc=0.6511 | Val F1=0.5377
2025-12-08 03:04:00,645 - INFO - Epoch 65/100 [LR=0.000032]: Train Loss=0.0933 | Train Acc=0.8612 | Val Loss=0.6346 | Val Acc=0.6547 | Val F1=0.5326
2025-12-08 03:06:40,213 - INFO - Epoch 66/100 [LR=0.000024]: Train Loss=0.1315 | Train Acc=0.8143 | Val Loss=0.6428 | Val Acc=0.6619 | Val F1=0.5351
2025-12-08 03:09:23,872 - INFO - Epoch 67/100 [LR=0.000017]: Train Loss=0.2120 | Train Acc=0.8318 | Val Loss=0.6313 | Val Acc=0.6727 | Val F1=0.5885
2025-12-08 03:12:01,893 - INFO - Epoch 68/100 [LR=0.000012]: Train Loss=0.1670 | Train Acc=0.7895 | Val Loss=0.6335 | Val Acc=0.6691 | Val F1=0.5873
2025-12-08 03:14:41,592 - INFO - Epoch 69/100 [LR=0.000008]: Train Loss=0.1893 | Train Acc=0.8300 | Val Loss=0.6359 | Val Acc=0.6583 | Val F1=0.5760
2025-12-08 03:17:19,935 - INFO - Epoch 70/100 [LR=0.000006]: Train Loss=0.1600 | Train Acc=0.8419 | Val Loss=0.6335 | Val Acc=0.6619 | Val F1=0.5375
2025-12-08 03:20:05,356 - INFO - Epoch 71/100 [LR=0.000500]: Train Loss=0.1530 | Train Acc=0.8456 | Val Loss=0.7690 | Val Acc=0.6619 | Val F1=0.4886
2025-12-08 03:22:49,558 - INFO - Epoch 72/100 [LR=0.000500]: Train Loss=0.2202 | Train Acc=0.7849 | Val Loss=0.7478 | Val Acc=0.6259 | Val F1=0.5240
2025-12-08 03:25:33,481 - INFO - Epoch 73/100 [LR=0.000499]: Train Loss=0.2690 | Train Acc=0.7390 | Val Loss=0.6828 | Val Acc=0.6439 | Val F1=0.4907
2025-12-08 03:28:14,514 - INFO - Epoch 74/100 [LR=0.000498]: Train Loss=0.3192 | Train Acc=0.7528 | Val Loss=0.5825 | Val Acc=0.6619 | Val F1=0.4543
2025-12-08 03:30:56,483 - INFO - Epoch 75/100 [LR=0.000497]: Train Loss=0.2988 | Train Acc=0.7417 | Val Loss=0.6512 | Val Acc=0.6151 | Val F1=0.5367
2025-12-08 03:33:37,463 - INFO - Epoch 76/100 [LR=0.000495]: Train Loss=0.2681 | Train Acc=0.7748 | Val Loss=0.6400 | Val Acc=0.6763 | Val F1=0.5656
2025-12-08 03:36:18,803 - INFO - Epoch 77/100 [LR=0.000493]: Train Loss=0.2078 | Train Acc=0.7785 | Val Loss=0.6747 | Val Acc=0.6835 | Val F1=0.5956
2025-12-08 03:36:18,879 - INFO - 💾 保存最佳模型 (F1: 0.5956)
2025-12-08 03:39:01,771 - INFO - Epoch 78/100 [LR=0.000491]: Train Loss=0.2384 | Train Acc=0.7932 | Val Loss=0.6568 | Val Acc=0.6403 | Val F1=0.5540
2025-12-08 03:41:42,994 - INFO - Epoch 79/100 [LR=0.000488]: Train Loss=0.2173 | Train Acc=0.7693 | Val Loss=0.6870 | Val Acc=0.6547 | Val F1=0.5315
2025-12-08 03:44:27,459 - INFO - Epoch 80/100 [LR=0.000485]: Train Loss=0.1386 | Train Acc=0.7858 | Val Loss=0.6643 | Val Acc=0.6906 | Val F1=0.5210
2025-12-08 03:47:07,722 - INFO - Epoch 81/100 [LR=0.000481]: Train Loss=0.1419 | Train Acc=0.8750 | Val Loss=0.6914 | Val Acc=0.6547 | Val F1=0.5309
2025-12-08 03:49:51,489 - INFO - Epoch 82/100 [LR=0.000477]: Train Loss=0.1830 | Train Acc=0.8667 | Val Loss=0.6216 | Val Acc=0.6727 | Val F1=0.6031
2025-12-08 03:49:51,547 - INFO - 💾 保存最佳模型 (F1: 0.6031)
2025-12-08 03:52:37,383 - INFO - Epoch 83/100 [LR=0.000473]: Train Loss=0.1811 | Train Acc=0.8364 | Val Loss=0.6974 | Val Acc=0.6475 | Val F1=0.5116
2025-12-08 03:55:19,859 - INFO - Epoch 84/100 [LR=0.000468]: Train Loss=0.1882 | Train Acc=0.7757 | Val Loss=0.6537 | Val Acc=0.6799 | Val F1=0.4912
2025-12-08 03:57:58,971 - INFO - Epoch 85/100 [LR=0.000464]: Train Loss=0.1899 | Train Acc=0.7932 | Val Loss=0.6672 | Val Acc=0.6439 | Val F1=0.5380
2025-12-08 04:00:40,118 - INFO - Epoch 86/100 [LR=0.000458]: Train Loss=0.1725 | Train Acc=0.8143 | Val Loss=0.7115 | Val Acc=0.6763 | Val F1=0.5747
2025-12-08 04:03:19,716 - INFO - Epoch 87/100 [LR=0.000453]: Train Loss=0.2319 | Train Acc=0.8051 | Val Loss=0.6466 | Val Acc=0.6799 | Val F1=0.5734
2025-12-08 04:06:04,765 - INFO - Epoch 88/100 [LR=0.000447]: Train Loss=0.1421 | Train Acc=0.8263 | Val Loss=0.7236 | Val Acc=0.6763 | Val F1=0.5591
2025-12-08 04:08:47,993 - INFO - Epoch 89/100 [LR=0.000441]: Train Loss=0.1561 | Train Acc=0.8079 | Val Loss=0.6941 | Val Acc=0.6619 | Val F1=0.5153
2025-12-08 04:11:29,953 - INFO - Epoch 90/100 [LR=0.000434]: Train Loss=0.1640 | Train Acc=0.8897 | Val Loss=0.7138 | Val Acc=0.6295 | Val F1=0.5108
2025-12-08 04:14:18,768 - INFO - Epoch 91/100 [LR=0.000428]: Train Loss=0.0970 | Train Acc=0.8649 | Val Loss=0.7432 | Val Acc=0.6619 | Val F1=0.4987
2025-12-08 04:17:04,941 - INFO - Epoch 92/100 [LR=0.000421]: Train Loss=0.1474 | Train Acc=0.9173 | Val Loss=0.7401 | Val Acc=0.6511 | Val F1=0.5539
2025-12-08 04:19:50,428 - INFO - Epoch 93/100 [LR=0.000413]: Train Loss=0.1951 | Train Acc=0.8217 | Val Loss=0.7520 | Val Acc=0.6187 | Val F1=0.4584
2025-12-08 04:22:33,913 - INFO - Epoch 94/100 [LR=0.000406]: Train Loss=0.1823 | Train Acc=0.8529 | Val Loss=0.7186 | Val Acc=0.6547 | Val F1=0.5241
2025-12-08 04:25:17,766 - INFO - Epoch 95/100 [LR=0.000398]: Train Loss=0.1942 | Train Acc=0.8153 | Val Loss=0.6668 | Val Acc=0.6691 | Val F1=0.6017
2025-12-08 04:28:00,787 - INFO - Epoch 96/100 [LR=0.000390]: Train Loss=0.1489 | Train Acc=0.8373 | Val Loss=0.6962 | Val Acc=0.6475 | Val F1=0.5631
2025-12-08 04:30:46,480 - INFO - Epoch 97/100 [LR=0.000382]: Train Loss=0.1235 | Train Acc=0.8290 | Val Loss=0.6712 | Val Acc=0.6763 | Val F1=0.5983
2025-12-08 04:33:27,780 - INFO - Epoch 98/100 [LR=0.000373]: Train Loss=0.1455 | Train Acc=0.8290 | Val Loss=0.7180 | Val Acc=0.6691 | Val F1=0.4927
2025-12-08 04:36:09,935 - INFO - Epoch 99/100 [LR=0.000365]: Train Loss=0.0820 | Train Acc=0.8088 | Val Loss=0.7262 | Val Acc=0.6619 | Val F1=0.5840
2025-12-08 04:38:55,244 - INFO - Epoch 100/100 [LR=0.000356]: Train Loss=0.0610 | Train Acc=0.9062 | Val Loss=0.7442 | Val Acc=0.6835 | Val F1=0.6077
2025-12-08 04:38:55,329 - INFO - 💾 保存最佳模型 (F1: 0.6077)
2025-12-08 04:38:55,824 - INFO - 🔧 使用 Focal Loss 处理难分样本
2025-12-08 04:40:28,744 - INFO - Epoch 1/50 [LR=0.000500]: Train Loss=1.7157 | Train Acc=0.3063 | Val Loss=1.2102 | Val Acc=0.3704 | Val F1=0.1900
2025-12-08 04:40:28,845 - INFO - 💾 保存最佳模型 (F1: 0.1900)
2025-12-08 04:42:04,587 - INFO - Epoch 2/50 [LR=0.000488]: Train Loss=1.0754 | Train Acc=0.4437 | Val Loss=1.0353 | Val Acc=0.4074 | Val F1=0.2180
2025-12-08 04:42:04,666 - INFO - 💾 保存最佳模型 (F1: 0.2180)
2025-12-08 04:43:40,052 - INFO - Epoch 3/50 [LR=0.000453]: Train Loss=0.9305 | Train Acc=0.5188 | Val Loss=0.9201 | Val Acc=0.5000 | Val F1=0.2918
2025-12-08 04:43:40,129 - INFO - 💾 保存最佳模型 (F1: 0.2918)
2025-12-08 04:45:11,831 - INFO - Epoch 4/50 [LR=0.000398]: Train Loss=0.7722 | Train Acc=0.4750 | Val Loss=0.8491 | Val Acc=0.5000 | Val F1=0.2896
2025-12-08 04:46:44,998 - INFO - Epoch 5/50 [LR=0.000329]: Train Loss=0.6677 | Train Acc=0.5938 | Val Loss=0.7579 | Val Acc=0.6111 | Val F1=0.3984
2025-12-08 04:46:45,111 - INFO - 💾 保存最佳模型 (F1: 0.3984)
2025-12-08 04:48:23,151 - INFO - Epoch 6/50 [LR=0.000253]: Train Loss=0.6847 | Train Acc=0.6188 | Val Loss=0.6937 | Val Acc=0.5741 | Val F1=0.3124
2025-12-08 04:50:03,125 - INFO - Epoch 7/50 [LR=0.000176]: Train Loss=0.5602 | Train Acc=0.6250 | Val Loss=0.6852 | Val Acc=0.5926 | Val F1=0.3209
2025-12-08 04:51:40,284 - INFO - Epoch 8/50 [LR=0.000107]: Train Loss=0.7478 | Train Acc=0.4750 | Val Loss=0.6794 | Val Acc=0.5926 | Val F1=0.3190
2025-12-08 04:53:18,350 - INFO - Epoch 9/50 [LR=0.000052]: Train Loss=0.5430 | Train Acc=0.6625 | Val Loss=0.6748 | Val Acc=0.5926 | Val F1=0.3176
2025-12-08 04:54:54,472 - INFO - Epoch 10/50 [LR=0.000017]: Train Loss=0.4683 | Train Acc=0.6875 | Val Loss=0.6669 | Val Acc=0.6111 | Val F1=0.4157
2025-12-08 04:54:54,543 - INFO - 💾 保存最佳模型 (F1: 0.4157)
2025-12-08 04:56:31,030 - INFO - Epoch 11/50 [LR=0.000500]: Train Loss=0.5097 | Train Acc=0.6125 | Val Loss=0.8413 | Val Acc=0.5370 | Val F1=0.4114
2025-12-08 04:58:10,214 - INFO - Epoch 12/50 [LR=0.000497]: Train Loss=0.5087 | Train Acc=0.5375 | Val Loss=0.8044 | Val Acc=0.5370 | Val F1=0.3844
2025-12-08 04:59:44,954 - INFO - Epoch 13/50 [LR=0.000488]: Train Loss=0.4666 | Train Acc=0.6438 | Val Loss=0.6806 | Val Acc=0.6481 | Val F1=0.5012
2025-12-08 04:59:45,095 - INFO - 💾 保存最佳模型 (F1: 0.5012)
2025-12-08 05:01:21,722 - INFO - Epoch 14/50 [LR=0.000473]: Train Loss=0.6050 | Train Acc=0.6687 | Val Loss=0.6656 | Val Acc=0.6481 | Val F1=0.4283
2025-12-08 05:02:55,855 - INFO - Epoch 15/50 [LR=0.000453]: Train Loss=0.4613 | Train Acc=0.6625 | Val Loss=0.7040 | Val Acc=0.6667 | Val F1=0.5382
2025-12-08 05:02:55,951 - INFO - 💾 保存最佳模型 (F1: 0.5382)
2025-12-08 05:04:32,844 - INFO - Epoch 16/50 [LR=0.000428]: Train Loss=0.3281 | Train Acc=0.7812 | Val Loss=0.6456 | Val Acc=0.6481 | Val F1=0.4407
2025-12-08 05:06:06,458 - INFO - Epoch 17/50 [LR=0.000398]: Train Loss=0.5122 | Train Acc=0.5250 | Val Loss=0.6312 | Val Acc=0.6481 | Val F1=0.5489
2025-12-08 05:06:06,553 - INFO - 💾 保存最佳模型 (F1: 0.5489)
2025-12-08 05:07:49,684 - INFO - Epoch 18/50 [LR=0.000365]: Train Loss=0.3428 | Train Acc=0.7562 | Val Loss=0.6063 | Val Acc=0.6667 | Val F1=0.5558
2025-12-08 05:07:49,780 - INFO - 💾 保存最佳模型 (F1: 0.5558)
2025-12-08 05:09:25,988 - INFO - Epoch 19/50 [LR=0.000329]: Train Loss=0.3082 | Train Acc=0.7750 | Val Loss=0.6086 | Val Acc=0.6667 | Val F1=0.5018
2025-12-08 05:10:57,970 - INFO - Epoch 20/50 [LR=0.000291]: Train Loss=0.3590 | Train Acc=0.6750 | Val Loss=0.6567 | Val Acc=0.6481 | Val F1=0.5052
2025-12-08 05:12:36,370 - INFO - Epoch 21/50 [LR=0.000253]: Train Loss=0.3127 | Train Acc=0.7500 | Val Loss=0.6494 | Val Acc=0.6296 | Val F1=0.3977
2025-12-08 05:14:09,614 - INFO - Epoch 22/50 [LR=0.000214]: Train Loss=0.2784 | Train Acc=0.8125 | Val Loss=0.6332 | Val Acc=0.6667 | Val F1=0.4766
2025-12-08 05:15:45,323 - INFO - Epoch 23/50 [LR=0.000176]: Train Loss=0.2471 | Train Acc=0.8125 | Val Loss=0.6417 | Val Acc=0.6296 | Val F1=0.4504
2025-12-08 05:17:23,382 - INFO - Epoch 24/50 [LR=0.000140]: Train Loss=0.2680 | Train Acc=0.7250 | Val Loss=0.6547 | Val Acc=0.6667 | Val F1=0.4855
2025-12-08 05:18:59,171 - INFO - Epoch 25/50 [LR=0.000107]: Train Loss=0.3069 | Train Acc=0.7312 | Val Loss=0.6808 | Val Acc=0.6296 | Val F1=0.4940
2025-12-08 05:20:39,856 - INFO - Epoch 26/50 [LR=0.000077]: Train Loss=0.2273 | Train Acc=0.7937 | Val Loss=0.6959 | Val Acc=0.6296 | Val F1=0.5310
2025-12-08 05:22:14,796 - INFO - Epoch 27/50 [LR=0.000052]: Train Loss=0.2486 | Train Acc=0.6937 | Val Loss=0.7058 | Val Acc=0.6296 | Val F1=0.5310
2025-12-08 05:23:51,669 - INFO - Epoch 28/50 [LR=0.000032]: Train Loss=0.2082 | Train Acc=0.8875 | Val Loss=0.7031 | Val Acc=0.6111 | Val F1=0.5104
2025-12-08 05:25:28,434 - INFO - Epoch 29/50 [LR=0.000017]: Train Loss=0.2112 | Train Acc=0.8688 | Val Loss=0.7042 | Val Acc=0.6296 | Val F1=0.5196
2025-12-08 05:27:04,445 - INFO - Epoch 30/50 [LR=0.000008]: Train Loss=0.2162 | Train Acc=0.6125 | Val Loss=0.7016 | Val Acc=0.6111 | Val F1=0.5104
2025-12-08 05:28:41,990 - INFO - Epoch 31/50 [LR=0.000500]: Train Loss=0.2148 | Train Acc=0.8187 | Val Loss=0.6900 | Val Acc=0.5926 | Val F1=0.3690
2025-12-08 05:30:16,253 - INFO - Epoch 32/50 [LR=0.000499]: Train Loss=0.1946 | Train Acc=0.8562 | Val Loss=0.6914 | Val Acc=0.6296 | Val F1=0.3985
2025-12-08 05:31:53,491 - INFO - Epoch 33/50 [LR=0.000497]: Train Loss=0.3809 | Train Acc=0.6875 | Val Loss=0.8034 | Val Acc=0.6296 | Val F1=0.5352
2025-12-08 05:31:53,491 - INFO - 🛑 Early stopping at epoch 33
2025-12-08 05:31:53,782 - INFO - 🔧 使用 Focal Loss 处理难分样本
2025-12-08 05:33:23,185 - INFO - Epoch 1/50 [LR=0.000500]: Train Loss=0.8499 | Train Acc=0.4375 | Val Loss=0.6034 | Val Acc=0.2000 | Val F1=0.1693
2025-12-08 05:33:23,281 - INFO - 💾 保存最佳模型 (F1: 0.1693)
2025-12-08 05:34:50,730 - INFO - Epoch 2/50 [LR=0.000488]: Train Loss=0.6320 | Train Acc=0.4062 | Val Loss=0.5816 | Val Acc=0.3333 | Val F1=0.2771
2025-12-08 05:34:50,807 - INFO - 💾 保存最佳模型 (F1: 0.2771)
2025-12-08 05:36:17,178 - INFO - Epoch 3/50 [LR=0.000453]: Train Loss=0.3092 | Train Acc=0.6875 | Val Loss=0.5688 | Val Acc=0.2667 | Val F1=0.2222
2025-12-08 05:37:48,267 - INFO - Epoch 4/50 [LR=0.000398]: Train Loss=0.2777 | Train Acc=0.7812 | Val Loss=0.5526 | Val Acc=0.4667 | Val F1=0.3714
2025-12-08 05:37:48,362 - INFO - 💾 保存最佳模型 (F1: 0.3714)
2025-12-08 05:39:15,838 - INFO - Epoch 5/50 [LR=0.000329]: Train Loss=0.2866 | Train Acc=0.7188 | Val Loss=0.4792 | Val Acc=0.5333 | Val F1=0.4575
2025-12-08 05:39:15,930 - INFO - 💾 保存最佳模型 (F1: 0.4575)
2025-12-08 05:40:39,559 - INFO - Epoch 6/50 [LR=0.000253]: Train Loss=0.2936 | Train Acc=0.8125 | Val Loss=0.4646 | Val Acc=0.5333 | Val F1=0.4889
2025-12-08 05:40:39,630 - INFO - 💾 保存最佳模型 (F1: 0.4889)
2025-12-08 05:42:06,772 - INFO - Epoch 7/50 [LR=0.000176]: Train Loss=0.2853 | Train Acc=0.7500 | Val Loss=0.4498 | Val Acc=0.5333 | Val F1=0.5439
2025-12-08 05:42:06,846 - INFO - 💾 保存最佳模型 (F1: 0.5439)
2025-12-08 05:43:30,505 - INFO - Epoch 8/50 [LR=0.000107]: Train Loss=0.1930 | Train Acc=0.9062 | Val Loss=0.4300 | Val Acc=0.6667 | Val F1=0.7168
2025-12-08 05:43:30,592 - INFO - 💾 保存最佳模型 (F1: 0.7168)
2025-12-08 05:44:52,286 - INFO - Epoch 9/50 [LR=0.000052]: Train Loss=0.4772 | Train Acc=0.7500 | Val Loss=0.4120 | Val Acc=0.6667 | Val F1=0.7168
2025-12-08 05:46:16,672 - INFO - Epoch 10/50 [LR=0.000017]: Train Loss=0.5637 | Train Acc=0.6875 | Val Loss=0.4021 | Val Acc=0.6667 | Val F1=0.7168
2025-12-08 05:47:42,609 - INFO - Epoch 11/50 [LR=0.000500]: Train Loss=0.2277 | Train Acc=0.7500 | Val Loss=0.3818 | Val Acc=0.6000 | Val F1=0.5908
2025-12-08 05:49:08,432 - INFO - Epoch 12/50 [LR=0.000497]: Train Loss=0.2416 | Train Acc=0.7812 | Val Loss=0.3538 | Val Acc=0.6667 | Val F1=0.7374
2025-12-08 05:49:08,516 - INFO - 💾 保存最佳模型 (F1: 0.7374)
2025-12-08 05:50:34,452 - INFO - Epoch 13/50 [LR=0.000488]: Train Loss=0.1592 | Train Acc=0.8750 | Val Loss=0.3342 | Val Acc=0.6667 | Val F1=0.7168
2025-12-08 05:52:01,780 - INFO - Epoch 14/50 [LR=0.000473]: Train Loss=0.1779 | Train Acc=0.8125 | Val Loss=0.3155 | Val Acc=0.6667 | Val F1=0.7168
2025-12-08 05:53:32,323 - INFO - Epoch 15/50 [LR=0.000453]: Train Loss=0.1579 | Train Acc=0.3750 | Val Loss=0.3022 | Val Acc=0.6667 | Val F1=0.7168
2025-12-08 05:54:58,465 - INFO - Epoch 16/50 [LR=0.000428]: Train Loss=0.5326 | Train Acc=0.6562 | Val Loss=0.2929 | Val Acc=0.6000 | Val F1=0.5926
2025-12-08 05:56:24,015 - INFO - Epoch 17/50 [LR=0.000398]: Train Loss=0.1505 | Train Acc=0.7812 | Val Loss=0.2953 | Val Acc=0.5333 | Val F1=0.3556
2025-12-08 05:57:53,094 - INFO - Epoch 18/50 [LR=0.000365]: Train Loss=0.1763 | Train Acc=0.8125 | Val Loss=0.2895 | Val Acc=0.5333 | Val F1=0.3556
2025-12-08 05:59:16,600 - INFO - Epoch 19/50 [LR=0.000329]: Train Loss=0.1867 | Train Acc=0.7500 | Val Loss=0.2898 | Val Acc=0.4667 | Val F1=0.2846
2025-12-08 06:00:45,727 - INFO - Epoch 20/50 [LR=0.000291]: Train Loss=0.1189 | Train Acc=0.8438 | Val Loss=0.2873 | Val Acc=0.6000 | Val F1=0.6389
2025-12-08 06:02:12,379 - INFO - Epoch 21/50 [LR=0.000253]: Train Loss=0.2108 | Train Acc=0.7188 | Val Loss=0.2834 | Val Acc=0.7333 | Val F1=0.7593
2025-12-08 06:02:12,470 - INFO - 💾 保存最佳模型 (F1: 0.7593)
2025-12-08 06:03:40,916 - INFO - Epoch 22/50 [LR=0.000214]: Train Loss=0.1511 | Train Acc=0.8125 | Val Loss=0.2875 | Val Acc=0.7333 | Val F1=0.7593
2025-12-08 06:05:11,278 - INFO - Epoch 23/50 [LR=0.000176]: Train Loss=0.1803 | Train Acc=0.7812 | Val Loss=0.2825 | Val Acc=0.6667 | Val F1=0.7168
2025-12-08 06:06:37,474 - INFO - Epoch 24/50 [LR=0.000140]: Train Loss=0.0943 | Train Acc=0.8438 | Val Loss=0.2917 | Val Acc=0.6667 | Val F1=0.7168
2025-12-08 06:08:04,481 - INFO - Epoch 25/50 [LR=0.000107]: Train Loss=0.0826 | Train Acc=0.9062 | Val Loss=0.2955 | Val Acc=0.6667 | Val F1=0.7168
2025-12-08 06:09:30,253 - INFO - Epoch 26/50 [LR=0.000077]: Train Loss=0.1372 | Train Acc=0.8750 | Val Loss=0.2956 | Val Acc=0.6667 | Val F1=0.7168
2025-12-08 06:10:54,272 - INFO - Epoch 27/50 [LR=0.000052]: Train Loss=0.2630 | Train Acc=0.7812 | Val Loss=0.3011 | Val Acc=0.6667 | Val F1=0.7168
2025-12-08 06:12:22,950 - INFO - Epoch 28/50 [LR=0.000032]: Train Loss=0.0663 | Train Acc=0.9375 | Val Loss=0.3022 | Val Acc=0.6667 | Val F1=0.7168
2025-12-08 06:13:51,931 - INFO - Epoch 29/50 [LR=0.000017]: Train Loss=0.1402 | Train Acc=0.8125 | Val Loss=0.3065 | Val Acc=0.7333 | Val F1=0.7833
2025-12-08 06:13:52,057 - INFO - 💾 保存最佳模型 (F1: 0.7833)
2025-12-08 06:15:12,071 - INFO - Epoch 30/50 [LR=0.000008]: Train Loss=0.2102 | Train Acc=0.4062 | Val Loss=0.3042 | Val Acc=0.7333 | Val F1=0.7833
2025-12-08 06:16:38,659 - INFO - Epoch 31/50 [LR=0.000500]: Train Loss=0.1100 | Train Acc=0.8750 | Val Loss=0.3008 | Val Acc=0.6000 | Val F1=0.6750
2025-12-08 06:18:06,055 - INFO - Epoch 32/50 [LR=0.000499]: Train Loss=0.1247 | Train Acc=0.8438 | Val Loss=0.3120 | Val Acc=0.6000 | Val F1=0.6750
2025-12-08 06:19:38,397 - INFO - Epoch 33/50 [LR=0.000497]: Train Loss=0.0518 | Train Acc=0.9375 | Val Loss=0.3271 | Val Acc=0.6000 | Val F1=0.6750
2025-12-08 06:21:07,992 - INFO - Epoch 34/50 [LR=0.000493]: Train Loss=0.0958 | Train Acc=0.8438 | Val Loss=0.3441 | Val Acc=0.6000 | Val F1=0.6389
2025-12-08 06:22:36,936 - INFO - Epoch 35/50 [LR=0.000488]: Train Loss=0.0242 | Train Acc=1.0000 | Val Loss=0.3780 | Val Acc=0.7333 | Val F1=0.7833
2025-12-08 06:24:02,923 - INFO - Epoch 36/50 [LR=0.000481]: Train Loss=0.1393 | Train Acc=0.8438 | Val Loss=0.3894 | Val Acc=0.7333 | Val F1=0.7833
2025-12-08 06:25:29,869 - INFO - Epoch 37/50 [LR=0.000473]: Train Loss=0.0530 | Train Acc=0.3750 | Val Loss=0.3921 | Val Acc=0.7333 | Val F1=0.7833
2025-12-08 06:26:53,092 - INFO - Epoch 38/50 [LR=0.000464]: Train Loss=0.1176 | Train Acc=0.9062 | Val Loss=0.3505 | Val Acc=0.7333 | Val F1=0.7833
2025-12-08 06:28:17,595 - INFO - Epoch 39/50 [LR=0.000453]: Train Loss=0.0381 | Train Acc=0.9375 | Val Loss=0.2966 | Val Acc=0.6667 | Val F1=0.7374
2025-12-08 06:29:40,970 - INFO - Epoch 40/50 [LR=0.000441]: Train Loss=0.1064 | Train Acc=0.8438 | Val Loss=0.2621 | Val Acc=0.6667 | Val F1=0.7374
2025-12-08 06:31:04,624 - INFO - Epoch 41/50 [LR=0.000428]: Train Loss=0.0308 | Train Acc=1.0000 | Val Loss=0.2513 | Val Acc=0.7333 | Val F1=0.7937
2025-12-08 06:31:04,689 - INFO - 💾 保存最佳模型 (F1: 0.7937)
2025-12-08 06:32:30,545 - INFO - Epoch 42/50 [LR=0.000413]: Train Loss=0.0323 | Train Acc=0.2812 | Val Loss=0.2570 | Val Acc=0.8667 | Val F1=0.8917
2025-12-08 06:32:30,629 - INFO - 💾 保存最佳模型 (F1: 0.8917)
2025-12-08 06:33:58,150 - INFO - Epoch 43/50 [LR=0.000398]: Train Loss=0.0709 | Train Acc=0.9375 | Val Loss=0.2766 | Val Acc=0.8000 | Val F1=0.8424
2025-12-08 06:35:26,507 - INFO - Epoch 44/50 [LR=0.000382]: Train Loss=0.1689 | Train Acc=0.9375 | Val Loss=0.2919 | Val Acc=0.8000 | Val F1=0.8424
2025-12-08 06:36:51,867 - INFO - Epoch 45/50 [LR=0.000365]: Train Loss=0.1025 | Train Acc=0.9062 | Val Loss=0.2629 | Val Acc=0.8667 | Val F1=0.8917
2025-12-08 06:38:19,246 - INFO - Epoch 46/50 [LR=0.000347]: Train Loss=0.0733 | Train Acc=0.9688 | Val Loss=0.2541 | Val Acc=0.8667 | Val F1=0.8917
2025-12-08 06:39:42,185 - INFO - Epoch 47/50 [LR=0.000329]: Train Loss=0.0323 | Train Acc=0.9688 | Val Loss=0.2546 | Val Acc=0.8667 | Val F1=0.8917
2025-12-08 06:41:08,978 - INFO - Epoch 48/50 [LR=0.000310]: Train Loss=0.0962 | Train Acc=0.9375 | Val Loss=0.2635 | Val Acc=0.8667 | Val F1=0.8917
2025-12-08 06:42:36,533 - INFO - Epoch 49/50 [LR=0.000291]: Train Loss=0.0890 | Train Acc=0.9375 | Val Loss=0.2762 | Val Acc=0.8000 | Val F1=0.8301
2025-12-08 06:44:00,523 - INFO - Epoch 50/50 [LR=0.000272]: Train Loss=0.0292 | Train Acc=0.9688 | Val Loss=0.2930 | Val Acc=0.8000 | Val F1=0.8301
2025-12-08 06:44:00,746 - INFO - 🔧 使用 Focal Loss 处理难分样本
2025-12-08 06:45:35,708 - INFO - Epoch 1/50 [LR=0.000500]: Train Loss=0.5457 | Train Acc=0.5312 | Val Loss=0.2972 | Val Acc=0.7692 | Val F1=0.6401
2025-12-08 06:45:35,788 - INFO - 💾 保存最佳模型 (F1: 0.6401)
2025-12-08 06:47:08,724 - INFO - Epoch 2/50 [LR=0.000488]: Train Loss=0.4248 | Train Acc=0.6719 | Val Loss=0.2565 | Val Acc=0.8462 | Val F1=0.8005
2025-12-08 06:47:08,822 - INFO - 💾 保存最佳模型 (F1: 0.8005)
2025-12-08 06:48:46,925 - INFO - Epoch 3/50 [LR=0.000453]: Train Loss=0.2829 | Train Acc=0.5781 | Val Loss=0.2324 | Val Acc=0.8462 | Val F1=0.8044
2025-12-08 06:48:46,993 - INFO - 💾 保存最佳模型 (F1: 0.8044)
2025-12-08 06:50:24,496 - INFO - Epoch 4/50 [LR=0.000398]: Train Loss=0.2188 | Train Acc=0.7578 | Val Loss=0.2166 | Val Acc=0.8846 | Val F1=0.8762
2025-12-08 06:50:24,573 - INFO - 💾 保存最佳模型 (F1: 0.8762)
2025-12-08 06:51:59,601 - INFO - Epoch 5/50 [LR=0.000329]: Train Loss=0.2140 | Train Acc=0.7500 | Val Loss=0.1944 | Val Acc=0.8462 | Val F1=0.7831
2025-12-08 06:53:31,820 - INFO - Epoch 6/50 [LR=0.000253]: Train Loss=0.2639 | Train Acc=0.6641 | Val Loss=0.1695 | Val Acc=0.8462 | Val F1=0.7789
2025-12-08 06:55:05,237 - INFO - Epoch 7/50 [LR=0.000176]: Train Loss=0.1510 | Train Acc=0.8359 | Val Loss=0.1415 | Val Acc=0.8462 | Val F1=0.7188
2025-12-08 06:56:38,203 - INFO - Epoch 8/50 [LR=0.000107]: Train Loss=0.1460 | Train Acc=0.8281 | Val Loss=0.1276 | Val Acc=0.8846 | Val F1=0.8105
2025-12-08 06:58:12,679 - INFO - Epoch 9/50 [LR=0.000052]: Train Loss=0.1450 | Train Acc=0.7656 | Val Loss=0.1128 | Val Acc=0.8846 | Val F1=0.8105
2025-12-08 06:59:46,341 - INFO - Epoch 10/50 [LR=0.000017]: Train Loss=0.1797 | Train Acc=0.7656 | Val Loss=0.1102 | Val Acc=0.9231 | Val F1=0.8556
2025-12-08 07:01:18,450 - INFO - Epoch 11/50 [LR=0.000500]: Train Loss=0.1763 | Train Acc=0.8281 | Val Loss=0.1067 | Val Acc=0.8462 | Val F1=0.7956
2025-12-08 07:02:53,688 - INFO - Epoch 12/50 [LR=0.000497]: Train Loss=0.1621 | Train Acc=0.8047 | Val Loss=0.1297 | Val Acc=0.8462 | Val F1=0.7831
2025-12-08 07:04:30,793 - INFO - Epoch 13/50 [LR=0.000488]: Train Loss=0.0874 | Train Acc=0.7969 | Val Loss=0.1433 | Val Acc=0.8462 | Val F1=0.7992
2025-12-08 07:06:04,580 - INFO - Epoch 14/50 [LR=0.000473]: Train Loss=0.1095 | Train Acc=0.8828 | Val Loss=0.1538 | Val Acc=0.8077 | Val F1=0.6914
2025-12-08 07:07:42,500 - INFO - Epoch 15/50 [LR=0.000453]: Train Loss=0.0858 | Train Acc=0.8906 | Val Loss=0.1216 | Val Acc=0.8077 | Val F1=0.6914
2025-12-08 07:09:15,616 - INFO - Epoch 16/50 [LR=0.000428]: Train Loss=0.0594 | Train Acc=0.9375 | Val Loss=0.1116 | Val Acc=0.8846 | Val F1=0.8280
2025-12-08 07:10:45,513 - INFO - Epoch 17/50 [LR=0.000398]: Train Loss=0.0856 | Train Acc=0.8984 | Val Loss=0.1047 | Val Acc=0.8846 | Val F1=0.8280
2025-12-08 07:12:20,470 - INFO - Epoch 18/50 [LR=0.000365]: Train Loss=0.0724 | Train Acc=0.9141 | Val Loss=0.0981 | Val Acc=0.8846 | Val F1=0.8280
2025-12-08 07:13:53,197 - INFO - Epoch 19/50 [LR=0.000329]: Train Loss=0.1463 | Train Acc=0.9062 | Val Loss=0.1022 | Val Acc=0.8846 | Val F1=0.8280
2025-12-08 07:13:53,197 - INFO - 🛑 Early stopping at epoch 19
2025-12-08 07:13:53,556 - INFO - 🔧 使用 Focal Loss 处理难分样本
2025-12-08 07:15:32,317 - INFO - Epoch 1/50 [LR=0.000500]: Train Loss=2.1779 | Train Acc=0.1445 | Val Loss=1.7303 | Val Acc=0.2250 | Val F1=0.0527
2025-12-08 07:15:32,391 - INFO - 💾 保存最佳模型 (F1: 0.0527)
2025-12-08 07:17:14,737 - INFO - Epoch 2/50 [LR=0.000488]: Train Loss=1.6026 | Train Acc=0.3203 | Val Loss=1.6466 | Val Acc=0.3250 | Val F1=0.3126
2025-12-08 07:17:14,828 - INFO - 💾 保存最佳模型 (F1: 0.3126)
2025-12-08 07:18:55,464 - INFO - Epoch 3/50 [LR=0.000453]: Train Loss=1.2311 | Train Acc=0.4219 | Val Loss=1.1482 | Val Acc=0.4875 | Val F1=0.3780
2025-12-08 07:18:55,619 - INFO - 💾 保存最佳模型 (F1: 0.3780)
2025-12-08 07:20:39,115 - INFO - Epoch 4/50 [LR=0.000398]: Train Loss=1.1466 | Train Acc=0.4766 | Val Loss=1.3870 | Val Acc=0.3750 | Val F1=0.3297
2025-12-08 07:22:19,528 - INFO - Epoch 5/50 [LR=0.000329]: Train Loss=1.1059 | Train Acc=0.4023 | Val Loss=0.9560 | Val Acc=0.5875 | Val F1=0.4896
2025-12-08 07:22:19,620 - INFO - 💾 保存最佳模型 (F1: 0.4896)
2025-12-08 07:24:04,362 - INFO - Epoch 6/50 [LR=0.000253]: Train Loss=0.9376 | Train Acc=0.4727 | Val Loss=0.9262 | Val Acc=0.6250 | Val F1=0.5529
2025-12-08 07:24:04,442 - INFO - 💾 保存最佳模型 (F1: 0.5529)
2025-12-08 07:25:46,345 - INFO - Epoch 7/50 [LR=0.000176]: Train Loss=0.9072 | Train Acc=0.5000 | Val Loss=0.8421 | Val Acc=0.6750 | Val F1=0.6150
2025-12-08 07:25:46,432 - INFO - 💾 保存最佳模型 (F1: 0.6150)
2025-12-08 07:27:27,444 - INFO - Epoch 8/50 [LR=0.000107]: Train Loss=0.7668 | Train Acc=0.6172 | Val Loss=0.8570 | Val Acc=0.6625 | Val F1=0.6091
2025-12-08 07:29:08,762 - INFO - Epoch 9/50 [LR=0.000052]: Train Loss=0.9925 | Train Acc=0.5039 | Val Loss=0.8701 | Val Acc=0.6500 | Val F1=0.5635
2025-12-08 07:30:47,785 - INFO - Epoch 10/50 [LR=0.000017]: Train Loss=0.8303 | Train Acc=0.4492 | Val Loss=0.8442 | Val Acc=0.6625 | Val F1=0.5968
2025-12-08 07:32:29,510 - INFO - Epoch 11/50 [LR=0.000500]: Train Loss=0.8326 | Train Acc=0.5312 | Val Loss=0.7755 | Val Acc=0.6625 | Val F1=0.5906
2025-12-08 07:34:16,342 - INFO - Epoch 12/50 [LR=0.000497]: Train Loss=0.8743 | Train Acc=0.5000 | Val Loss=0.7767 | Val Acc=0.6375 | Val F1=0.5989
2025-12-08 07:35:58,574 - INFO - Epoch 13/50 [LR=0.000488]: Train Loss=0.8495 | Train Acc=0.5664 | Val Loss=0.7663 | Val Acc=0.6750 | Val F1=0.5805
2025-12-08 07:37:45,795 - INFO - Epoch 14/50 [LR=0.000473]: Train Loss=0.6984 | Train Acc=0.6289 | Val Loss=0.8498 | Val Acc=0.6500 | Val F1=0.5650
2025-12-08 07:39:28,022 - INFO - Epoch 15/50 [LR=0.000453]: Train Loss=0.6488 | Train Acc=0.5859 | Val Loss=0.8284 | Val Acc=0.6000 | Val F1=0.5578
2025-12-08 07:41:09,749 - INFO - Epoch 16/50 [LR=0.000428]: Train Loss=0.5973 | Train Acc=0.6602 | Val Loss=0.7807 | Val Acc=0.6375 | Val F1=0.5451
2025-12-08 07:42:52,526 - INFO - Epoch 17/50 [LR=0.000398]: Train Loss=0.9078 | Train Acc=0.5312 | Val Loss=0.7519 | Val Acc=0.6500 | Val F1=0.5778
2025-12-08 07:44:27,920 - INFO - Epoch 18/50 [LR=0.000365]: Train Loss=0.7244 | Train Acc=0.5859 | Val Loss=0.7161 | Val Acc=0.7000 | Val F1=0.5921
2025-12-08 07:46:10,241 - INFO - Epoch 19/50 [LR=0.000329]: Train Loss=0.5148 | Train Acc=0.5781 | Val Loss=0.7086 | Val Acc=0.7000 | Val F1=0.6980
2025-12-08 07:46:10,361 - INFO - 💾 保存最佳模型 (F1: 0.6980)
2025-12-08 07:47:50,464 - INFO - Epoch 20/50 [LR=0.000291]: Train Loss=0.8999 | Train Acc=0.5195 | Val Loss=0.7370 | Val Acc=0.6500 | Val F1=0.5792
2025-12-08 07:49:42,352 - INFO - Epoch 21/50 [LR=0.000253]: Train Loss=0.5807 | Train Acc=0.6680 | Val Loss=0.6669 | Val Acc=0.7000 | Val F1=0.6142
2025-12-08 07:51:24,425 - INFO - Epoch 22/50 [LR=0.000214]: Train Loss=0.6200 | Train Acc=0.5352 | Val Loss=0.6547 | Val Acc=0.7375 | Val F1=0.6416
2025-12-08 07:53:09,843 - INFO - Epoch 23/50 [LR=0.000176]: Train Loss=0.4922 | Train Acc=0.6172 | Val Loss=0.7025 | Val Acc=0.6625 | Val F1=0.6073
2025-12-08 07:54:54,377 - INFO - Epoch 24/50 [LR=0.000140]: Train Loss=0.4739 | Train Acc=0.5938 | Val Loss=0.6589 | Val Acc=0.6875 | Val F1=0.5900
2025-12-08 07:56:33,930 - INFO - Epoch 25/50 [LR=0.000107]: Train Loss=0.4631 | Train Acc=0.5547 | Val Loss=0.6630 | Val Acc=0.6875 | Val F1=0.5970
2025-12-08 07:58:19,567 - INFO - Epoch 26/50 [LR=0.000077]: Train Loss=0.6684 | Train Acc=0.6016 | Val Loss=0.6631 | Val Acc=0.6875 | Val F1=0.6043
2025-12-08 07:59:59,527 - INFO - Epoch 27/50 [LR=0.000052]: Train Loss=0.5147 | Train Acc=0.6484 | Val Loss=0.6573 | Val Acc=0.7125 | Val F1=0.6209
2025-12-08 08:01:42,366 - INFO - Epoch 28/50 [LR=0.000032]: Train Loss=0.3746 | Train Acc=0.7539 | Val Loss=0.6454 | Val Acc=0.7125 | Val F1=0.6183
2025-12-08 08:03:27,352 - INFO - Epoch 29/50 [LR=0.000017]: Train Loss=0.4501 | Train Acc=0.6133 | Val Loss=0.6461 | Val Acc=0.7125 | Val F1=0.6183
2025-12-08 08:05:12,781 - INFO - Epoch 30/50 [LR=0.000008]: Train Loss=0.3976 | Train Acc=0.6133 | Val Loss=0.6432 | Val Acc=0.7000 | Val F1=0.6111
2025-12-08 08:07:02,792 - INFO - Epoch 31/50 [LR=0.000500]: Train Loss=0.4555 | Train Acc=0.6953 | Val Loss=0.7389 | Val Acc=0.6625 | Val F1=0.6563
2025-12-08 08:08:52,129 - INFO - Epoch 32/50 [LR=0.000499]: Train Loss=0.6366 | Train Acc=0.6523 | Val Loss=0.7099 | Val Acc=0.6250 | Val F1=0.4882
2025-12-08 08:10:32,923 - INFO - Epoch 33/50 [LR=0.000497]: Train Loss=0.4637 | Train Acc=0.6992 | Val Loss=0.7887 | Val Acc=0.6125 | Val F1=0.5358
2025-12-08 08:12:13,529 - INFO - Epoch 34/50 [LR=0.000493]: Train Loss=0.4813 | Train Acc=0.6250 | Val Loss=0.6359 | Val Acc=0.6625 | Val F1=0.5667
2025-12-08 08:12:13,530 - INFO - 🛑 Early stopping at epoch 34
2025-12-08 08:12:13,703 - INFO - 🔧 使用 Focal Loss 处理难分样本
2025-12-08 08:13:47,603 - INFO - Epoch 1/50 [LR=0.000500]: Train Loss=0.6544 | Train Acc=0.4609 | Val Loss=0.3371 | Val Acc=0.6176 | Val F1=0.6211
2025-12-08 08:13:47,682 - INFO - 💾 保存最佳模型 (F1: 0.6211)
2025-12-08 08:15:16,530 - INFO - Epoch 2/50 [LR=0.000488]: Train Loss=0.3821 | Train Acc=0.7266 | Val Loss=0.2104 | Val Acc=0.7353 | Val F1=0.7604
2025-12-08 08:15:16,622 - INFO - 💾 保存最佳模型 (F1: 0.7604)
2025-12-08 08:16:47,908 - INFO - Epoch 3/50 [LR=0.000453]: Train Loss=0.2303 | Train Acc=0.7656 | Val Loss=0.1633 | Val Acc=0.7353 | Val F1=0.7604
2025-12-08 08:18:20,623 - INFO - Epoch 4/50 [LR=0.000398]: Train Loss=0.1937 | Train Acc=0.5859 | Val Loss=0.1589 | Val Acc=0.7353 | Val F1=0.7604
2025-12-08 08:19:55,232 - INFO - Epoch 5/50 [LR=0.000329]: Train Loss=0.1774 | Train Acc=0.7344 | Val Loss=0.1474 | Val Acc=0.7647 | Val F1=0.7833
2025-12-08 08:19:55,430 - INFO - 💾 保存最佳模型 (F1: 0.7833)
2025-12-08 08:21:27,739 - INFO - Epoch 6/50 [LR=0.000253]: Train Loss=0.1513 | Train Acc=0.7891 | Val Loss=0.1340 | Val Acc=0.7647 | Val F1=0.7833
2025-12-08 08:23:00,297 - INFO - Epoch 7/50 [LR=0.000176]: Train Loss=0.1279 | Train Acc=0.7734 | Val Loss=0.1265 | Val Acc=0.7647 | Val F1=0.7833
2025-12-08 08:24:30,878 - INFO - Epoch 8/50 [LR=0.000107]: Train Loss=0.1234 | Train Acc=0.7422 | Val Loss=0.1108 | Val Acc=0.8235 | Val F1=0.8301
2025-12-08 08:24:30,968 - INFO - 💾 保存最佳模型 (F1: 0.8301)
2025-12-08 08:26:02,479 - INFO - Epoch 9/50 [LR=0.000052]: Train Loss=0.1315 | Train Acc=0.8750 | Val Loss=0.0953 | Val Acc=0.8529 | Val F1=0.8543
2025-12-08 08:26:02,572 - INFO - 💾 保存最佳模型 (F1: 0.8543)
2025-12-08 08:27:34,516 - INFO - Epoch 10/50 [LR=0.000017]: Train Loss=0.2403 | Train Acc=0.8594 | Val Loss=0.0918 | Val Acc=0.8529 | Val F1=0.8543
2025-12-08 08:29:07,245 - INFO - Epoch 11/50 [LR=0.000500]: Train Loss=0.1757 | Train Acc=0.7578 | Val Loss=0.0813 | Val Acc=0.8529 | Val F1=0.8543
2025-12-08 08:30:42,749 - INFO - Epoch 12/50 [LR=0.000497]: Train Loss=0.1000 | Train Acc=0.8906 | Val Loss=0.0871 | Val Acc=0.8235 | Val F1=0.8194
2025-12-08 08:32:16,817 - INFO - Epoch 13/50 [LR=0.000488]: Train Loss=0.0834 | Train Acc=0.8828 | Val Loss=0.0908 | Val Acc=0.8235 | Val F1=0.8194
2025-12-08 08:33:50,277 - INFO - Epoch 14/50 [LR=0.000473]: Train Loss=0.1002 | Train Acc=0.8906 | Val Loss=0.0966 | Val Acc=0.7941 | Val F1=0.7961
2025-12-08 08:35:30,434 - INFO - Epoch 15/50 [LR=0.000453]: Train Loss=0.0637 | Train Acc=0.8828 | Val Loss=0.1097 | Val Acc=0.7941 | Val F1=0.7961
2025-12-08 08:37:02,406 - INFO - Epoch 16/50 [LR=0.000428]: Train Loss=0.1047 | Train Acc=0.7500 | Val Loss=0.1139 | Val Acc=0.8235 | Val F1=0.8194
2025-12-08 08:38:38,414 - INFO - Epoch 17/50 [LR=0.000398]: Train Loss=0.0766 | Train Acc=0.8672 | Val Loss=0.0979 | Val Acc=0.7941 | Val F1=0.7961
2025-12-08 08:40:12,744 - INFO - Epoch 18/50 [LR=0.000365]: Train Loss=0.0578 | Train Acc=0.6641 | Val Loss=0.0836 | Val Acc=0.8235 | Val F1=0.8194
2025-12-08 08:41:48,541 - INFO - Epoch 19/50 [LR=0.000329]: Train Loss=0.0592 | Train Acc=0.9219 | Val Loss=0.0803 | Val Acc=0.8235 | Val F1=0.8194
2025-12-08 08:43:21,905 - INFO - Epoch 20/50 [LR=0.000291]: Train Loss=0.0734 | Train Acc=0.9219 | Val Loss=0.0853 | Val Acc=0.8235 | Val F1=0.8194
2025-12-08 08:44:53,062 - INFO - Epoch 21/50 [LR=0.000253]: Train Loss=0.0934 | Train Acc=0.6797 | Val Loss=0.0911 | Val Acc=0.7941 | Val F1=0.7961
2025-12-08 08:46:25,673 - INFO - Epoch 22/50 [LR=0.000214]: Train Loss=0.1524 | Train Acc=0.7891 | Val Loss=0.0952 | Val Acc=0.7647 | Val F1=0.7734
2025-12-08 08:47:59,004 - INFO - Epoch 23/50 [LR=0.000176]: Train Loss=0.0809 | Train Acc=0.7578 | Val Loss=0.0916 | Val Acc=0.7353 | Val F1=0.7512
2025-12-08 08:49:34,444 - INFO - Epoch 24/50 [LR=0.000140]: Train Loss=0.0996 | Train Acc=0.7656 | Val Loss=0.0860 | Val Acc=0.7941 | Val F1=0.7961
2025-12-08 08:49:34,445 - INFO - 🛑 Early stopping at epoch 24
